#
# There is insufficient memory for the Java Runtime Environment to continue.
# Native memory allocation (malloc) failed to allocate 1071616 bytes for Chunk::new
# Possible reasons:
#   The system is out of physical RAM or swap space
#   In 32 bit mode, the process size limit was hit
# Possible solutions:
#   Reduce memory load on the system
#   Increase physical memory or swap space
#   Check if swap backing store is full
#   Use 64 bit Java on a 64 bit OS
#   Decrease Java heap size (-Xmx/-Xms)
#   Decrease number of Java threads
#   Decrease Java thread stack sizes (-Xss)
#   Set larger code cache with -XX:ReservedCodeCacheSize=
# This output file may be truncated or incomplete.
#
#  Out of Memory Error (allocation.cpp:390), pid=11652, tid=3160
#
# JRE version: Java(TM) SE Runtime Environment (8.0_72-b15) (build 1.8.0_72-b15)
# Java VM: Java HotSpot(TM) 64-Bit Server VM (25.72-b15 mixed mode windows-amd64 compressed oops)
# Failed to write core dump. Minidumps are not enabled by default on client versions of Windows
#

---------------  T H R E A D  ---------------

Current thread (0x0000000019e4c800):  JavaThread "C2 CompilerThread1" daemon [_thread_in_native, id=3160, stack(0x000000001a690000,0x000000001a790000)]

Stack: [0x000000001a690000,0x000000001a790000]
[error occurred during error reporting (printing stack bounds), id 0xc0000005]

Native frames: (J=compiled Java code, j=interpreted, Vv=VM code, C=native code)


Current CompileTask:
C2:   1794 1573   !   4       java.net.URL::<init> (543 bytes)


---------------  P R O C E S S  ---------------

Java Threads: ( => current thread )
  0x0000000019e94000 JavaThread "Service Thread" daemon [_thread_blocked, id=9920, stack(0x000000001a990000,0x000000001aa90000)]
  0x0000000019e5f000 JavaThread "C1 CompilerThread3" daemon [_thread_blocked, id=12680, stack(0x000000001a890000,0x000000001a990000)]
  0x0000000019e54000 JavaThread "C2 CompilerThread2" daemon [_thread_in_native, id=13992, stack(0x000000001a790000,0x000000001a890000)]
=>0x0000000019e4c800 JavaThread "C2 CompilerThread1" daemon [_thread_in_native, id=3160, stack(0x000000001a690000,0x000000001a790000)]
  0x0000000019e44000 JavaThread "C2 CompilerThread0" daemon [_thread_in_native, id=15040, stack(0x000000001a590000,0x000000001a690000)]
  0x0000000019e37800 JavaThread "Monitor Ctrl-Break" daemon [_thread_in_native, id=16172, stack(0x000000001a490000,0x000000001a590000)]
  0x0000000019e1b800 JavaThread "Attach Listener" daemon [_thread_blocked, id=19600, stack(0x000000001a390000,0x000000001a490000)]
  0x0000000019dc7000 JavaThread "Signal Dispatcher" daemon [_thread_blocked, id=20084, stack(0x000000001a290000,0x000000001a390000)]
  0x0000000003039000 JavaThread "Finalizer" daemon [_thread_blocked, id=6116, stack(0x000000001a190000,0x000000001a290000)]
  0x0000000017ead800 JavaThread "Reference Handler" daemon [_thread_blocked, id=22320, stack(0x0000000019c90000,0x0000000019d90000)]
  0x0000000002f3e800 JavaThread "main" [_thread_in_vm, id=16264, stack(0x0000000002850000,0x0000000002950000)]

Other Threads:
  0x0000000017ea9000 VMThread [stack: 0x0000000019b90000,0x0000000019c90000] [id=15688]
  0x0000000019f51000 WatcherThread [stack: 0x000000001aa90000,0x000000001ab90000] [id=3344]

VM state:not at safepoint (normal execution)

VM Mutex/Monitor currently owned by a thread: None

Heap:
 PSYoungGen      total 37888K, used 30843K [0x00000000d6800000, 0x00000000d9200000, 0x0000000100000000)
  eden space 32768K, 78% used [0x00000000d6800000,0x00000000d811ef68,0x00000000d8800000)
  from space 5120K, 99% used [0x00000000d8d00000,0x00000000d91ffe68,0x00000000d9200000)
  to   space 5120K, 0% used [0x00000000d8800000,0x00000000d8800000,0x00000000d8d00000)
 ParOldGen       total 86016K, used 1909K [0x0000000083800000, 0x0000000088c00000, 0x00000000d6800000)
  object space 86016K, 2% used [0x0000000083800000,0x00000000839dd4f8,0x0000000088c00000)
 Metaspace       used 14504K, capacity 14824K, committed 14976K, reserved 1062912K
  class space    used 1792K, capacity 1876K, committed 1920K, reserved 1048576K

Card table byte_map: [0x0000000012400000,0x00000000127f0000] byte_map_base: 0x0000000011fe4000

Marking Bits: (ParMarkBitMap*) 0x00000000763c0600
 Begin Bits: [0x0000000013290000, 0x00000000151b0000)
 End Bits:   [0x00000000151b0000, 0x00000000170d0000)

Polling page: 0x0000000000fd0000

CodeCache: size=245760Kb used=5513Kb max_used=5526Kb free=240246Kb
 bounds [0x0000000003040000, 0x00000000035b0000, 0x0000000012040000]
 total_blobs=1963 nmethods=1607 adapters=268
 compilation: enabled

Compilation events (10 events):
Event: 1.772 Thread 0x0000000019e54000 nmethod 1566% 0x00000000035a3bd0 code [0x00000000035a3f00, 0x00000000035a5640]
Event: 1.772 Thread 0x0000000019e54000 1593       4       java.nio.charset.CoderResult::isUnderflow (13 bytes)
Event: 1.772 Thread 0x0000000019e54000 nmethod 1593 0x000000000357fc10 code [0x000000000357fd40, 0x000000000357fdb8]
Event: 1.772 Thread 0x0000000019e54000 1589   !   4       java.net.URL::set (114 bytes)
Event: 1.773 Thread 0x0000000019e54000 nmethod 1589 0x00000000035a0550 code [0x00000000035a06a0, 0x00000000035a0978]
Event: 1.773 Thread 0x0000000019e54000 1605       4       java.nio.ByteBuffer::array (35 bytes)
Event: 1.774 Thread 0x0000000019e54000 nmethod 1605 0x0000000003581fd0 code [0x0000000003582100, 0x0000000003582198]
Event: 1.778 Thread 0x0000000019e54000 1606       4       java.util.jar.JarFile::getEntry (22 bytes)
Event: 1.788 Thread 0x0000000019e54000 nmethod 1606 0x00000000035a9cd0 code [0x00000000035a9f40, 0x00000000035aaf78]
Event: 1.788 Thread 0x0000000019e54000 1607   !   4       java.util.zip.ZipFile::getEntry (86 bytes)

GC Heap History (4 events):
Event: 1.311 GC heap before
{Heap before GC invocations=1 (full 0):
 PSYoungGen      total 37888K, used 32768K [0x00000000d6800000, 0x00000000d9200000, 0x0000000100000000)
  eden space 32768K, 100% used [0x00000000d6800000,0x00000000d8800000,0x00000000d8800000)
  from space 5120K, 0% used [0x00000000d8d00000,0x00000000d8d00000,0x00000000d9200000)
  to   space 5120K, 0% used [0x00000000d8800000,0x00000000d8800000,0x00000000d8d00000)
 ParOldGen       total 86016K, used 0K [0x0000000083800000, 0x0000000088c00000, 0x00000000d6800000)
  object space 86016K, 0% used [0x0000000083800000,0x0000000083800000,0x0000000088c00000)
 Metaspace       used 8793K, capacity 8892K, committed 9088K, reserved 1056768K
  class space    used 1050K, capacity 1112K, committed 1152K, reserved 1048576K
Event: 1.316 GC heap after
Heap after GC invocations=1 (full 0):
 PSYoungGen      total 37888K, used 5102K [0x00000000d6800000, 0x00000000d9200000, 0x0000000100000000)
  eden space 32768K, 0% used [0x00000000d6800000,0x00000000d6800000,0x00000000d8800000)
  from space 5120K, 99% used [0x00000000d8800000,0x00000000d8cfba98,0x00000000d8d00000)
  to   space 5120K, 0% used [0x00000000d8d00000,0x00000000d8d00000,0x00000000d9200000)
 ParOldGen       total 86016K, used 276K [0x0000000083800000, 0x0000000088c00000, 0x00000000d6800000)
  object space 86016K, 0% used [0x0000000083800000,0x0000000083845258,0x0000000088c00000)
 Metaspace       used 8793K, capacity 8892K, committed 9088K, reserved 1056768K
  class space    used 1050K, capacity 1112K, committed 1152K, reserved 1048576K
}
Event: 1.536 GC heap before
{Heap before GC invocations=2 (full 0):
 PSYoungGen      total 37888K, used 37870K [0x00000000d6800000, 0x00000000d9200000, 0x0000000100000000)
  eden space 32768K, 100% used [0x00000000d6800000,0x00000000d8800000,0x00000000d8800000)
  from space 5120K, 99% used [0x00000000d8800000,0x00000000d8cfba98,0x00000000d8d00000)
  to   space 5120K, 0% used [0x00000000d8d00000,0x00000000d8d00000,0x00000000d9200000)
 ParOldGen       total 86016K, used 276K [0x0000000083800000, 0x0000000088c00000, 0x00000000d6800000)
  object space 86016K, 0% used [0x0000000083800000,0x0000000083845258,0x0000000088c00000)
 Metaspace       used 11695K, capacity 11950K, committed 12032K, reserved 1060864K
  class space    used 1421K, capacity 1510K, committed 1536K, reserved 1048576K
Event: 1.541 GC heap after
Heap after GC invocations=2 (full 0):
 PSYoungGen      total 37888K, used 5119K [0x00000000d6800000, 0x00000000d9200000, 0x0000000100000000)
  eden space 32768K, 0% used [0x00000000d6800000,0x00000000d6800000,0x00000000d8800000)
  from space 5120K, 99% used [0x00000000d8d00000,0x00000000d91ffe68,0x00000000d9200000)
  to   space 5120K, 0% used [0x00000000d8800000,0x00000000d8800000,0x00000000d8d00000)
 ParOldGen       total 86016K, used 1909K [0x0000000083800000, 0x0000000088c00000, 0x00000000d6800000)
  object space 86016K, 2% used [0x0000000083800000,0x00000000839dd4f8,0x0000000088c00000)
 Metaspace       used 11695K, capacity 11950K, committed 12032K, reserved 1060864K
  class space    used 1421K, capacity 1510K, committed 1536K, reserved 1048576K
}

Deoptimization events (10 events):
Event: 1.639 Thread 0x0000000002f3e800 Uncommon trap: reason=bimorphic action=maybe_recompile pc=0x000000000338b1e8 method=java.util.HashMap.putVal(ILjava/lang/Object;Ljava/lang/Object;ZZ)Ljava/lang/Object; @ 203
Event: 1.639 Thread 0x0000000002f3e800 Uncommon trap: reason=bimorphic action=maybe_recompile pc=0x000000000338b1e8 method=java.util.HashMap.putVal(ILjava/lang/Object;Ljava/lang/Object;ZZ)Ljava/lang/Object; @ 203
Event: 1.689 Thread 0x0000000002f3e800 Uncommon trap: reason=unstable_if action=reinterpret pc=0x00000000034f1edc method=java.lang.ref.ReferenceQueue.poll()Ljava/lang/ref/Reference; @ 4
Event: 1.727 Thread 0x0000000002f3e800 Uncommon trap: reason=bimorphic action=maybe_recompile pc=0x000000000338b1e8 method=java.util.HashMap.putVal(ILjava/lang/Object;Ljava/lang/Object;ZZ)Ljava/lang/Object; @ 203
Event: 1.727 Thread 0x0000000002f3e800 Uncommon trap: reason=bimorphic action=maybe_recompile pc=0x000000000338b1e8 method=java.util.HashMap.putVal(ILjava/lang/Object;Ljava/lang/Object;ZZ)Ljava/lang/Object; @ 203
Event: 1.737 Thread 0x0000000002f3e800 Uncommon trap: reason=unstable_if action=reinterpret pc=0x000000000354d7d0 method=org.eclipse.sisu.inject.InjectorBindings.isAssignableFrom(Lcom/google/inject/TypeLiteral;Lcom/google/inject/Binding;)Z @ 14
Event: 1.737 Thread 0x0000000002f3e800 Uncommon trap: reason=null_check action=make_not_entrant pc=0x00000000031e11f8 method=java.lang.String.equals(Ljava/lang/Object;)Z @ 8
Event: 1.740 Thread 0x0000000002f3e800 Uncommon trap: reason=unstable_if action=reinterpret pc=0x0000000003253bb0 method=sun.misc.MetaIndex.mayContain(Ljava/lang/String;)Z @ 38
Event: 1.749 Thread 0x0000000002f3e800 Uncommon trap: reason=unstable_if action=reinterpret pc=0x0000000003309a24 method=sun.nio.cs.UTF_8$Decoder.decodeArrayLoop(Ljava/nio/ByteBuffer;Ljava/nio/CharBuffer;)Ljava/nio/charset/CoderResult; @ 84
Event: 1.758 Thread 0x0000000002f3e800 Uncommon trap: reason=unstable_if action=reinterpret pc=0x0000000003342970 method=org.codehaus.plexus.util.xml.pull.MXParser.nextImpl()I @ 1046

Internal exceptions (10 events):
Event: 1.255 Thread 0x0000000002f3e800 Exception <a 'java/lang/ArrayIndexOutOfBoundsException'> (0x00000000d80b6438) thrown at [C:\re\workspace\8-2-build-windows-amd64-cygwin\jdk8u72\5732\hotspot\src\share\vm\runtime\sharedRuntime.cpp, line 605]
Event: 1.256 Thread 0x0000000002f3e800 Exception <a 'java/lang/ArrayIndexOutOfBoundsException'> (0x00000000d80d35d8) thrown at [C:\re\workspace\8-2-build-windows-amd64-cygwin\jdk8u72\5732\hotspot\src\share\vm\runtime\sharedRuntime.cpp, line 605]
Event: 1.260 Thread 0x0000000002f3e800 Exception <a 'java/lang/ArrayIndexOutOfBoundsException'> (0x00000000d81171c0) thrown at [C:\re\workspace\8-2-build-windows-amd64-cygwin\jdk8u72\5732\hotspot\src\share\vm\runtime\sharedRuntime.cpp, line 605]
Event: 1.329 Thread 0x0000000002f3e800 Exception <a 'java/lang/ArrayIndexOutOfBoundsException'> (0x00000000d6b30d68) thrown at [C:\re\workspace\8-2-build-windows-amd64-cygwin\jdk8u72\5732\hotspot\src\share\vm\runtime\sharedRuntime.cpp, line 605]
Event: 1.329 Thread 0x0000000002f3e800 Exception <a 'java/lang/ArrayIndexOutOfBoundsException'> (0x00000000d6b356a0) thrown at [C:\re\workspace\8-2-build-windows-amd64-cygwin\jdk8u72\5732\hotspot\src\share\vm\runtime\sharedRuntime.cpp, line 605]
Event: 1.361 Thread 0x0000000002f3e800 Exception <a 'java/lang/ArrayIndexOutOfBoundsException': 66> (0x00000000d6e8ae48) thrown at [C:\re\workspace\8-2-build-windows-amd64-cygwin\jdk8u72\5732\hotspot\src\share\vm\interpreter\interpreterRuntime.cpp, line 366]
Event: 1.686 Thread 0x0000000002f3e800 Exception <a 'java/lang/NoClassDefFoundError': com/google/inject/servlet/ServletModuleTargetVisitor> (0x00000000d7810878) thrown at [C:\re\workspace\8-2-build-windows-amd64-cygwin\jdk8u72\5732\hotspot\src\share\vm\classfile\systemDictionary.cpp, line 199]
Event: 1.686 Thread 0x0000000002f3e800 Exception <a 'java/lang/NoClassDefFoundError'> (0x00000000d7810878) thrown at [C:\re\workspace\8-2-build-windows-amd64-cygwin\jdk8u72\5732\hotspot\src\share\vm\prims\jvm.cpp, line 1390]
Event: 1.686 Thread 0x0000000002f3e800 Exception <a 'java/lang/NoClassDefFoundError': javax/annotation/Priority> (0x00000000d7815230) thrown at [C:\re\workspace\8-2-build-windows-amd64-cygwin\jdk8u72\5732\hotspot\src\share\vm\classfile\systemDictionary.cpp, line 199]
Event: 1.737 Thread 0x0000000002f3e800 Implicit null exception at 0x00000000031e1018 to 0x00000000031e11e9

Events (10 events):
Event: 1.791 loading class org/apache/maven/settings/crypto/DefaultSettingsDecryptionRequest
Event: 1.791 loading class org/apache/maven/settings/crypto/DefaultSettingsDecryptionRequest done
Event: 1.791 loading class org/apache/maven/settings/crypto/DefaultSettingsDecryptionResult
Event: 1.791 loading class org/apache/maven/settings/crypto/DefaultSettingsDecryptionResult done
Event: 1.791 loading class org/eclipse/aether/util/repository/DefaultMirrorSelector
Event: 1.791 loading class org/eclipse/aether/util/repository/DefaultMirrorSelector done
Event: 1.792 loading class org/eclipse/aether/util/repository/DefaultMirrorSelector$MirrorDef
Event: 1.792 loading class org/eclipse/aether/util/repository/DefaultMirrorSelector$MirrorDef done
Event: 1.792 loading class org/eclipse/aether/util/repository/DefaultProxySelector
Event: 1.792 loading class org/eclipse/aether/util/repository/DefaultProxySelector done


Dynamic libraries:
0x00007ff683c60000 - 0x00007ff683c97000 	C:\Program Files\Java\jdk1.8.0_72\bin\java.exe
0x00007ffa25650000 - 0x00007ffa25845000 	C:\WINDOWS\SYSTEM32\ntdll.dll
0x00007ffa24a80000 - 0x00007ffa24b3e000 	C:\WINDOWS\System32\KERNEL32.DLL
0x00007ffa23250000 - 0x00007ffa23518000 	C:\WINDOWS\System32\KERNELBASE.dll
0x00007ffa24c60000 - 0x00007ffa24d0e000 	C:\WINDOWS\System32\ADVAPI32.dll
0x00007ffa23800000 - 0x00007ffa2389e000 	C:\WINDOWS\System32\msvcrt.dll
0x00007ffa236e0000 - 0x00007ffa2377c000 	C:\WINDOWS\System32\sechost.dll
0x00007ffa238c0000 - 0x00007ffa239e5000 	C:\WINDOWS\System32\RPCRT4.dll
0x00007ffa248b0000 - 0x00007ffa24a50000 	C:\WINDOWS\System32\USER32.dll
0x00007ffa23180000 - 0x00007ffa231a2000 	C:\WINDOWS\System32\win32u.dll
0x00007ffa236b0000 - 0x00007ffa236db000 	C:\WINDOWS\System32\GDI32.dll
0x00007ffa23520000 - 0x00007ffa2362d000 	C:\WINDOWS\System32\gdi32full.dll
0x00007ffa231b0000 - 0x00007ffa2324d000 	C:\WINDOWS\System32\msvcp_win.dll
0x00007ffa22e20000 - 0x00007ffa22f20000 	C:\WINDOWS\System32\ucrtbase.dll
0x00007ffa06810000 - 0x00007ffa06aaa000 	C:\WINDOWS\WinSxS\amd64_microsoft.windows.common-controls_6595b64144ccf1df_6.0.19041.1110_none_60b5254171f9507e\COMCTL32.dll
0x00007ffa24a50000 - 0x00007ffa24a80000 	C:\WINDOWS\System32\IMM32.DLL
0x0000000076440000 - 0x0000000076512000 	C:\Program Files\Java\jdk1.8.0_72\jre\bin\msvcr100.dll
0x0000000075bb0000 - 0x0000000076440000 	C:\Program Files\Java\jdk1.8.0_72\jre\bin\server\jvm.dll
0x00007ffa236a0000 - 0x00007ffa236a8000 	C:\WINDOWS\System32\PSAPI.DLL
0x00007ffa18a70000 - 0x00007ffa18a79000 	C:\WINDOWS\SYSTEM32\WSOCK32.dll
0x00007ffa11190000 - 0x00007ffa1119a000 	C:\WINDOWS\SYSTEM32\VERSION.dll
0x00007ffa08090000 - 0x00007ffa080b7000 	C:\WINDOWS\SYSTEM32\WINMM.dll
0x00007ffa254b0000 - 0x00007ffa2551b000 	C:\WINDOWS\System32\WS2_32.dll
0x00000000771e0000 - 0x00000000771ef000 	C:\Program Files\Java\jdk1.8.0_72\jre\bin\verify.dll
0x0000000076bb0000 - 0x0000000076bd9000 	C:\Program Files\Java\jdk1.8.0_72\jre\bin\java.dll
0x0000000075b80000 - 0x0000000075ba3000 	C:\Program Files\Java\jdk1.8.0_72\jre\bin\instrument.dll
0x0000000075b60000 - 0x0000000075b76000 	C:\Program Files\Java\jdk1.8.0_72\jre\bin\zip.dll
0x00007ffa24160000 - 0x00007ffa248a4000 	C:\WINDOWS\System32\SHELL32.dll
0x00007ffa20a90000 - 0x00007ffa21224000 	C:\WINDOWS\SYSTEM32\windows.storage.dll
0x00007ffa239f0000 - 0x00007ffa23d45000 	C:\WINDOWS\System32\combase.dll
0x00007ffa227b0000 - 0x00007ffa227de000 	C:\WINDOWS\SYSTEM32\Wldp.dll
0x00007ffa24bb0000 - 0x00007ffa24c5d000 	C:\WINDOWS\System32\SHCORE.dll
0x00007ffa24d10000 - 0x00007ffa24d65000 	C:\WINDOWS\System32\shlwapi.dll
0x00007ffa22ca0000 - 0x00007ffa22cbf000 	C:\WINDOWS\SYSTEM32\profapi.dll
0x00007ffa09680000 - 0x00007ffa0969a000 	D:\IntelliJ IDEA 2020.3.3\bin\breakgen64.dll
0x0000000075b40000 - 0x0000000075b5a000 	C:\Program Files\Java\jdk1.8.0_72\jre\bin\net.dll
0x00007ffa22510000 - 0x00007ffa2257a000 	C:\WINDOWS\system32\mswsock.dll
0x00007ffa22710000 - 0x00007ffa22728000 	C:\WINDOWS\SYSTEM32\CRYPTSP.dll
0x00007ffa21e20000 - 0x00007ffa21e54000 	C:\WINDOWS\system32\rsaenh.dll
0x00007ffa22d60000 - 0x00007ffa22d87000 	C:\WINDOWS\System32\bcrypt.dll
0x00007ffa22c20000 - 0x00007ffa22c4e000 	C:\WINDOWS\SYSTEM32\USERENV.dll
0x00007ffa22d90000 - 0x00007ffa22e12000 	C:\WINDOWS\System32\bcryptprimitives.dll
0x00007ffa22700000 - 0x00007ffa2270c000 	C:\WINDOWS\SYSTEM32\CRYPTBASE.dll
0x00007ffa221b0000 - 0x00007ffa221eb000 	C:\WINDOWS\SYSTEM32\IPHLPAPI.DLL
0x00007ffa24ba0000 - 0x00007ffa24ba8000 	C:\WINDOWS\System32\NSI.dll
0x00007ffa11410000 - 0x00007ffa11427000 	C:\WINDOWS\SYSTEM32\dhcpcsvc6.DLL
0x00007ffa113f0000 - 0x00007ffa1140d000 	C:\WINDOWS\SYSTEM32\dhcpcsvc.DLL
0x00007ffa22200000 - 0x00007ffa222cb000 	C:\WINDOWS\SYSTEM32\DNSAPI.dll
0x0000000075b20000 - 0x0000000075b31000 	C:\Program Files\Java\jdk1.8.0_72\jre\bin\nio.dll
0x00007ffa1f840000 - 0x00007ffa1f84a000 	C:\Users\hp\AppData\Local\Temp\jansi-1.17.1-1287923608215583683.dll
0x00007ffa1f7f0000 - 0x00007ffa1f7fa000 	C:\Users\hp\AppData\Local\Temp\jansi-1.17.1-6965555592985469228.dll

VM Arguments:
jvm_args: -Dmaven.multiModuleProjectDirectory=D:\itripbackend -Dmaven.home=D:\Maven\apache-maven-3.6.3 -Dclassworlds.conf=D:\Maven\apache-maven-3.6.3\bin\m2.conf -Dmaven.ext.class.path=D:\IntelliJ IDEA 2020.3.3\plugins\maven\lib\maven-event-listener.jar -javaagent:D:\IntelliJ IDEA 2020.3.3\lib\idea_rt.jar=1100:D:\IntelliJ IDEA 2020.3.3\bin -Dfile.encoding=UTF-8 
java_command: org.codehaus.classworlds.Launcher -Didea.version=2020.3.3 -s D:\Maven\apache-maven-3.6.3\conf\settings.xml -Dmaven.repo.local=D:\Maven\maven-data install
java_class_path (initial): D:\Maven\apache-maven-3.6.3\boot\plexus-classworlds-2.6.0.jar;D:\Maven\apache-maven-3.6.3\boot\plexus-classworlds.license;D:\IntelliJ IDEA 2020.3.3\lib\idea_rt.jar
Launcher Type: SUN_STANDARD

Environment Variables:
JAVA_HOME=C:\Program Files\Java\jdk1.8.0_72
PATH=D:\VM16\bin\;D:\xshell\;C:\ProgramData\Oracle\Java\javapath;C:\windows\system32;C:\windows;C:\windows\System32\Wbem;C:\windows\System32\WindowsPowerShell\v1.0\;C:\windows\System32\OpenSSH\;C:\Program Files (x86)\NVIDIA Corporation\PhysX\Common;C:\Program Files\NVIDIA Corporation\NVIDIA NvDLISR;C:\Program Files\Java\jdk1.8.0_72\bin;C:\Program Files\Java\jdk1.8.0_72\jre\bin;C:\Program Files\Microsoft\Web Platform Installer\;C:\Program Files (x86)\Microsoft ASP.NET\ASP.NET Web Pages\v1.0\;C:\Program Files (x86)\Windows Kits\8.0\Windows Performance Toolkit\;C:\Program Files\Microsoft SQL Server\110\Tools\Binn\;C:\Program Files (x86)\Microsoft SQL Server\100\Tools\Binn\;C:\Program Files\Microsoft SQL Server\100\Tools\Binn\;C:\Program Files\Microsoft SQL Server\100\DTS\Binn\;C:\Program Files (x86)\Microsoft SQL Server\100\Tools\Binn\VSShell\Common7\IDE\;C:\Program Files (x86)\Microsoft Visual Studio 9.0\Common7\IDE\PrivateAssemblies\;C:\Program Files (x86)\Microsoft SQL Server\100\DTS\Binn\;C:\Program Files\MySQL\MySQL Server 5.7\bin;C:\WINDOWS\system32;C:\WINDOWS;C:\WINDOWS\System32\Wbem;C:\WINDOWS\System32\WindowsPowerShell\v1.0\;C:\WINDOWS\System32\OpenSSH\;D:\Maven\apache-maven-3.6.3\bin;D:\svn\bin;C:\Users\hp\AppData\Local\Microsoft\WindowsApps;;D:\IntelliJ IDEA 2020.3.3\bin;
USERNAME=hp
OS=Windows_NT
PROCESSOR_IDENTIFIER=Intel64 Family 6 Model 165 Stepping 2, GenuineIntel



---------------  S Y S T E M  ---------------

OS: Windows 10.0 , 64 bit Build 19041 (10.0.19041.1503)

CPU:total 8 (4 cores per cpu, 2 threads per core) family 6 model 165 stepping 2, cmov, cx8, fxsr, mmx, sse, sse2, sse3, ssse3, sse4.1, sse4.2, popcnt, avx, avx2, aes, clmul, erms, 3dnowpref, lzcnt, ht, tsc, tscinvbit, bmi1, bmi2, adx

Memory: 4k page, physical 8154792k(1420432k free), swap 14446248k(5836k free)

vm_info: Java HotSpot(TM) 64-Bit Server VM (25.72-b15) for windows-amd64 JRE (1.8.0_72-b15), built on Dec 22 2015 19:16:16 by "java_re" with MS VC++ 10.0 (VS2010)

time: Thu Mar 10 15:27:45 2022
elapsed time: 1 seconds (0d 0h 0m 1s)

