#
# There is insufficient memory for the Java Runtime Environment to continue.
# Native memory allocation (malloc) failed to allocate 1858336 bytes for Chunk::new
# Possible reasons:
#   The system is out of physical RAM or swap space
#   In 32 bit mode, the process size limit was hit
# Possible solutions:
#   Reduce memory load on the system
#   Increase physical memory or swap space
#   Check if swap backing store is full
#   Use 64 bit Java on a 64 bit OS
#   Decrease Java heap size (-Xmx/-Xms)
#   Decrease number of Java threads
#   Decrease Java thread stack sizes (-Xss)
#   Set larger code cache with -XX:ReservedCodeCacheSize=
# This output file may be truncated or incomplete.
#
#  Out of Memory Error (allocation.cpp:390), pid=6972, tid=18104
#
# JRE version: Java(TM) SE Runtime Environment (8.0_72-b15) (build 1.8.0_72-b15)
# Java VM: Java HotSpot(TM) 64-Bit Server VM (25.72-b15 mixed mode windows-amd64 compressed oops)
# Failed to write core dump. Minidumps are not enabled by default on client versions of Windows
#

---------------  T H R E A D  ---------------

Current thread (0x0000000019c43800):  JavaThread "C2 CompilerThread2" daemon [_thread_in_native, id=18104, stack(0x000000001a600000,0x000000001a700000)]

Stack: [0x000000001a600000,0x000000001a700000]
[error occurred during error reporting (printing stack bounds), id 0xc0000005]

Native frames: (J=compiled Java code, j=interpreted, Vv=VM code, C=native code)


Current CompileTask:
C2:   3948 3563   !   4       com.google.inject.spi.InjectionPoint::getInjectionPoints (489 bytes)


---------------  P R O C E S S  ---------------

Java Threads: ( => current thread )
  0x0000000019cd9000 JavaThread "Service Thread" daemon [_thread_blocked, id=2656, stack(0x000000001a800000,0x000000001a900000)]
  0x0000000019c52800 JavaThread "C1 CompilerThread3" daemon [_thread_blocked, id=17908, stack(0x000000001a700000,0x000000001a800000)]
=>0x0000000019c43800 JavaThread "C2 CompilerThread2" daemon [_thread_in_native, id=18104, stack(0x000000001a600000,0x000000001a700000)]
  0x0000000019c3d800 JavaThread "C2 CompilerThread1" daemon [_thread_in_native, id=20628, stack(0x000000001a500000,0x000000001a600000)]
  0x0000000019c35000 JavaThread "C2 CompilerThread0" daemon [_thread_in_native, id=17708, stack(0x000000001a400000,0x000000001a500000)]
  0x0000000019c31000 JavaThread "Monitor Ctrl-Break" daemon [_thread_in_native, id=2132, stack(0x000000001a300000,0x000000001a400000)]
  0x0000000019c0c800 JavaThread "Attach Listener" daemon [_thread_blocked, id=19300, stack(0x000000001a1f0000,0x000000001a2f0000)]
  0x0000000019bb7800 JavaThread "Signal Dispatcher" daemon [_thread_blocked, id=16416, stack(0x000000001a0f0000,0x000000001a1f0000)]
  0x0000000019ba0800 JavaThread "Finalizer" daemon [_thread_blocked, id=21956, stack(0x0000000019f80000,0x000000001a080000)]
  0x0000000017c8d800 JavaThread "Reference Handler" daemon [_thread_blocked, id=8028, stack(0x0000000019a80000,0x0000000019b80000)]
  0x0000000002c1e800 JavaThread "main" [_thread_in_native, id=12020, stack(0x0000000002a60000,0x0000000002b60000)]

Other Threads:
  0x0000000017c89000 VMThread [stack: 0x0000000019980000,0x0000000019a80000] [id=11072]
  0x0000000019d0b000 WatcherThread [stack: 0x000000001a900000,0x000000001aa00000] [id=12584]

VM state:not at safepoint (normal execution)

VM Mutex/Monitor currently owned by a thread: None

Heap:
 PSYoungGen      total 70656K, used 47938K [0x00000000d6800000, 0x00000000dfb00000, 0x0000000100000000)
  eden space 65536K, 65% used [0x00000000d6800000,0x00000000d91d6840,0x00000000da800000)
  from space 5120K, 99% used [0x00000000da800000,0x00000000dacfa040,0x00000000dad00000)
  to   space 9728K, 0% used [0x00000000df180000,0x00000000df180000,0x00000000dfb00000)
 ParOldGen       total 86016K, used 10712K [0x0000000083800000, 0x0000000088c00000, 0x00000000d6800000)
  object space 86016K, 12% used [0x0000000083800000,0x0000000084276130,0x0000000088c00000)
 Metaspace       used 19402K, capacity 20092K, committed 20352K, reserved 1067008K
  class space    used 2233K, capacity 2408K, committed 2432K, reserved 1048576K

Card table byte_map: [0x00000000121e0000,0x00000000125d0000] byte_map_base: 0x0000000011dc4000

Marking Bits: (ParMarkBitMap*) 0x00000000763c0600
 Begin Bits: [0x0000000013070000, 0x0000000014f90000)
 End Bits:   [0x0000000014f90000, 0x0000000016eb0000)

Polling page: 0x0000000002b60000

CodeCache: size=245760Kb used=13172Kb max_used=13172Kb free=232587Kb
 bounds [0x0000000002e20000, 0x0000000003b10000, 0x0000000011e20000]
 total_blobs=4131 nmethods=3746 adapters=297
 compilation: enabled

Compilation events (10 events):
Event: 3.909 Thread 0x0000000019c52800 3754       3       java.lang.Integer::toString (48 bytes)
Event: 3.909 Thread 0x0000000019c52800 nmethod 3754 0x0000000003b07550 code [0x0000000003b07720, 0x0000000003b07d68]
Event: 3.911 Thread 0x0000000019c52800 3755       3       java.lang.InheritableThreadLocal::getMap (5 bytes)
Event: 3.912 Thread 0x0000000019c52800 nmethod 3755 0x0000000003b08110 code [0x0000000003b08260, 0x0000000003b083b0]
Event: 3.916 Thread 0x0000000019c52800 3756       3       org.codehaus.plexus.util.AbstractScanner::isExcluded (38 bytes)
Event: 3.916 Thread 0x0000000019c52800 nmethod 3756 0x0000000003b08450 code [0x0000000003b085e0, 0x0000000003b08908]
Event: 3.919 Thread 0x0000000019c52800 3758       1       org.codehaus.plexus.util.DirectoryScanner::isSelected (2 bytes)
Event: 3.919 Thread 0x0000000019c52800 nmethod 3758 0x0000000003b08a50 code [0x0000000003b08ba0, 0x0000000003b08cb0]
Event: 3.933 Thread 0x0000000019c52800 3759       1       org.codehaus.plexus.components.io.resources.AbstractPlexusIoResourceCollection::getFileSelectors (5 bytes)
Event: 3.933 Thread 0x0000000019c52800 nmethod 3759 0x0000000003b08d10 code [0x0000000003b08e60, 0x0000000003b08f70]

GC Heap History (10 events):
Event: 1.219 GC heap before
{Heap before GC invocations=1 (full 0):
 PSYoungGen      total 37888K, used 32768K [0x00000000d6800000, 0x00000000d9200000, 0x0000000100000000)
  eden space 32768K, 100% used [0x00000000d6800000,0x00000000d8800000,0x00000000d8800000)
  from space 5120K, 0% used [0x00000000d8d00000,0x00000000d8d00000,0x00000000d9200000)
  to   space 5120K, 0% used [0x00000000d8800000,0x00000000d8800000,0x00000000d8d00000)
 ParOldGen       total 86016K, used 0K [0x0000000083800000, 0x0000000088c00000, 0x00000000d6800000)
  object space 86016K, 0% used [0x0000000083800000,0x0000000083800000,0x0000000088c00000)
 Metaspace       used 8828K, capacity 8952K, committed 9088K, reserved 1056768K
  class space    used 1052K, capacity 1112K, committed 1152K, reserved 1048576K
Event: 1.223 GC heap after
Heap after GC invocations=1 (full 0):
 PSYoungGen      total 37888K, used 5117K [0x00000000d6800000, 0x00000000d9200000, 0x0000000100000000)
  eden space 32768K, 0% used [0x00000000d6800000,0x00000000d6800000,0x00000000d8800000)
  from space 5120K, 99% used [0x00000000d8800000,0x00000000d8cff450,0x00000000d8d00000)
  to   space 5120K, 0% used [0x00000000d8d00000,0x00000000d8d00000,0x00000000d9200000)
 ParOldGen       total 86016K, used 276K [0x0000000083800000, 0x0000000088c00000, 0x00000000d6800000)
  object space 86016K, 0% used [0x0000000083800000,0x00000000838453a8,0x0000000088c00000)
 Metaspace       used 8828K, capacity 8952K, committed 9088K, reserved 1056768K
  class space    used 1052K, capacity 1112K, committed 1152K, reserved 1048576K
}
Event: 1.452 GC heap before
{Heap before GC invocations=2 (full 0):
 PSYoungGen      total 37888K, used 37885K [0x00000000d6800000, 0x00000000d9200000, 0x0000000100000000)
  eden space 32768K, 100% used [0x00000000d6800000,0x00000000d8800000,0x00000000d8800000)
  from space 5120K, 99% used [0x00000000d8800000,0x00000000d8cff450,0x00000000d8d00000)
  to   space 5120K, 0% used [0x00000000d8d00000,0x00000000d8d00000,0x00000000d9200000)
 ParOldGen       total 86016K, used 276K [0x0000000083800000, 0x0000000088c00000, 0x00000000d6800000)
  object space 86016K, 0% used [0x0000000083800000,0x00000000838453a8,0x0000000088c00000)
 Metaspace       used 11767K, capacity 12010K, committed 12288K, reserved 1060864K
  class space    used 1424K, capacity 1510K, committed 1536K, reserved 1048576K
Event: 1.457 GC heap after
Heap after GC invocations=2 (full 0):
 PSYoungGen      total 37888K, used 5103K [0x00000000d6800000, 0x00000000db200000, 0x0000000100000000)
  eden space 32768K, 0% used [0x00000000d6800000,0x00000000d6800000,0x00000000d8800000)
  from space 5120K, 99% used [0x00000000d8d00000,0x00000000d91fbe78,0x00000000d9200000)
  to   space 5120K, 0% used [0x00000000d8800000,0x00000000d8800000,0x00000000d8d00000)
 ParOldGen       total 86016K, used 2008K [0x0000000083800000, 0x0000000088c00000, 0x00000000d6800000)
  object space 86016K, 2% used [0x0000000083800000,0x00000000839f63d8,0x0000000088c00000)
 Metaspace       used 11767K, capacity 12010K, committed 12288K, reserved 1060864K
  class space    used 1424K, capacity 1510K, committed 1536K, reserved 1048576K
}
Event: 1.808 GC heap before
{Heap before GC invocations=3 (full 0):
 PSYoungGen      total 37888K, used 37871K [0x00000000d6800000, 0x00000000db200000, 0x0000000100000000)
  eden space 32768K, 100% used [0x00000000d6800000,0x00000000d8800000,0x00000000d8800000)
  from space 5120K, 99% used [0x00000000d8d00000,0x00000000d91fbe78,0x00000000d9200000)
  to   space 5120K, 0% used [0x00000000d8800000,0x00000000d8800000,0x00000000d8d00000)
 ParOldGen       total 86016K, used 2008K [0x0000000083800000, 0x0000000088c00000, 0x00000000d6800000)
  object space 86016K, 2% used [0x0000000083800000,0x00000000839f63d8,0x0000000088c00000)
 Metaspace       used 15428K, capacity 15730K, committed 16128K, reserved 1062912K
  class space    used 1870K, capacity 1944K, committed 2048K, reserved 1048576K
Event: 1.817 GC heap after
Heap after GC invocations=3 (full 0):
 PSYoungGen      total 37888K, used 5112K [0x00000000d6800000, 0x00000000db200000, 0x0000000100000000)
  eden space 32768K, 0% used [0x00000000d6800000,0x00000000d6800000,0x00000000d8800000)
  from space 5120K, 99% used [0x00000000d8800000,0x00000000d8cfe050,0x00000000d8d00000)
  to   space 5120K, 0% used [0x00000000dad00000,0x00000000dad00000,0x00000000db200000)
 ParOldGen       total 86016K, used 4397K [0x0000000083800000, 0x0000000088c00000, 0x00000000d6800000)
  object space 86016K, 5% used [0x0000000083800000,0x0000000083c4b4b0,0x0000000088c00000)
 Metaspace       used 15428K, capacity 15730K, committed 16128K, reserved 1062912K
  class space    used 1870K, capacity 1944K, committed 2048K, reserved 1048576K
}
Event: 2.358 GC heap before
{Heap before GC invocations=4 (full 0):
 PSYoungGen      total 37888K, used 37880K [0x00000000d6800000, 0x00000000db200000, 0x0000000100000000)
  eden space 32768K, 100% used [0x00000000d6800000,0x00000000d8800000,0x00000000d8800000)
  from space 5120K, 99% used [0x00000000d8800000,0x00000000d8cfe050,0x00000000d8d00000)
  to   space 5120K, 0% used [0x00000000dad00000,0x00000000dad00000,0x00000000db200000)
 ParOldGen       total 86016K, used 4397K [0x0000000083800000, 0x0000000088c00000, 0x00000000d6800000)
  object space 86016K, 5% used [0x0000000083800000,0x0000000083c4b4b0,0x0000000088c00000)
 Metaspace       used 16860K, capacity 17142K, committed 17280K, reserved 1064960K
  class space    used 2010K, capacity 2114K, committed 2176K, reserved 1048576K
Event: 2.371 GC heap after
Heap after GC invocations=4 (full 0):
 PSYoungGen      total 70656K, used 5112K [0x00000000d6800000, 0x00000000db200000, 0x0000000100000000)
  eden space 65536K, 0% used [0x00000000d6800000,0x00000000d6800000,0x00000000da800000)
  from space 5120K, 99% used [0x00000000dad00000,0x00000000db1fe010,0x00000000db200000)
  to   space 5120K, 0% used [0x00000000da800000,0x00000000da800000,0x00000000dad00000)
 ParOldGen       total 86016K, used 7424K [0x0000000083800000, 0x0000000088c00000, 0x00000000d6800000)
  object space 86016K, 8% used [0x0000000083800000,0x0000000083f40238,0x0000000088c00000)
 Metaspace       used 16860K, capacity 17142K, committed 17280K, reserved 1064960K
  class space    used 2010K, capacity 2114K, committed 2176K, reserved 1048576K
}
Event: 3.225 GC heap before
{Heap before GC invocations=5 (full 0):
 PSYoungGen      total 70656K, used 70648K [0x00000000d6800000, 0x00000000db200000, 0x0000000100000000)
  eden space 65536K, 100% used [0x00000000d6800000,0x00000000da800000,0x00000000da800000)
  from space 5120K, 99% used [0x00000000dad00000,0x00000000db1fe010,0x00000000db200000)
  to   space 5120K, 0% used [0x00000000da800000,0x00000000da800000,0x00000000dad00000)
 ParOldGen       total 86016K, used 7424K [0x0000000083800000, 0x0000000088c00000, 0x00000000d6800000)
  object space 86016K, 8% used [0x0000000083800000,0x0000000083f40238,0x0000000088c00000)
 Metaspace       used 18049K, capacity 18568K, committed 18944K, reserved 1067008K
  class space    used 2071K, capacity 2227K, committed 2304K, reserved 1048576K
Event: 3.235 GC heap after
Heap after GC invocations=5 (full 0):
 PSYoungGen      total 70656K, used 5096K [0x00000000d6800000, 0x00000000dfb00000, 0x0000000100000000)
  eden space 65536K, 0% used [0x00000000d6800000,0x00000000d6800000,0x00000000da800000)
  from space 5120K, 99% used [0x00000000da800000,0x00000000dacfa040,0x00000000dad00000)
  to   space 9728K, 0% used [0x00000000df180000,0x00000000df180000,0x00000000dfb00000)
 ParOldGen       total 86016K, used 10712K [0x0000000083800000, 0x0000000088c00000, 0x00000000d6800000)
  object space 86016K, 12% used [0x0000000083800000,0x0000000084276130,0x0000000088c00000)
 Metaspace       used 18049K, capacity 18568K, committed 18944K, reserved 1067008K
  class space    used 2071K, capacity 2227K, committed 2304K, reserved 1048576K
}

Deoptimization events (10 events):
Event: 3.568 Thread 0x0000000002c1e800 Uncommon trap: reason=class_check action=maybe_recompile pc=0x0000000003517218 method=java.util.Hashtable.addEntry(ILjava/lang/Object;Ljava/lang/Object;I)V @ 38
Event: 3.576 Thread 0x0000000002c1e800 Uncommon trap: reason=class_check action=maybe_recompile pc=0x0000000003517218 method=java.util.Hashtable.addEntry(ILjava/lang/Object;Ljava/lang/Object;I)V @ 38
Event: 3.590 Thread 0x0000000002c1e800 Uncommon trap: reason=class_check action=maybe_recompile pc=0x0000000003655e88 method=java.util.Hashtable.get(Ljava/lang/Object;)Ljava/lang/Object; @ 6
Event: 3.590 Thread 0x0000000002c1e800 Uncommon trap: reason=class_check action=maybe_recompile pc=0x0000000003655e88 method=java.util.Hashtable.get(Ljava/lang/Object;)Ljava/lang/Object; @ 6
Event: 3.591 Thread 0x0000000002c1e800 Uncommon trap: reason=class_check action=maybe_recompile pc=0x0000000003655e88 method=java.util.Hashtable.get(Ljava/lang/Object;)Ljava/lang/Object; @ 6
Event: 3.591 Thread 0x0000000002c1e800 Uncommon trap: reason=class_check action=maybe_recompile pc=0x0000000003655e88 method=java.util.Hashtable.get(Ljava/lang/Object;)Ljava/lang/Object; @ 6
Event: 3.610 Thread 0x0000000002c1e800 Uncommon trap: reason=speculate_class_check action=maybe_recompile pc=0x00000000034ac0e8 method=java.nio.charset.CharsetEncoder.encode(Ljava/nio/CharBuffer;Ljava/nio/ByteBuffer;Z)Ljava/nio/charset/CoderResult; @ 57
Event: 3.614 Thread 0x0000000002c1e800 Uncommon trap: reason=speculate_class_check action=maybe_recompile pc=0x00000000034ac0e8 method=java.nio.charset.CharsetEncoder.encode(Ljava/nio/CharBuffer;Ljava/nio/ByteBuffer;Z)Ljava/nio/charset/CoderResult; @ 57
Event: 3.788 Thread 0x0000000002c1e800 Uncommon trap: reason=speculate_class_check action=maybe_recompile pc=0x00000000034ac0e8 method=java.nio.charset.CharsetEncoder.encode(Ljava/nio/CharBuffer;Ljava/nio/ByteBuffer;Z)Ljava/nio/charset/CoderResult; @ 57
Event: 3.792 Thread 0x0000000002c1e800 Uncommon trap: reason=speculate_class_check action=maybe_recompile pc=0x00000000034b7368 method=java.nio.charset.CharsetEncoder.encode(Ljava/nio/CharBuffer;Ljava/nio/ByteBuffer;Z)Ljava/nio/charset/CoderResult; @ 57

Internal exceptions (10 events):
Event: 1.240 Thread 0x0000000002c1e800 Exception <a 'java/lang/ArrayIndexOutOfBoundsException'> (0x00000000d6b05440) thrown at [C:\re\workspace\8-2-build-windows-amd64-cygwin\jdk8u72\5732\hotspot\src\share\vm\runtime\sharedRuntime.cpp, line 605]
Event: 1.274 Thread 0x0000000002c1e800 Exception <a 'java/lang/ArrayIndexOutOfBoundsException': 66> (0x00000000d6e59b90) thrown at [C:\re\workspace\8-2-build-windows-amd64-cygwin\jdk8u72\5732\hotspot\src\share\vm\interpreter\interpreterRuntime.cpp, line 366]
Event: 1.592 Thread 0x0000000002c1e800 Exception <a 'java/lang/NoClassDefFoundError': com/google/inject/servlet/ServletModuleTargetVisitor> (0x00000000d77e5658) thrown at [C:\re\workspace\8-2-build-windows-amd64-cygwin\jdk8u72\5732\hotspot\src\share\vm\classfile\systemDictionary.cpp, line 199]
Event: 1.592 Thread 0x0000000002c1e800 Exception <a 'java/lang/NoClassDefFoundError'> (0x00000000d77e5658) thrown at [C:\re\workspace\8-2-build-windows-amd64-cygwin\jdk8u72\5732\hotspot\src\share\vm\prims\jvm.cpp, line 1390]
Event: 1.592 Thread 0x0000000002c1e800 Exception <a 'java/lang/NoClassDefFoundError': javax/annotation/Priority> (0x00000000d77ea010) thrown at [C:\re\workspace\8-2-build-windows-amd64-cygwin\jdk8u72\5732\hotspot\src\share\vm\classfile\systemDictionary.cpp, line 199]
Event: 1.647 Thread 0x0000000002c1e800 Implicit null exception at 0x0000000002fd7d58 to 0x0000000002fd7f29
Event: 1.742 Thread 0x0000000002c1e800 Implicit null exception at 0x00000000030abd54 to 0x00000000030ac0a9
Event: 1.742 Thread 0x0000000002c1e800 Implicit null exception at 0x000000000301a996 to 0x000000000301acbd
Event: 1.953 Thread 0x0000000002c1e800 Implicit null exception at 0x00000000034bbdb7 to 0x00000000034bc001
Event: 2.569 Thread 0x0000000002c1e800 Implicit null exception at 0x00000000031ddd15 to 0x00000000031ddeed

Events (10 events):
Event: 3.792 Thread 0x0000000002c1e800 DEOPT PACKING pc=0x00000000034b7368 sp=0x0000000002b5d890
Event: 3.792 Thread 0x0000000002c1e800 DEOPT UNPACKING pc=0x0000000002e6582a sp=0x0000000002b5d6c0 mode 2
Event: 3.860 loading class org/codehaus/plexus/util/FileUtils
Event: 3.860 loading class org/codehaus/plexus/util/FileUtils done
Event: 3.860 loading class org/codehaus/plexus/util/FileUtils
Event: 3.860 loading class org/codehaus/plexus/util/FileUtils done
Event: 3.861 loading class org/codehaus/plexus/util/io/InputStreamFacade
Event: 3.861 loading class org/codehaus/plexus/util/io/InputStreamFacade done
Event: 3.861 loading class org/codehaus/plexus/util/io/InputStreamFacade
Event: 3.861 loading class org/codehaus/plexus/util/io/InputStreamFacade done


Dynamic libraries:
0x00007ff683c60000 - 0x00007ff683c97000 	C:\Program Files\Java\jdk1.8.0_72\bin\java.exe
0x00007ffa25650000 - 0x00007ffa25845000 	C:\WINDOWS\SYSTEM32\ntdll.dll
0x00007ffa24a80000 - 0x00007ffa24b3e000 	C:\WINDOWS\System32\KERNEL32.DLL
0x00007ffa23250000 - 0x00007ffa23518000 	C:\WINDOWS\System32\KERNELBASE.dll
0x00007ffa24c60000 - 0x00007ffa24d0e000 	C:\WINDOWS\System32\ADVAPI32.dll
0x00007ffa23800000 - 0x00007ffa2389e000 	C:\WINDOWS\System32\msvcrt.dll
0x00007ffa236e0000 - 0x00007ffa2377c000 	C:\WINDOWS\System32\sechost.dll
0x00007ffa238c0000 - 0x00007ffa239e5000 	C:\WINDOWS\System32\RPCRT4.dll
0x00007ffa248b0000 - 0x00007ffa24a50000 	C:\WINDOWS\System32\USER32.dll
0x00007ffa23180000 - 0x00007ffa231a2000 	C:\WINDOWS\System32\win32u.dll
0x00007ffa236b0000 - 0x00007ffa236db000 	C:\WINDOWS\System32\GDI32.dll
0x00007ffa23520000 - 0x00007ffa2362d000 	C:\WINDOWS\System32\gdi32full.dll
0x00007ffa231b0000 - 0x00007ffa2324d000 	C:\WINDOWS\System32\msvcp_win.dll
0x00007ffa22e20000 - 0x00007ffa22f20000 	C:\WINDOWS\System32\ucrtbase.dll
0x00007ffa06810000 - 0x00007ffa06aaa000 	C:\WINDOWS\WinSxS\amd64_microsoft.windows.common-controls_6595b64144ccf1df_6.0.19041.1110_none_60b5254171f9507e\COMCTL32.dll
0x00007ffa24a50000 - 0x00007ffa24a80000 	C:\WINDOWS\System32\IMM32.DLL
0x0000000076440000 - 0x0000000076512000 	C:\Program Files\Java\jdk1.8.0_72\jre\bin\msvcr100.dll
0x0000000075bb0000 - 0x0000000076440000 	C:\Program Files\Java\jdk1.8.0_72\jre\bin\server\jvm.dll
0x00007ffa236a0000 - 0x00007ffa236a8000 	C:\WINDOWS\System32\PSAPI.DLL
0x00007ffa08090000 - 0x00007ffa080b7000 	C:\WINDOWS\SYSTEM32\WINMM.dll
0x00007ffa11190000 - 0x00007ffa1119a000 	C:\WINDOWS\SYSTEM32\VERSION.dll
0x00007ffa18a70000 - 0x00007ffa18a79000 	C:\WINDOWS\SYSTEM32\WSOCK32.dll
0x00007ffa254b0000 - 0x00007ffa2551b000 	C:\WINDOWS\System32\WS2_32.dll
0x00000000771e0000 - 0x00000000771ef000 	C:\Program Files\Java\jdk1.8.0_72\jre\bin\verify.dll
0x0000000076bb0000 - 0x0000000076bd9000 	C:\Program Files\Java\jdk1.8.0_72\jre\bin\java.dll
0x0000000075b80000 - 0x0000000075ba3000 	C:\Program Files\Java\jdk1.8.0_72\jre\bin\instrument.dll
0x0000000075b60000 - 0x0000000075b76000 	C:\Program Files\Java\jdk1.8.0_72\jre\bin\zip.dll
0x00007ffa24160000 - 0x00007ffa248a4000 	C:\WINDOWS\System32\SHELL32.dll
0x00007ffa20a90000 - 0x00007ffa21224000 	C:\WINDOWS\SYSTEM32\windows.storage.dll
0x00007ffa239f0000 - 0x00007ffa23d45000 	C:\WINDOWS\System32\combase.dll
0x00007ffa227b0000 - 0x00007ffa227de000 	C:\WINDOWS\SYSTEM32\Wldp.dll
0x00007ffa24bb0000 - 0x00007ffa24c5d000 	C:\WINDOWS\System32\SHCORE.dll
0x00007ffa24d10000 - 0x00007ffa24d65000 	C:\WINDOWS\System32\shlwapi.dll
0x00007ffa22ca0000 - 0x00007ffa22cbf000 	C:\WINDOWS\SYSTEM32\profapi.dll
0x00007ffa1f880000 - 0x00007ffa1f89a000 	D:\IntelliJ IDEA 2020.3.3\bin\breakgen64.dll
0x0000000075b40000 - 0x0000000075b5a000 	C:\Program Files\Java\jdk1.8.0_72\jre\bin\net.dll
0x00007ffa22510000 - 0x00007ffa2257a000 	C:\WINDOWS\system32\mswsock.dll
0x00007ffa22710000 - 0x00007ffa22728000 	C:\WINDOWS\SYSTEM32\CRYPTSP.dll
0x00007ffa21e20000 - 0x00007ffa21e54000 	C:\WINDOWS\system32\rsaenh.dll
0x00007ffa22d60000 - 0x00007ffa22d87000 	C:\WINDOWS\System32\bcrypt.dll
0x00007ffa22c20000 - 0x00007ffa22c4e000 	C:\WINDOWS\SYSTEM32\USERENV.dll
0x00007ffa22d90000 - 0x00007ffa22e12000 	C:\WINDOWS\System32\bcryptprimitives.dll
0x00007ffa22700000 - 0x00007ffa2270c000 	C:\WINDOWS\SYSTEM32\CRYPTBASE.dll
0x00007ffa221b0000 - 0x00007ffa221eb000 	C:\WINDOWS\SYSTEM32\IPHLPAPI.DLL
0x00007ffa24ba0000 - 0x00007ffa24ba8000 	C:\WINDOWS\System32\NSI.dll
0x00007ffa11410000 - 0x00007ffa11427000 	C:\WINDOWS\SYSTEM32\dhcpcsvc6.DLL
0x00007ffa113f0000 - 0x00007ffa1140d000 	C:\WINDOWS\SYSTEM32\dhcpcsvc.DLL
0x00007ffa22200000 - 0x00007ffa222cb000 	C:\WINDOWS\SYSTEM32\DNSAPI.dll
0x0000000075b20000 - 0x0000000075b31000 	C:\Program Files\Java\jdk1.8.0_72\jre\bin\nio.dll
0x00007ffa1f7c0000 - 0x00007ffa1f7ca000 	C:\Users\hp\AppData\Local\Temp\jansi-1.17.1-4516551754818527745.dll
0x00007ffa1b550000 - 0x00007ffa1b55a000 	C:\Users\hp\AppData\Local\Temp\jansi-1.17.1-2911236275832294898.dll

VM Arguments:
jvm_args: -Dmaven.multiModuleProjectDirectory=D:\itripbackend -Dmaven.home=D:\Maven\apache-maven-3.6.3 -Dclassworlds.conf=D:\Maven\apache-maven-3.6.3\bin\m2.conf -Dmaven.ext.class.path=D:\IntelliJ IDEA 2020.3.3\plugins\maven\lib\maven-event-listener.jar -javaagent:D:\IntelliJ IDEA 2020.3.3\lib\idea_rt.jar=1346:D:\IntelliJ IDEA 2020.3.3\bin -Dfile.encoding=UTF-8 
java_command: org.codehaus.classworlds.Launcher -Didea.version=2020.3.3 -s D:\Maven\apache-maven-3.6.3\conf\settings.xml -Dmaven.repo.local=D:\Maven\maven-data install
java_class_path (initial): D:\Maven\apache-maven-3.6.3\boot\plexus-classworlds-2.6.0.jar;D:\Maven\apache-maven-3.6.3\boot\plexus-classworlds.license;D:\IntelliJ IDEA 2020.3.3\lib\idea_rt.jar
Launcher Type: SUN_STANDARD

Environment Variables:
JAVA_HOME=C:\Program Files\Java\jdk1.8.0_72
PATH=D:\VM16\bin\;D:\xshell\;C:\ProgramData\Oracle\Java\javapath;C:\windows\system32;C:\windows;C:\windows\System32\Wbem;C:\windows\System32\WindowsPowerShell\v1.0\;C:\windows\System32\OpenSSH\;C:\Program Files (x86)\NVIDIA Corporation\PhysX\Common;C:\Program Files\NVIDIA Corporation\NVIDIA NvDLISR;C:\Program Files\Java\jdk1.8.0_72\bin;C:\Program Files\Java\jdk1.8.0_72\jre\bin;C:\Program Files\Microsoft\Web Platform Installer\;C:\Program Files (x86)\Microsoft ASP.NET\ASP.NET Web Pages\v1.0\;C:\Program Files (x86)\Windows Kits\8.0\Windows Performance Toolkit\;C:\Program Files\Microsoft SQL Server\110\Tools\Binn\;C:\Program Files (x86)\Microsoft SQL Server\100\Tools\Binn\;C:\Program Files\Microsoft SQL Server\100\Tools\Binn\;C:\Program Files\Microsoft SQL Server\100\DTS\Binn\;C:\Program Files (x86)\Microsoft SQL Server\100\Tools\Binn\VSShell\Common7\IDE\;C:\Program Files (x86)\Microsoft Visual Studio 9.0\Common7\IDE\PrivateAssemblies\;C:\Program Files (x86)\Microsoft SQL Server\100\DTS\Binn\;C:\Program Files\MySQL\MySQL Server 5.7\bin;C:\WINDOWS\system32;C:\WINDOWS;C:\WINDOWS\System32\Wbem;C:\WINDOWS\System32\WindowsPowerShell\v1.0\;C:\WINDOWS\System32\OpenSSH\;D:\Maven\apache-maven-3.6.3\bin;D:\svn\bin;C:\Users\hp\AppData\Local\Microsoft\WindowsApps;;D:\IntelliJ IDEA 2020.3.3\bin;
USERNAME=hp
OS=Windows_NT
PROCESSOR_IDENTIFIER=Intel64 Family 6 Model 165 Stepping 2, GenuineIntel



---------------  S Y S T E M  ---------------

OS: Windows 10.0 , 64 bit Build 19041 (10.0.19041.1503)

CPU:total 8 (4 cores per cpu, 2 threads per core) family 6 model 165 stepping 2, cmov, cx8, fxsr, mmx, sse, sse2, sse3, ssse3, sse4.1, sse4.2, popcnt, avx, avx2, aes, clmul, erms, 3dnowpref, lzcnt, ht, tsc, tscinvbit, bmi1, bmi2, adx

Memory: 4k page, physical 8154792k(449224k free), swap 14446248k(5892k free)

vm_info: Java HotSpot(TM) 64-Bit Server VM (25.72-b15) for windows-amd64 JRE (1.8.0_72-b15), built on Dec 22 2015 19:16:16 by "java_re" with MS VC++ 10.0 (VS2010)

time: Thu Mar 10 15:44:07 2022
elapsed time: 3 seconds (0d 0h 0m 3s)

