#
# There is insufficient memory for the Java Runtime Environment to continue.
# Native memory allocation (malloc) failed to allocate 844896 bytes for Chunk::new
# Possible reasons:
#   The system is out of physical RAM or swap space
#   In 32 bit mode, the process size limit was hit
# Possible solutions:
#   Reduce memory load on the system
#   Increase physical memory or swap space
#   Check if swap backing store is full
#   Use 64 bit Java on a 64 bit OS
#   Decrease Java heap size (-Xmx/-Xms)
#   Decrease number of Java threads
#   Decrease Java thread stack sizes (-Xss)
#   Set larger code cache with -XX:ReservedCodeCacheSize=
# This output file may be truncated or incomplete.
#
#  Out of Memory Error (allocation.cpp:390), pid=12696, tid=15604
#
# JRE version: Java(TM) SE Runtime Environment (8.0_72-b15) (build 1.8.0_72-b15)
# Java VM: Java HotSpot(TM) 64-Bit Server VM (25.72-b15 mixed mode windows-amd64 compressed oops)
# Failed to write core dump. Minidumps are not enabled by default on client versions of Windows
#

---------------  T H R E A D  ---------------

Current thread (0x000000001a21d800):  JavaThread "C2 CompilerThread1" daemon [_thread_in_native, id=15604, stack(0x000000001aa60000,0x000000001ab60000)]

Stack: [0x000000001aa60000,0x000000001ab60000]
[error occurred during error reporting (printing stack bounds), id 0xc0000005]

Native frames: (J=compiled Java code, j=interpreted, Vv=VM code, C=native code)


Current CompileTask:
C2:   2821 3390       4       org.eclipse.aether.util.graph.transformer.ConflictResolver::gatherConflictItems (111 bytes)


---------------  P R O C E S S  ---------------

Java Threads: ( => current thread )
  0x000000001a2cb800 JavaThread "Service Thread" daemon [_thread_blocked, id=1776, stack(0x000000001ad60000,0x000000001ae60000)]
  0x000000001a238000 JavaThread "C1 CompilerThread3" daemon [_thread_blocked, id=6036, stack(0x000000001ac60000,0x000000001ad60000)]
  0x000000001a225800 JavaThread "C2 CompilerThread2" daemon [_thread_blocked, id=13736, stack(0x000000001ab60000,0x000000001ac60000)]
=>0x000000001a21d800 JavaThread "C2 CompilerThread1" daemon [_thread_in_native, id=15604, stack(0x000000001aa60000,0x000000001ab60000)]
  0x000000001a218000 JavaThread "C2 CompilerThread0" daemon [_thread_in_native, id=6664, stack(0x000000001a960000,0x000000001aa60000)]
  0x000000001a214800 JavaThread "Monitor Ctrl-Break" daemon [_thread_in_native, id=21792, stack(0x000000001a860000,0x000000001a960000)]
  0x000000001a1ec800 JavaThread "Attach Listener" daemon [_thread_blocked, id=8268, stack(0x000000001a760000,0x000000001a860000)]
  0x000000001a197800 JavaThread "Signal Dispatcher" daemon [_thread_blocked, id=2900, stack(0x000000001a660000,0x000000001a760000)]
  0x0000000018293800 JavaThread "Finalizer" daemon [_thread_blocked, id=7064, stack(0x000000001a560000,0x000000001a660000)]
  0x000000001828c800 JavaThread "Reference Handler" daemon [_thread_blocked, id=13856, stack(0x000000001a060000,0x000000001a160000)]
  0x000000000301e800 JavaThread "main" [_thread_in_vm, id=18868, stack(0x0000000003020000,0x0000000003120000)]

Other Threads:
  0x0000000018288800 VMThread [stack: 0x0000000019f60000,0x000000001a060000] [id=7724]
  0x000000001a284000 WatcherThread [stack: 0x000000001ae60000,0x000000001af60000] [id=11632]

VM state:not at safepoint (normal execution)

VM Mutex/Monitor currently owned by a thread: None

Heap:
 PSYoungGen      total 70656K, used 7834K [0x00000000d6800000, 0x00000000dfb00000, 0x0000000100000000)
  eden space 65536K, 4% used [0x00000000d6800000,0x00000000d6aa88b0,0x00000000da800000)
  from space 5120K, 99% used [0x00000000da800000,0x00000000dacfe050,0x00000000dad00000)
  to   space 9728K, 0% used [0x00000000df180000,0x00000000df180000,0x00000000dfb00000)
 ParOldGen       total 86016K, used 10670K [0x0000000083800000, 0x0000000088c00000, 0x00000000d6800000)
  object space 86016K, 12% used [0x0000000083800000,0x000000008426bad8,0x0000000088c00000)
 Metaspace       used 18144K, capacity 18686K, committed 18944K, reserved 1067008K
  class space    used 2078K, capacity 2261K, committed 2304K, reserved 1048576K

Card table byte_map: [0x00000000127e0000,0x0000000012bd0000] byte_map_base: 0x00000000123c4000

Marking Bits: (ParMarkBitMap*) 0x00000000763c0600
 Begin Bits: [0x0000000013670000, 0x0000000015590000)
 End Bits:   [0x0000000015590000, 0x00000000174b0000)

Polling page: 0x0000000001360000

CodeCache: size=245760Kb used=11619Kb max_used=11619Kb free=234140Kb
 bounds [0x0000000003420000, 0x0000000003f90000, 0x0000000012420000]
 total_blobs=3781 nmethods=3400 adapters=293
 compilation: enabled

Compilation events (10 events):
Event: 2.812 Thread 0x000000001a225800 nmethod 3395 0x0000000003f7c8d0 code [0x0000000003f7ca80, 0x0000000003f7d3c8]
Event: 2.812 Thread 0x000000001a238000 nmethod 3398 0x0000000003f7fdd0 code [0x0000000003f80000, 0x0000000003f80dc8]
Event: 2.812 Thread 0x000000001a238000 3397       3       org.apache.maven.artifact.DefaultArtifact::getId (30 bytes)
Event: 2.812 Thread 0x000000001a238000 nmethod 3397 0x0000000003f7dcd0 code [0x0000000003f7dee0, 0x0000000003f7e918]
Event: 2.812 Thread 0x000000001a238000 3399       1       org.apache.maven.artifact.DefaultArtifact::getClassifier (5 bytes)
Event: 2.812 Thread 0x000000001a238000 nmethod 3399 0x0000000003f7c610 code [0x0000000003f7c760, 0x0000000003f7c870]
Event: 2.816 Thread 0x000000001a238000 3400   !   3       java.util.concurrent.ConcurrentHashMap::putVal (362 bytes)
Event: 2.817 Thread 0x000000001a238000 nmethod 3400 0x0000000003f814d0 code [0x0000000003f81780, 0x0000000003f83118]
Event: 2.817 Thread 0x000000001a238000 3401       3       org.eclipse.sisu.space.AbstractDeferredClass::<init> (5 bytes)
Event: 2.817 Thread 0x000000001a238000 nmethod 3401 0x0000000003f7d910 code [0x0000000003f7da60, 0x0000000003f7dc10]

GC Heap History (10 events):
Event: 1.169 GC heap before
{Heap before GC invocations=1 (full 0):
 PSYoungGen      total 37888K, used 32768K [0x00000000d6800000, 0x00000000d9200000, 0x0000000100000000)
  eden space 32768K, 100% used [0x00000000d6800000,0x00000000d8800000,0x00000000d8800000)
  from space 5120K, 0% used [0x00000000d8d00000,0x00000000d8d00000,0x00000000d9200000)
  to   space 5120K, 0% used [0x00000000d8800000,0x00000000d8800000,0x00000000d8d00000)
 ParOldGen       total 86016K, used 0K [0x0000000083800000, 0x0000000088c00000, 0x00000000d6800000)
  object space 86016K, 0% used [0x0000000083800000,0x0000000083800000,0x0000000088c00000)
 Metaspace       used 8799K, capacity 8956K, committed 9088K, reserved 1056768K
  class space    used 1050K, capacity 1112K, committed 1152K, reserved 1048576K
Event: 1.173 GC heap after
Heap after GC invocations=1 (full 0):
 PSYoungGen      total 37888K, used 5119K [0x00000000d6800000, 0x00000000d9200000, 0x0000000100000000)
  eden space 32768K, 0% used [0x00000000d6800000,0x00000000d6800000,0x00000000d8800000)
  from space 5120K, 99% used [0x00000000d8800000,0x00000000d8cffd88,0x00000000d8d00000)
  to   space 5120K, 0% used [0x00000000d8d00000,0x00000000d8d00000,0x00000000d9200000)
 ParOldGen       total 86016K, used 305K [0x0000000083800000, 0x0000000088c00000, 0x00000000d6800000)
  object space 86016K, 0% used [0x0000000083800000,0x000000008384c620,0x0000000088c00000)
 Metaspace       used 8799K, capacity 8956K, committed 9088K, reserved 1056768K
  class space    used 1050K, capacity 1112K, committed 1152K, reserved 1048576K
}
Event: 1.373 GC heap before
{Heap before GC invocations=2 (full 0):
 PSYoungGen      total 37888K, used 37887K [0x00000000d6800000, 0x00000000d9200000, 0x0000000100000000)
  eden space 32768K, 100% used [0x00000000d6800000,0x00000000d8800000,0x00000000d8800000)
  from space 5120K, 99% used [0x00000000d8800000,0x00000000d8cffd88,0x00000000d8d00000)
  to   space 5120K, 0% used [0x00000000d8d00000,0x00000000d8d00000,0x00000000d9200000)
 ParOldGen       total 86016K, used 305K [0x0000000083800000, 0x0000000088c00000, 0x00000000d6800000)
  object space 86016K, 0% used [0x0000000083800000,0x000000008384c620,0x0000000088c00000)
 Metaspace       used 11700K, capacity 11886K, committed 12032K, reserved 1060864K
  class space    used 1428K, capacity 1510K, committed 1536K, reserved 1048576K
Event: 1.377 GC heap after
Heap after GC invocations=2 (full 0):
 PSYoungGen      total 37888K, used 5108K [0x00000000d6800000, 0x00000000db200000, 0x0000000100000000)
  eden space 32768K, 0% used [0x00000000d6800000,0x00000000d6800000,0x00000000d8800000)
  from space 5120K, 99% used [0x00000000d8d00000,0x00000000d91fd168,0x00000000d9200000)
  to   space 5120K, 0% used [0x00000000d8800000,0x00000000d8800000,0x00000000d8d00000)
 ParOldGen       total 86016K, used 2099K [0x0000000083800000, 0x0000000088c00000, 0x00000000d6800000)
  object space 86016K, 2% used [0x0000000083800000,0x0000000083a0ccd0,0x0000000088c00000)
 Metaspace       used 11700K, capacity 11886K, committed 12032K, reserved 1060864K
  class space    used 1428K, capacity 1510K, committed 1536K, reserved 1048576K
}
Event: 1.710 GC heap before
{Heap before GC invocations=3 (full 0):
 PSYoungGen      total 37888K, used 37876K [0x00000000d6800000, 0x00000000db200000, 0x0000000100000000)
  eden space 32768K, 100% used [0x00000000d6800000,0x00000000d8800000,0x00000000d8800000)
  from space 5120K, 99% used [0x00000000d8d00000,0x00000000d91fd168,0x00000000d9200000)
  to   space 5120K, 0% used [0x00000000d8800000,0x00000000d8800000,0x00000000d8d00000)
 ParOldGen       total 86016K, used 2099K [0x0000000083800000, 0x0000000088c00000, 0x00000000d6800000)
  object space 86016K, 2% used [0x0000000083800000,0x0000000083a0ccd0,0x0000000088c00000)
 Metaspace       used 15423K, capacity 15734K, committed 16128K, reserved 1062912K
  class space    used 1869K, capacity 1944K, committed 2048K, reserved 1048576K
Event: 1.717 GC heap after
Heap after GC invocations=3 (full 0):
 PSYoungGen      total 37888K, used 5117K [0x00000000d6800000, 0x00000000db200000, 0x0000000100000000)
  eden space 32768K, 0% used [0x00000000d6800000,0x00000000d6800000,0x00000000d8800000)
  from space 5120K, 99% used [0x00000000d8800000,0x00000000d8cff5b8,0x00000000d8d00000)
  to   space 5120K, 0% used [0x00000000dad00000,0x00000000dad00000,0x00000000db200000)
 ParOldGen       total 86016K, used 4480K [0x0000000083800000, 0x0000000088c00000, 0x00000000d6800000)
  object space 86016K, 5% used [0x0000000083800000,0x0000000083c60098,0x0000000088c00000)
 Metaspace       used 15423K, capacity 15734K, committed 16128K, reserved 1062912K
  class space    used 1869K, capacity 1944K, committed 2048K, reserved 1048576K
}
Event: 2.113 GC heap before
{Heap before GC invocations=4 (full 0):
 PSYoungGen      total 37888K, used 37885K [0x00000000d6800000, 0x00000000db200000, 0x0000000100000000)
  eden space 32768K, 100% used [0x00000000d6800000,0x00000000d8800000,0x00000000d8800000)
  from space 5120K, 99% used [0x00000000d8800000,0x00000000d8cff5b8,0x00000000d8d00000)
  to   space 5120K, 0% used [0x00000000dad00000,0x00000000dad00000,0x00000000db200000)
 ParOldGen       total 86016K, used 4480K [0x0000000083800000, 0x0000000088c00000, 0x00000000d6800000)
  object space 86016K, 5% used [0x0000000083800000,0x0000000083c60098,0x0000000088c00000)
 Metaspace       used 16863K, capacity 17210K, committed 17536K, reserved 1064960K
  class space    used 2009K, capacity 2114K, committed 2176K, reserved 1048576K
Event: 2.123 GC heap after
Heap after GC invocations=4 (full 0):
 PSYoungGen      total 70656K, used 5112K [0x00000000d6800000, 0x00000000db200000, 0x0000000100000000)
  eden space 65536K, 0% used [0x00000000d6800000,0x00000000d6800000,0x00000000da800000)
  from space 5120K, 99% used [0x00000000dad00000,0x00000000db1fe050,0x00000000db200000)
  to   space 5120K, 0% used [0x00000000da800000,0x00000000da800000,0x00000000dad00000)
 ParOldGen       total 86016K, used 7451K [0x0000000083800000, 0x0000000088c00000, 0x00000000d6800000)
  object space 86016K, 8% used [0x0000000083800000,0x0000000083f46e20,0x0000000088c00000)
 Metaspace       used 16863K, capacity 17210K, committed 17536K, reserved 1064960K
  class space    used 2009K, capacity 2114K, committed 2176K, reserved 1048576K
}
Event: 2.795 GC heap before
{Heap before GC invocations=5 (full 0):
 PSYoungGen      total 70656K, used 70648K [0x00000000d6800000, 0x00000000db200000, 0x0000000100000000)
  eden space 65536K, 100% used [0x00000000d6800000,0x00000000da800000,0x00000000da800000)
  from space 5120K, 99% used [0x00000000dad00000,0x00000000db1fe050,0x00000000db200000)
  to   space 5120K, 0% used [0x00000000da800000,0x00000000da800000,0x00000000dad00000)
 ParOldGen       total 86016K, used 7451K [0x0000000083800000, 0x0000000088c00000, 0x00000000d6800000)
  object space 86016K, 8% used [0x0000000083800000,0x0000000083f46e20,0x0000000088c00000)
 Metaspace       used 18054K, capacity 18572K, committed 18944K, reserved 1067008K
  class space    used 2070K, capacity 2227K, committed 2304K, reserved 1048576K
Event: 2.807 GC heap after
Heap after GC invocations=5 (full 0):
 PSYoungGen      total 70656K, used 5112K [0x00000000d6800000, 0x00000000dfb00000, 0x0000000100000000)
  eden space 65536K, 0% used [0x00000000d6800000,0x00000000d6800000,0x00000000da800000)
  from space 5120K, 99% used [0x00000000da800000,0x00000000dacfe050,0x00000000dad00000)
  to   space 9728K, 0% used [0x00000000df180000,0x00000000df180000,0x00000000dfb00000)
 ParOldGen       total 86016K, used 10670K [0x0000000083800000, 0x0000000088c00000, 0x00000000d6800000)
  object space 86016K, 12% used [0x0000000083800000,0x000000008426bad8,0x0000000088c00000)
 Metaspace       used 18054K, capacity 18572K, committed 18944K, reserved 1067008K
  class space    used 2070K, capacity 2227K, committed 2304K, reserved 1048576K
}

Deoptimization events (10 events):
Event: 2.259 Thread 0x000000000301e800 Uncommon trap: reason=unstable_if action=reinterpret pc=0x000000000381ede8 method=java.util.HashMap.hash(Ljava/lang/Object;)I @ 1
Event: 2.259 Thread 0x000000000301e800 Uncommon trap: reason=unstable_if action=reinterpret pc=0x00000000037d8ef8 method=java.util.HashMap.getNode(ILjava/lang/Object;)Ljava/util/HashMap$Node; @ 53
Event: 2.355 Thread 0x000000000301e800 Uncommon trap: reason=unstable_if action=reinterpret pc=0x0000000003a0929c method=java.util.LinkedHashMap.afterNodeInsertion(Z)V @ 18
Event: 2.420 Thread 0x000000000301e800 Uncommon trap: reason=predicate action=maybe_recompile pc=0x0000000003d7eb84 method=java.util.TimSort.binarySort([Ljava/lang/Object;IIILjava/util/Comparator;)V @ 37
Event: 2.428 Thread 0x000000000301e800 Uncommon trap: reason=array_check action=maybe_recompile pc=0x0000000003d86714 method=java.util.TimSort.binarySort([Ljava/lang/Object;IIILjava/util/Comparator;)V @ 183
Event: 2.428 Thread 0x000000000301e800 Uncommon trap: reason=array_check action=maybe_recompile pc=0x0000000003d8664c method=java.util.TimSort.binarySort([Ljava/lang/Object;IIILjava/util/Comparator;)V @ 193
Event: 2.429 Thread 0x000000000301e800 Uncommon trap: reason=array_check action=maybe_recompile pc=0x0000000003d86588 method=java.util.TimSort.binarySort([Ljava/lang/Object;IIILjava/util/Comparator;)V @ 215
Event: 2.429 Thread 0x000000000301e800 Uncommon trap: reason=array_check action=maybe_recompile pc=0x0000000003d86714 method=java.util.TimSort.binarySort([Ljava/lang/Object;IIILjava/util/Comparator;)V @ 183
Event: 2.718 Thread 0x000000000301e800 Uncommon trap: reason=class_check action=maybe_recompile pc=0x0000000003aae028 method=sun.nio.cs.StreamEncoder.writeBytes()V @ 120
Event: 2.720 Thread 0x000000000301e800 Uncommon trap: reason=unstable_if action=reinterpret pc=0x00000000037c4340 method=java.util.concurrent.ConcurrentHashMap.putVal(Ljava/lang/Object;Ljava/lang/Object;Z)Ljava/lang/Object; @ 206

Internal exceptions (10 events):
Event: 1.224 Thread 0x000000000301e800 Exception <a 'java/lang/ArrayIndexOutOfBoundsException': 66> (0x00000000d6e4a520) thrown at [C:\re\workspace\8-2-build-windows-amd64-cygwin\jdk8u72\5732\hotspot\src\share\vm\interpreter\interpreterRuntime.cpp, line 366]
Event: 1.510 Thread 0x000000000301e800 Exception <a 'java/lang/NoClassDefFoundError': com/google/inject/servlet/ServletModuleTargetVisitor> (0x00000000d77cf050) thrown at [C:\re\workspace\8-2-build-windows-amd64-cygwin\jdk8u72\5732\hotspot\src\share\vm\classfile\systemDictionary.cpp, line 199]
Event: 1.510 Thread 0x000000000301e800 Exception <a 'java/lang/NoClassDefFoundError'> (0x00000000d77cf050) thrown at [C:\re\workspace\8-2-build-windows-amd64-cygwin\jdk8u72\5732\hotspot\src\share\vm\prims\jvm.cpp, line 1390]
Event: 1.510 Thread 0x000000000301e800 Exception <a 'java/lang/NoClassDefFoundError': javax/annotation/Priority> (0x00000000d77d3a08) thrown at [C:\re\workspace\8-2-build-windows-amd64-cygwin\jdk8u72\5732\hotspot\src\share\vm\classfile\systemDictionary.cpp, line 199]
Event: 1.564 Thread 0x000000000301e800 Implicit null exception at 0x00000000035d9418 to 0x00000000035d95e9
Event: 1.664 Thread 0x000000000301e800 Implicit null exception at 0x00000000036536d6 to 0x0000000003653a0d
Event: 1.664 Thread 0x000000000301e800 Implicit null exception at 0x0000000003655d54 to 0x00000000036560a9
Event: 1.810 Thread 0x000000000301e800 Implicit null exception at 0x0000000003a9ebf7 to 0x0000000003a9ee41
Event: 2.259 Thread 0x000000000301e800 Implicit null exception at 0x00000000037de695 to 0x00000000037de86d
Event: 2.259 Thread 0x000000000301e800 Implicit null exception at 0x000000000381ed6f to 0x000000000381edd9

Events (10 events):
Event: 2.815 loading class org/apache/maven/plugin/surefire/AbstractSurefireMojo
Event: 2.815 loading class org/apache/maven/plugin/surefire/AbstractSurefireMojo done
Event: 2.816 loading class org/apache/maven/plugin/surefire/SurefireExecutionParameters
Event: 2.816 loading class org/apache/maven/plugin/surefire/SurefireExecutionParameters done
Event: 2.816 loading class org/apache/maven/plugin/surefire/SurefireExecutionParameters
Event: 2.816 loading class org/apache/maven/plugin/surefire/SurefireExecutionParameters done
Event: 2.816 loading class org/apache/maven/plugin/surefire/SurefireExecutionParameters
Event: 2.816 loading class org/apache/maven/plugin/surefire/SurefireExecutionParameters done
Event: 2.816 loading class org/apache/maven/plugin/surefire/SurefireExecutionParameters
Event: 2.816 loading class org/apache/maven/plugin/surefire/SurefireExecutionParameters done


Dynamic libraries:
0x00007ff683c60000 - 0x00007ff683c97000 	C:\Program Files\Java\jdk1.8.0_72\bin\java.exe
0x00007ffa25650000 - 0x00007ffa25845000 	C:\WINDOWS\SYSTEM32\ntdll.dll
0x00007ffa24a80000 - 0x00007ffa24b3e000 	C:\WINDOWS\System32\KERNEL32.DLL
0x00007ffa23250000 - 0x00007ffa23518000 	C:\WINDOWS\System32\KERNELBASE.dll
0x00007ffa24c60000 - 0x00007ffa24d0e000 	C:\WINDOWS\System32\ADVAPI32.dll
0x00007ffa23800000 - 0x00007ffa2389e000 	C:\WINDOWS\System32\msvcrt.dll
0x00007ffa236e0000 - 0x00007ffa2377c000 	C:\WINDOWS\System32\sechost.dll
0x00007ffa238c0000 - 0x00007ffa239e5000 	C:\WINDOWS\System32\RPCRT4.dll
0x00007ffa248b0000 - 0x00007ffa24a50000 	C:\WINDOWS\System32\USER32.dll
0x00007ffa23180000 - 0x00007ffa231a2000 	C:\WINDOWS\System32\win32u.dll
0x00007ffa236b0000 - 0x00007ffa236db000 	C:\WINDOWS\System32\GDI32.dll
0x00007ffa23520000 - 0x00007ffa2362d000 	C:\WINDOWS\System32\gdi32full.dll
0x00007ffa231b0000 - 0x00007ffa2324d000 	C:\WINDOWS\System32\msvcp_win.dll
0x00007ffa22e20000 - 0x00007ffa22f20000 	C:\WINDOWS\System32\ucrtbase.dll
0x00007ffa06810000 - 0x00007ffa06aaa000 	C:\WINDOWS\WinSxS\amd64_microsoft.windows.common-controls_6595b64144ccf1df_6.0.19041.1110_none_60b5254171f9507e\COMCTL32.dll
0x00007ffa24a50000 - 0x00007ffa24a80000 	C:\WINDOWS\System32\IMM32.DLL
0x0000000076440000 - 0x0000000076512000 	C:\Program Files\Java\jdk1.8.0_72\jre\bin\msvcr100.dll
0x0000000075bb0000 - 0x0000000076440000 	C:\Program Files\Java\jdk1.8.0_72\jre\bin\server\jvm.dll
0x00007ffa236a0000 - 0x00007ffa236a8000 	C:\WINDOWS\System32\PSAPI.DLL
0x00007ffa18a70000 - 0x00007ffa18a79000 	C:\WINDOWS\SYSTEM32\WSOCK32.dll
0x00007ffa08090000 - 0x00007ffa080b7000 	C:\WINDOWS\SYSTEM32\WINMM.dll
0x00007ffa11190000 - 0x00007ffa1119a000 	C:\WINDOWS\SYSTEM32\VERSION.dll
0x00007ffa254b0000 - 0x00007ffa2551b000 	C:\WINDOWS\System32\WS2_32.dll
0x00000000771e0000 - 0x00000000771ef000 	C:\Program Files\Java\jdk1.8.0_72\jre\bin\verify.dll
0x0000000076bb0000 - 0x0000000076bd9000 	C:\Program Files\Java\jdk1.8.0_72\jre\bin\java.dll
0x0000000075b60000 - 0x0000000075b83000 	C:\Program Files\Java\jdk1.8.0_72\jre\bin\instrument.dll
0x0000000075b90000 - 0x0000000075ba6000 	C:\Program Files\Java\jdk1.8.0_72\jre\bin\zip.dll
0x00007ffa24160000 - 0x00007ffa248a4000 	C:\WINDOWS\System32\SHELL32.dll
0x00007ffa20a90000 - 0x00007ffa21224000 	C:\WINDOWS\SYSTEM32\windows.storage.dll
0x00007ffa239f0000 - 0x00007ffa23d45000 	C:\WINDOWS\System32\combase.dll
0x00007ffa227b0000 - 0x00007ffa227de000 	C:\WINDOWS\SYSTEM32\Wldp.dll
0x00007ffa24bb0000 - 0x00007ffa24c5d000 	C:\WINDOWS\System32\SHCORE.dll
0x00007ffa24d10000 - 0x00007ffa24d65000 	C:\WINDOWS\System32\shlwapi.dll
0x00007ffa22ca0000 - 0x00007ffa22cbf000 	C:\WINDOWS\SYSTEM32\profapi.dll
0x00007ffa18860000 - 0x00007ffa1887a000 	D:\IntelliJ IDEA 2020.3.3\bin\breakgen64.dll
0x0000000075b40000 - 0x0000000075b5a000 	C:\Program Files\Java\jdk1.8.0_72\jre\bin\net.dll
0x00007ffa22510000 - 0x00007ffa2257a000 	C:\WINDOWS\system32\mswsock.dll
0x00007ffa22710000 - 0x00007ffa22728000 	C:\WINDOWS\SYSTEM32\CRYPTSP.dll
0x00007ffa21e20000 - 0x00007ffa21e54000 	C:\WINDOWS\system32\rsaenh.dll
0x00007ffa22d60000 - 0x00007ffa22d87000 	C:\WINDOWS\System32\bcrypt.dll
0x00007ffa22c20000 - 0x00007ffa22c4e000 	C:\WINDOWS\SYSTEM32\USERENV.dll
0x00007ffa22d90000 - 0x00007ffa22e12000 	C:\WINDOWS\System32\bcryptprimitives.dll
0x00007ffa22700000 - 0x00007ffa2270c000 	C:\WINDOWS\SYSTEM32\CRYPTBASE.dll
0x00007ffa221b0000 - 0x00007ffa221eb000 	C:\WINDOWS\SYSTEM32\IPHLPAPI.DLL
0x00007ffa24ba0000 - 0x00007ffa24ba8000 	C:\WINDOWS\System32\NSI.dll
0x00007ffa11410000 - 0x00007ffa11427000 	C:\WINDOWS\SYSTEM32\dhcpcsvc6.DLL
0x00007ffa113f0000 - 0x00007ffa1140d000 	C:\WINDOWS\SYSTEM32\dhcpcsvc.DLL
0x00007ffa22200000 - 0x00007ffa222cb000 	C:\WINDOWS\SYSTEM32\DNSAPI.dll
0x0000000075b20000 - 0x0000000075b31000 	C:\Program Files\Java\jdk1.8.0_72\jre\bin\nio.dll
0x00007ffa1f7c0000 - 0x00007ffa1f7ca000 	C:\Users\hp\AppData\Local\Temp\jansi-1.17.1-7943542244408175237.dll
0x00007ffa18a80000 - 0x00007ffa18a8a000 	C:\Users\hp\AppData\Local\Temp\jansi-1.17.1-4492907948545967011.dll

VM Arguments:
jvm_args: -Dmaven.multiModuleProjectDirectory=D:\itripbackend -Dmaven.home=D:\Maven\apache-maven-3.6.3 -Dclassworlds.conf=D:\Maven\apache-maven-3.6.3\bin\m2.conf -Dmaven.ext.class.path=D:\IntelliJ IDEA 2020.3.3\plugins\maven\lib\maven-event-listener.jar -javaagent:D:\IntelliJ IDEA 2020.3.3\lib\idea_rt.jar=1049:D:\IntelliJ IDEA 2020.3.3\bin -Dfile.encoding=UTF-8 
java_command: org.codehaus.classworlds.Launcher -Didea.version=2020.3.3 -s D:\Maven\apache-maven-3.6.3\conf\settings.xml -Dmaven.repo.local=D:\Maven\maven-data install
java_class_path (initial): D:\Maven\apache-maven-3.6.3\boot\plexus-classworlds-2.6.0.jar;D:\Maven\apache-maven-3.6.3\boot\plexus-classworlds.license;D:\IntelliJ IDEA 2020.3.3\lib\idea_rt.jar
Launcher Type: SUN_STANDARD

Environment Variables:
JAVA_HOME=C:\Program Files\Java\jdk1.8.0_72
PATH=D:\VM16\bin\;D:\xshell\;C:\ProgramData\Oracle\Java\javapath;C:\windows\system32;C:\windows;C:\windows\System32\Wbem;C:\windows\System32\WindowsPowerShell\v1.0\;C:\windows\System32\OpenSSH\;C:\Program Files (x86)\NVIDIA Corporation\PhysX\Common;C:\Program Files\NVIDIA Corporation\NVIDIA NvDLISR;C:\Program Files\Java\jdk1.8.0_72\bin;C:\Program Files\Java\jdk1.8.0_72\jre\bin;C:\Program Files\Microsoft\Web Platform Installer\;C:\Program Files (x86)\Microsoft ASP.NET\ASP.NET Web Pages\v1.0\;C:\Program Files (x86)\Windows Kits\8.0\Windows Performance Toolkit\;C:\Program Files\Microsoft SQL Server\110\Tools\Binn\;C:\Program Files (x86)\Microsoft SQL Server\100\Tools\Binn\;C:\Program Files\Microsoft SQL Server\100\Tools\Binn\;C:\Program Files\Microsoft SQL Server\100\DTS\Binn\;C:\Program Files (x86)\Microsoft SQL Server\100\Tools\Binn\VSShell\Common7\IDE\;C:\Program Files (x86)\Microsoft Visual Studio 9.0\Common7\IDE\PrivateAssemblies\;C:\Program Files (x86)\Microsoft SQL Server\100\DTS\Binn\;C:\Program Files\MySQL\MySQL Server 5.7\bin;C:\WINDOWS\system32;C:\WINDOWS;C:\WINDOWS\System32\Wbem;C:\WINDOWS\System32\WindowsPowerShell\v1.0\;C:\WINDOWS\System32\OpenSSH\;D:\Maven\apache-maven-3.6.3\bin;D:\svn\bin;C:\Users\hp\AppData\Local\Microsoft\WindowsApps;;D:\IntelliJ IDEA 2020.3.3\bin;
USERNAME=hp
OS=Windows_NT
PROCESSOR_IDENTIFIER=Intel64 Family 6 Model 165 Stepping 2, GenuineIntel



---------------  S Y S T E M  ---------------

OS: Windows 10.0 , 64 bit Build 19041 (10.0.19041.1503)

CPU:total 8 (4 cores per cpu, 2 threads per core) family 6 model 165 stepping 2, cmov, cx8, fxsr, mmx, sse, sse2, sse3, ssse3, sse4.1, sse4.2, popcnt, avx, avx2, aes, clmul, erms, 3dnowpref, lzcnt, ht, tsc, tscinvbit, bmi1, bmi2, adx

Memory: 4k page, physical 8154792k(771156k free), swap 14446248k(5420k free)

vm_info: Java HotSpot(TM) 64-Bit Server VM (25.72-b15) for windows-amd64 JRE (1.8.0_72-b15), built on Dec 22 2015 19:16:16 by "java_re" with MS VC++ 10.0 (VS2010)

time: Thu Mar 10 16:49:40 2022
elapsed time: 2 seconds (0d 0h 0m 2s)

