#
# There is insufficient memory for the Java Runtime Environment to continue.
# Native memory allocation (malloc) failed to allocate 32744 bytes for ChunkPool::allocate
# Possible reasons:
#   The system is out of physical RAM or swap space
#   In 32 bit mode, the process size limit was hit
# Possible solutions:
#   Reduce memory load on the system
#   Increase physical memory or swap space
#   Check if swap backing store is full
#   Use 64 bit Java on a 64 bit OS
#   Decrease Java heap size (-Xmx/-Xms)
#   Decrease number of Java threads
#   Decrease Java thread stack sizes (-Xss)
#   Set larger code cache with -XX:ReservedCodeCacheSize=
# This output file may be truncated or incomplete.
#
#  Out of Memory Error (allocation.cpp:273), pid=6732, tid=12036
#
# JRE version: Java(TM) SE Runtime Environment (8.0_72-b15) (build 1.8.0_72-b15)
# Java VM: Java HotSpot(TM) 64-Bit Server VM (25.72-b15 mixed mode windows-amd64 compressed oops)
# Failed to write core dump. Minidumps are not enabled by default on client versions of Windows
#

---------------  T H R E A D  ---------------

Current thread (0x000000001973b000):  JavaThread "C2 CompilerThread1" daemon [_thread_in_native, id=12036, stack(0x0000000019fe0000,0x000000001a0e0000)]

Stack: [0x0000000019fe0000,0x000000001a0e0000]
[error occurred during error reporting (printing stack bounds), id 0xc0000005]

Native frames: (J=compiled Java code, j=interpreted, Vv=VM code, C=native code)


Current CompileTask:
C2:   3588 3541   !   4       com.google.inject.spi.InjectionPoint::getInjectionPoints (489 bytes)


---------------  P R O C E S S  ---------------

Java Threads: ( => current thread )
  0x00000000197e9800 JavaThread "Service Thread" daemon [_thread_blocked, id=15084, stack(0x000000001a2e0000,0x000000001a3e0000)]
  0x0000000019748000 JavaThread "C1 CompilerThread3" daemon [_thread_blocked, id=8216, stack(0x000000001a1e0000,0x000000001a2e0000)]
  0x0000000019743000 JavaThread "C2 CompilerThread2" daemon [_thread_in_native, id=1044, stack(0x000000001a0e0000,0x000000001a1e0000)]
=>0x000000001973b000 JavaThread "C2 CompilerThread1" daemon [_thread_in_native, id=12036, stack(0x0000000019fe0000,0x000000001a0e0000)]
  0x0000000019735000 JavaThread "C2 CompilerThread0" daemon [_thread_in_native, id=13588, stack(0x0000000019ee0000,0x0000000019fe0000)]
  0x0000000019728000 JavaThread "Monitor Ctrl-Break" daemon [_thread_in_native, id=20248, stack(0x0000000019de0000,0x0000000019ee0000)]
  0x000000001970c800 JavaThread "Attach Listener" daemon [_thread_blocked, id=18456, stack(0x0000000019ce0000,0x0000000019de0000)]
  0x00000000196b7800 JavaThread "Signal Dispatcher" daemon [_thread_blocked, id=12532, stack(0x0000000019be0000,0x0000000019ce0000)]
  0x00000000196a0800 JavaThread "Finalizer" daemon [_thread_blocked, id=3120, stack(0x0000000019a80000,0x0000000019b80000)]
  0x00000000177bd000 JavaThread "Reference Handler" daemon [_thread_blocked, id=744, stack(0x0000000019580000,0x0000000019680000)]
  0x0000000000ace800 JavaThread "main" [_thread_in_native, id=21580, stack(0x00000000025f0000,0x00000000026f0000)]

Other Threads:
  0x00000000177b9000 VMThread [stack: 0x0000000019480000,0x0000000019580000] [id=5456]
  0x000000001984a800 WatcherThread [stack: 0x000000001a3e0000,0x000000001a4e0000] [id=21540]

VM state:not at safepoint (normal execution)

VM Mutex/Monitor currently owned by a thread: None

Heap:
 PSYoungGen      total 139776K, used 11832K [0x00000000d6800000, 0x00000000dfd00000, 0x0000000100000000)
  eden space 130048K, 1% used [0x00000000d6800000,0x00000000d6a8a208,0x00000000de700000)
  from space 9728K, 94% used [0x00000000df180000,0x00000000dfa83ee8,0x00000000dfb00000)
  to   space 10752K, 0% used [0x00000000de700000,0x00000000de700000,0x00000000df180000)
 ParOldGen       total 86016K, used 11008K [0x0000000083800000, 0x0000000088c00000, 0x00000000d6800000)
  object space 86016K, 12% used [0x0000000083800000,0x00000000842c0350,0x0000000088c00000)
 Metaspace       used 19449K, capacity 20150K, committed 20352K, reserved 1067008K
  class space    used 2224K, capacity 2407K, committed 2432K, reserved 1048576K

Card table byte_map: [0x0000000011d10000,0x0000000012100000] byte_map_base: 0x00000000118f4000

Marking Bits: (ParMarkBitMap*) 0x00000000763c0600
 Begin Bits: [0x0000000012ba0000, 0x0000000014ac0000)
 End Bits:   [0x0000000014ac0000, 0x00000000169e0000)

Polling page: 0x00000000009e0000

CodeCache: size=245760Kb used=13594Kb max_used=13594Kb free=232165Kb
 bounds [0x0000000002950000, 0x00000000036b0000, 0x0000000011950000]
 total_blobs=4220 nmethods=3836 adapters=296
 compilation: enabled

Compilation events (10 events):
Event: 3.548 Thread 0x0000000019748000 3848       3       org.eclipse.aether.internal.impl.collect.DataPool$GraphKey::equals (111 bytes)
Event: 3.549 Thread 0x0000000019748000 nmethod 3848 0x000000000369f710 code [0x000000000369f960, 0x00000000036a0a78]
Event: 3.549 Thread 0x0000000019748000 3849       3       java.util.AbstractList::equals (117 bytes)
Event: 3.550 Thread 0x0000000019748000 nmethod 3849 0x00000000036a0e90 code [0x00000000036a10c0, 0x00000000036a1dc8]
Event: 3.581 Thread 0x0000000019748000 3850       3       org.apache.maven.model.PluginManagement::<init> (5 bytes)
Event: 3.581 Thread 0x0000000019748000 nmethod 3850 0x00000000036a20d0 code [0x00000000036a2240, 0x00000000036a2450]
Event: 3.581 Thread 0x0000000019748000 3851       3       org.apache.maven.model.PluginConfiguration::setPluginManagement (6 bytes)
Event: 3.581 Thread 0x0000000019748000 nmethod 3851 0x00000000036a2550 code [0x00000000036a26a0, 0x00000000036a2810]
Event: 3.582 Thread 0x0000000019748000 3852       3       org.apache.maven.model.merge.MavenModelMerger::mergeDistributionManagement_Site (92 bytes)
Event: 3.583 Thread 0x0000000019748000 nmethod 3852 0x00000000036a2890 code [0x00000000036a2a80, 0x00000000036a3508]

GC Heap History (10 events):
Event: 1.374 GC heap before
{Heap before GC invocations=2 (full 0):
 PSYoungGen      total 37888K, used 37862K [0x00000000d6800000, 0x00000000d9200000, 0x0000000100000000)
  eden space 32768K, 100% used [0x00000000d6800000,0x00000000d8800000,0x00000000d8800000)
  from space 5120K, 99% used [0x00000000d8800000,0x00000000d8cf9998,0x00000000d8d00000)
  to   space 5120K, 0% used [0x00000000d8d00000,0x00000000d8d00000,0x00000000d9200000)
 ParOldGen       total 86016K, used 324K [0x0000000083800000, 0x0000000088c00000, 0x00000000d6800000)
  object space 86016K, 0% used [0x0000000083800000,0x0000000083851048,0x0000000088c00000)
 Metaspace       used 11743K, capacity 11882K, committed 12032K, reserved 1060864K
  class space    used 1431K, capacity 1510K, committed 1536K, reserved 1048576K
Event: 1.379 GC heap after
Heap after GC invocations=2 (full 0):
 PSYoungGen      total 37888K, used 5093K [0x00000000d6800000, 0x00000000db200000, 0x0000000100000000)
  eden space 32768K, 0% used [0x00000000d6800000,0x00000000d6800000,0x00000000d8800000)
  from space 5120K, 99% used [0x00000000d8d00000,0x00000000d91f9450,0x00000000d9200000)
  to   space 5120K, 0% used [0x00000000d8800000,0x00000000d8800000,0x00000000d8d00000)
 ParOldGen       total 86016K, used 2166K [0x0000000083800000, 0x0000000088c00000, 0x00000000d6800000)
  object space 86016K, 2% used [0x0000000083800000,0x0000000083a1d898,0x0000000088c00000)
 Metaspace       used 11743K, capacity 11882K, committed 12032K, reserved 1060864K
  class space    used 1431K, capacity 1510K, committed 1536K, reserved 1048576K
}
Event: 1.729 GC heap before
{Heap before GC invocations=3 (full 0):
 PSYoungGen      total 37888K, used 37861K [0x00000000d6800000, 0x00000000db200000, 0x0000000100000000)
  eden space 32768K, 100% used [0x00000000d6800000,0x00000000d8800000,0x00000000d8800000)
  from space 5120K, 99% used [0x00000000d8d00000,0x00000000d91f9450,0x00000000d9200000)
  to   space 5120K, 0% used [0x00000000d8800000,0x00000000d8800000,0x00000000d8d00000)
 ParOldGen       total 86016K, used 2166K [0x0000000083800000, 0x0000000088c00000, 0x00000000d6800000)
  object space 86016K, 2% used [0x0000000083800000,0x0000000083a1d898,0x0000000088c00000)
 Metaspace       used 15444K, capacity 15730K, committed 16128K, reserved 1062912K
  class space    used 1871K, capacity 1944K, committed 2048K, reserved 1048576K
Event: 1.735 GC heap after
Heap after GC invocations=3 (full 0):
 PSYoungGen      total 37888K, used 5101K [0x00000000d6800000, 0x00000000db200000, 0x0000000100000000)
  eden space 32768K, 0% used [0x00000000d6800000,0x00000000d6800000,0x00000000d8800000)
  from space 5120K, 99% used [0x00000000d8800000,0x00000000d8cfb5a8,0x00000000d8d00000)
  to   space 5120K, 0% used [0x00000000dad00000,0x00000000dad00000,0x00000000db200000)
 ParOldGen       total 86016K, used 4510K [0x0000000083800000, 0x0000000088c00000, 0x00000000d6800000)
  object space 86016K, 5% used [0x0000000083800000,0x0000000083c67990,0x0000000088c00000)
 Metaspace       used 15444K, capacity 15730K, committed 16128K, reserved 1062912K
  class space    used 1871K, capacity 1944K, committed 2048K, reserved 1048576K
}
Event: 2.145 GC heap before
{Heap before GC invocations=4 (full 0):
 PSYoungGen      total 37888K, used 37869K [0x00000000d6800000, 0x00000000db200000, 0x0000000100000000)
  eden space 32768K, 100% used [0x00000000d6800000,0x00000000d8800000,0x00000000d8800000)
  from space 5120K, 99% used [0x00000000d8800000,0x00000000d8cfb5a8,0x00000000d8d00000)
  to   space 5120K, 0% used [0x00000000dad00000,0x00000000dad00000,0x00000000db200000)
 ParOldGen       total 86016K, used 4510K [0x0000000083800000, 0x0000000088c00000, 0x00000000d6800000)
  object space 86016K, 5% used [0x0000000083800000,0x0000000083c67990,0x0000000088c00000)
 Metaspace       used 16871K, capacity 17206K, committed 17536K, reserved 1064960K
  class space    used 2010K, capacity 2114K, committed 2176K, reserved 1048576K
Event: 2.154 GC heap after
Heap after GC invocations=4 (full 0):
 PSYoungGen      total 70656K, used 5096K [0x00000000d6800000, 0x00000000db200000, 0x0000000100000000)
  eden space 65536K, 0% used [0x00000000d6800000,0x00000000d6800000,0x00000000da800000)
  from space 5120K, 99% used [0x00000000dad00000,0x00000000db1fa040,0x00000000db200000)
  to   space 5120K, 0% used [0x00000000da800000,0x00000000da800000,0x00000000dad00000)
 ParOldGen       total 86016K, used 7535K [0x0000000083800000, 0x0000000088c00000, 0x00000000d6800000)
  object space 86016K, 8% used [0x0000000083800000,0x0000000083f5be58,0x0000000088c00000)
 Metaspace       used 16871K, capacity 17206K, committed 17536K, reserved 1064960K
  class space    used 2010K, capacity 2114K, committed 2176K, reserved 1048576K
}
Event: 2.818 GC heap before
{Heap before GC invocations=5 (full 0):
 PSYoungGen      total 70656K, used 70632K [0x00000000d6800000, 0x00000000db200000, 0x0000000100000000)
  eden space 65536K, 100% used [0x00000000d6800000,0x00000000da800000,0x00000000da800000)
  from space 5120K, 99% used [0x00000000dad00000,0x00000000db1fa040,0x00000000db200000)
  to   space 5120K, 0% used [0x00000000da800000,0x00000000da800000,0x00000000dad00000)
 ParOldGen       total 86016K, used 7535K [0x0000000083800000, 0x0000000088c00000, 0x00000000d6800000)
  object space 86016K, 8% used [0x0000000083800000,0x0000000083f5be58,0x0000000088c00000)
 Metaspace       used 18045K, capacity 18568K, committed 18944K, reserved 1067008K
  class space    used 2071K, capacity 2227K, committed 2304K, reserved 1048576K
Event: 2.828 GC heap after
Heap after GC invocations=5 (full 0):
 PSYoungGen      total 70656K, used 5096K [0x00000000d6800000, 0x00000000dfb00000, 0x0000000100000000)
  eden space 65536K, 0% used [0x00000000d6800000,0x00000000d6800000,0x00000000da800000)
  from space 5120K, 99% used [0x00000000da800000,0x00000000dacfa020,0x00000000dad00000)
  to   space 9728K, 0% used [0x00000000df180000,0x00000000df180000,0x00000000dfb00000)
 ParOldGen       total 86016K, used 11000K [0x0000000083800000, 0x0000000088c00000, 0x00000000d6800000)
  object space 86016K, 12% used [0x0000000083800000,0x00000000842be350,0x0000000088c00000)
 Metaspace       used 18045K, capacity 18568K, committed 18944K, reserved 1067008K
  class space    used 2071K, capacity 2227K, committed 2304K, reserved 1048576K
}
Event: 3.553 GC heap before
{Heap before GC invocations=6 (full 0):
 PSYoungGen      total 70656K, used 70632K [0x00000000d6800000, 0x00000000dfb00000, 0x0000000100000000)
  eden space 65536K, 100% used [0x00000000d6800000,0x00000000da800000,0x00000000da800000)
  from space 5120K, 99% used [0x00000000da800000,0x00000000dacfa020,0x00000000dad00000)
  to   space 9728K, 0% used [0x00000000df180000,0x00000000df180000,0x00000000dfb00000)
 ParOldGen       total 86016K, used 11000K [0x0000000083800000, 0x0000000088c00000, 0x00000000d6800000)
  object space 86016K, 12% used [0x0000000083800000,0x00000000842be350,0x0000000088c00000)
 Metaspace       used 19444K, capacity 20150K, committed 20352K, reserved 1067008K
  class space    used 2224K, capacity 2407K, committed 2432K, reserved 1048576K
Event: 3.571 GC heap after
Heap after GC invocations=6 (full 0):
 PSYoungGen      total 139776K, used 9231K [0x00000000d6800000, 0x00000000dfd00000, 0x0000000100000000)
  eden space 130048K, 0% used [0x00000000d6800000,0x00000000d6800000,0x00000000de700000)
  from space 9728K, 94% used [0x00000000df180000,0x00000000dfa83ee8,0x00000000dfb00000)
  to   space 10752K, 0% used [0x00000000de700000,0x00000000de700000,0x00000000df180000)
 ParOldGen       total 86016K, used 11008K [0x0000000083800000, 0x0000000088c00000, 0x00000000d6800000)
  object space 86016K, 12% used [0x0000000083800000,0x00000000842c0350,0x0000000088c00000)
 Metaspace       used 19444K, capacity 20150K, committed 20352K, reserved 1067008K
  class space    used 2224K, capacity 2407K, committed 2432K, reserved 1048576K
}

Deoptimization events (10 events):
Event: 2.742 Thread 0x0000000000ace800 Uncommon trap: reason=class_check action=maybe_recompile pc=0x0000000002fdc140 method=sun.nio.cs.StreamEncoder.writeBytes()V @ 120
Event: 2.744 Thread 0x0000000000ace800 Uncommon trap: reason=unstable_if action=reinterpret pc=0x0000000002ce851c method=java.util.concurrent.ConcurrentHashMap.putVal(Ljava/lang/Object;Ljava/lang/Object;Z)Ljava/lang/Object; @ 206
Event: 2.900 Thread 0x0000000000ace800 Uncommon trap: reason=unstable_if action=reinterpret pc=0x00000000034aa470 method=java.lang.Class$MethodArray.matchesNameAndDescriptor(Ljava/lang/reflect/Method;Ljava/lang/reflect/Method;)Z @ 33
Event: 3.037 Thread 0x0000000000ace800 Uncommon trap: reason=speculate_class_check action=maybe_recompile pc=0x0000000002fbcde8 method=java.nio.charset.CharsetEncoder.encode(Ljava/nio/CharBuffer;Ljava/nio/ByteBuffer;Z)Ljava/nio/charset/CoderResult; @ 57
Event: 3.040 Thread 0x0000000000ace800 Uncommon trap: reason=speculate_class_check action=maybe_recompile pc=0x0000000002fbcde8 method=java.nio.charset.CharsetEncoder.encode(Ljava/nio/CharBuffer;Ljava/nio/ByteBuffer;Z)Ljava/nio/charset/CoderResult; @ 57
Event: 3.149 Thread 0x0000000000ace800 Uncommon trap: reason=speculate_class_check action=maybe_recompile pc=0x0000000002fbcde8 method=java.nio.charset.CharsetEncoder.encode(Ljava/nio/CharBuffer;Ljava/nio/ByteBuffer;Z)Ljava/nio/charset/CoderResult; @ 57
Event: 3.153 Thread 0x0000000000ace800 Uncommon trap: reason=speculate_class_check action=maybe_recompile pc=0x0000000002fc1844 method=java.nio.charset.CharsetEncoder.encode(Ljava/nio/CharBuffer;Ljava/nio/ByteBuffer;Z)Ljava/nio/charset/CoderResult; @ 57
Event: 3.288 Thread 0x0000000000ace800 Uncommon trap: reason=speculate_class_check action=maybe_recompile pc=0x0000000002fc1844 method=java.nio.charset.CharsetEncoder.encode(Ljava/nio/CharBuffer;Ljava/nio/ByteBuffer;Z)Ljava/nio/charset/CoderResult; @ 57
Event: 3.291 Thread 0x0000000000ace800 Uncommon trap: reason=speculate_class_check action=maybe_recompile pc=0x0000000002fc7568 method=java.nio.charset.CharsetEncoder.encode(Ljava/nio/CharBuffer;Ljava/nio/ByteBuffer;Z)Ljava/nio/charset/CoderResult; @ 57
Event: 3.487 Thread 0x0000000000ace800 Uncommon trap: reason=unstable_if action=reinterpret pc=0x00000000033a8d20 method=org.apache.maven.model.merge.ModelMerger.mergePlugin_GroupId(Lorg/apache/maven/model/Plugin;Lorg/apache/maven/model/Plugin;ZLjava/util/Map;)V @ 12

Internal exceptions (10 events):
Event: 1.221 Thread 0x0000000000ace800 Exception <a 'java/lang/ArrayIndexOutOfBoundsException': 66> (0x00000000d6dfbfc8) thrown at [C:\re\workspace\8-2-build-windows-amd64-cygwin\jdk8u72\5732\hotspot\src\share\vm\interpreter\interpreterRuntime.cpp, line 366]
Event: 1.521 Thread 0x0000000000ace800 Exception <a 'java/lang/NoClassDefFoundError': com/google/inject/servlet/ServletModuleTargetVisitor> (0x00000000d778ff30) thrown at [C:\re\workspace\8-2-build-windows-amd64-cygwin\jdk8u72\5732\hotspot\src\share\vm\classfile\systemDictionary.cpp, line 199]
Event: 1.521 Thread 0x0000000000ace800 Exception <a 'java/lang/NoClassDefFoundError'> (0x00000000d778ff30) thrown at [C:\re\workspace\8-2-build-windows-amd64-cygwin\jdk8u72\5732\hotspot\src\share\vm\prims\jvm.cpp, line 1390]
Event: 1.521 Thread 0x0000000000ace800 Exception <a 'java/lang/NoClassDefFoundError': javax/annotation/Priority> (0x00000000d77948e8) thrown at [C:\re\workspace\8-2-build-windows-amd64-cygwin\jdk8u72\5732\hotspot\src\share\vm\classfile\systemDictionary.cpp, line 199]
Event: 1.578 Thread 0x0000000000ace800 Implicit null exception at 0x0000000002b059d8 to 0x0000000002b05ba9
Event: 1.679 Thread 0x0000000000ace800 Implicit null exception at 0x0000000002bcc456 to 0x0000000002bcc78d
Event: 1.679 Thread 0x0000000000ace800 Implicit null exception at 0x0000000002b53156 to 0x0000000002b5347d
Event: 1.821 Thread 0x0000000000ace800 Implicit null exception at 0x0000000002fa35f7 to 0x0000000002fa3841
Event: 2.278 Thread 0x0000000000ace800 Implicit null exception at 0x0000000002d04755 to 0x0000000002d0492d
Event: 2.278 Thread 0x0000000000ace800 Implicit null exception at 0x0000000002d3c32f to 0x0000000002d3c399

Events (10 events):
Event: 3.288 Thread 0x0000000000ace800 DEOPT PACKING pc=0x0000000002fc1844 sp=0x00000000026ed930
Event: 3.288 Thread 0x0000000000ace800 DEOPT UNPACKING pc=0x000000000299582a sp=0x00000000026ed7e0 mode 2
Event: 3.291 Thread 0x0000000000ace800 Uncommon trap: trap_request=0xffffff76 fr.pc=0x0000000002fc7568
Event: 3.291 Thread 0x0000000000ace800 DEOPT PACKING pc=0x0000000002fc7568 sp=0x00000000026ed8c0
Event: 3.291 Thread 0x0000000000ace800 DEOPT UNPACKING pc=0x000000000299582a sp=0x00000000026ed7d0 mode 2
Event: 3.487 Thread 0x0000000000ace800 Uncommon trap: trap_request=0xffffff65 fr.pc=0x00000000033a8d20
Event: 3.487 Thread 0x0000000000ace800 DEOPT PACKING pc=0x00000000033a8d20 sp=0x00000000026ec4a0
Event: 3.487 Thread 0x0000000000ace800 DEOPT UNPACKING pc=0x000000000299582a sp=0x00000000026ec428 mode 2
Event: 3.553 Executing VM operation: ParallelGCFailedAllocation
Event: 3.571 Executing VM operation: ParallelGCFailedAllocation done


Dynamic libraries:
0x00007ff683c60000 - 0x00007ff683c97000 	C:\Program Files\Java\jdk1.8.0_72\bin\java.exe
0x00007ffa25650000 - 0x00007ffa25845000 	C:\WINDOWS\SYSTEM32\ntdll.dll
0x00007ffa24a80000 - 0x00007ffa24b3e000 	C:\WINDOWS\System32\KERNEL32.DLL
0x00007ffa23250000 - 0x00007ffa23518000 	C:\WINDOWS\System32\KERNELBASE.dll
0x00007ffa24c60000 - 0x00007ffa24d0e000 	C:\WINDOWS\System32\ADVAPI32.dll
0x00007ffa23800000 - 0x00007ffa2389e000 	C:\WINDOWS\System32\msvcrt.dll
0x00007ffa236e0000 - 0x00007ffa2377c000 	C:\WINDOWS\System32\sechost.dll
0x00007ffa238c0000 - 0x00007ffa239e5000 	C:\WINDOWS\System32\RPCRT4.dll
0x00007ffa248b0000 - 0x00007ffa24a50000 	C:\WINDOWS\System32\USER32.dll
0x00007ffa23180000 - 0x00007ffa231a2000 	C:\WINDOWS\System32\win32u.dll
0x00007ffa236b0000 - 0x00007ffa236db000 	C:\WINDOWS\System32\GDI32.dll
0x00007ffa23520000 - 0x00007ffa2362d000 	C:\WINDOWS\System32\gdi32full.dll
0x00007ffa231b0000 - 0x00007ffa2324d000 	C:\WINDOWS\System32\msvcp_win.dll
0x00007ffa22e20000 - 0x00007ffa22f20000 	C:\WINDOWS\System32\ucrtbase.dll
0x00007ffa06810000 - 0x00007ffa06aaa000 	C:\WINDOWS\WinSxS\amd64_microsoft.windows.common-controls_6595b64144ccf1df_6.0.19041.1110_none_60b5254171f9507e\COMCTL32.dll
0x00007ffa24a50000 - 0x00007ffa24a80000 	C:\WINDOWS\System32\IMM32.DLL
0x0000000076440000 - 0x0000000076512000 	C:\Program Files\Java\jdk1.8.0_72\jre\bin\msvcr100.dll
0x0000000075bb0000 - 0x0000000076440000 	C:\Program Files\Java\jdk1.8.0_72\jre\bin\server\jvm.dll
0x00007ffa236a0000 - 0x00007ffa236a8000 	C:\WINDOWS\System32\PSAPI.DLL
0x00007ffa11190000 - 0x00007ffa1119a000 	C:\WINDOWS\SYSTEM32\VERSION.dll
0x00007ffa08090000 - 0x00007ffa080b7000 	C:\WINDOWS\SYSTEM32\WINMM.dll
0x00007ffa18a70000 - 0x00007ffa18a79000 	C:\WINDOWS\SYSTEM32\WSOCK32.dll
0x00007ffa254b0000 - 0x00007ffa2551b000 	C:\WINDOWS\System32\WS2_32.dll
0x00000000771e0000 - 0x00000000771ef000 	C:\Program Files\Java\jdk1.8.0_72\jre\bin\verify.dll
0x0000000076bb0000 - 0x0000000076bd9000 	C:\Program Files\Java\jdk1.8.0_72\jre\bin\java.dll
0x0000000075b80000 - 0x0000000075ba3000 	C:\Program Files\Java\jdk1.8.0_72\jre\bin\instrument.dll
0x0000000075b60000 - 0x0000000075b76000 	C:\Program Files\Java\jdk1.8.0_72\jre\bin\zip.dll
0x00007ffa24160000 - 0x00007ffa248a4000 	C:\WINDOWS\System32\SHELL32.dll
0x00007ffa20a90000 - 0x00007ffa21224000 	C:\WINDOWS\SYSTEM32\windows.storage.dll
0x00007ffa239f0000 - 0x00007ffa23d45000 	C:\WINDOWS\System32\combase.dll
0x00007ffa227b0000 - 0x00007ffa227de000 	C:\WINDOWS\SYSTEM32\Wldp.dll
0x00007ffa24bb0000 - 0x00007ffa24c5d000 	C:\WINDOWS\System32\SHCORE.dll
0x00007ffa24d10000 - 0x00007ffa24d65000 	C:\WINDOWS\System32\shlwapi.dll
0x00007ffa22ca0000 - 0x00007ffa22cbf000 	C:\WINDOWS\SYSTEM32\profapi.dll
0x00007ffa187a0000 - 0x00007ffa187ba000 	D:\IntelliJ IDEA 2020.3.3\bin\breakgen64.dll
0x0000000075b40000 - 0x0000000075b5a000 	C:\Program Files\Java\jdk1.8.0_72\jre\bin\net.dll
0x00007ffa22510000 - 0x00007ffa2257a000 	C:\WINDOWS\system32\mswsock.dll
0x00007ffa22710000 - 0x00007ffa22728000 	C:\WINDOWS\SYSTEM32\CRYPTSP.dll
0x00007ffa21e20000 - 0x00007ffa21e54000 	C:\WINDOWS\system32\rsaenh.dll
0x00007ffa22d60000 - 0x00007ffa22d87000 	C:\WINDOWS\System32\bcrypt.dll
0x00007ffa22c20000 - 0x00007ffa22c4e000 	C:\WINDOWS\SYSTEM32\USERENV.dll
0x00007ffa22d90000 - 0x00007ffa22e12000 	C:\WINDOWS\System32\bcryptprimitives.dll
0x00007ffa22700000 - 0x00007ffa2270c000 	C:\WINDOWS\SYSTEM32\CRYPTBASE.dll
0x00007ffa221b0000 - 0x00007ffa221eb000 	C:\WINDOWS\SYSTEM32\IPHLPAPI.DLL
0x00007ffa24ba0000 - 0x00007ffa24ba8000 	C:\WINDOWS\System32\NSI.dll
0x00007ffa11410000 - 0x00007ffa11427000 	C:\WINDOWS\SYSTEM32\dhcpcsvc6.DLL
0x00007ffa113f0000 - 0x00007ffa1140d000 	C:\WINDOWS\SYSTEM32\dhcpcsvc.DLL
0x00007ffa22200000 - 0x00007ffa222cb000 	C:\WINDOWS\SYSTEM32\DNSAPI.dll
0x0000000075b20000 - 0x0000000075b31000 	C:\Program Files\Java\jdk1.8.0_72\jre\bin\nio.dll
0x00007ffa18a80000 - 0x00007ffa18a8a000 	C:\Users\hp\AppData\Local\Temp\jansi-1.17.1-8449355728573303645.dll
0x00007ffa18870000 - 0x00007ffa1887a000 	C:\Users\hp\AppData\Local\Temp\jansi-1.17.1-7246494876232690309.dll

VM Arguments:
jvm_args: -Dmaven.multiModuleProjectDirectory=D:\itripbackend -Dmaven.home=D:\Maven\apache-maven-3.6.3 -Dclassworlds.conf=D:\Maven\apache-maven-3.6.3\bin\m2.conf -Dmaven.ext.class.path=D:\IntelliJ IDEA 2020.3.3\plugins\maven\lib\maven-event-listener.jar -javaagent:D:\IntelliJ IDEA 2020.3.3\lib\idea_rt.jar=24423:D:\IntelliJ IDEA 2020.3.3\bin -Dfile.encoding=UTF-8 
java_command: org.codehaus.classworlds.Launcher -Didea.version=2020.3.3 -s D:\Maven\apache-maven-3.6.3\conf\settings.xml -Dmaven.repo.local=D:\Maven\maven-data install
java_class_path (initial): D:\Maven\apache-maven-3.6.3\boot\plexus-classworlds-2.6.0.jar;D:\Maven\apache-maven-3.6.3\boot\plexus-classworlds.license;D:\IntelliJ IDEA 2020.3.3\lib\idea_rt.jar
Launcher Type: SUN_STANDARD

Environment Variables:
JAVA_HOME=C:\Program Files\Java\jdk1.8.0_72
PATH=D:\VM16\bin\;D:\xshell\;C:\ProgramData\Oracle\Java\javapath;C:\windows\system32;C:\windows;C:\windows\System32\Wbem;C:\windows\System32\WindowsPowerShell\v1.0\;C:\windows\System32\OpenSSH\;C:\Program Files (x86)\NVIDIA Corporation\PhysX\Common;C:\Program Files\NVIDIA Corporation\NVIDIA NvDLISR;C:\Program Files\Java\jdk1.8.0_72\bin;C:\Program Files\Java\jdk1.8.0_72\jre\bin;C:\Program Files\Microsoft\Web Platform Installer\;C:\Program Files (x86)\Microsoft ASP.NET\ASP.NET Web Pages\v1.0\;C:\Program Files (x86)\Windows Kits\8.0\Windows Performance Toolkit\;C:\Program Files\Microsoft SQL Server\110\Tools\Binn\;C:\Program Files (x86)\Microsoft SQL Server\100\Tools\Binn\;C:\Program Files\Microsoft SQL Server\100\Tools\Binn\;C:\Program Files\Microsoft SQL Server\100\DTS\Binn\;C:\Program Files (x86)\Microsoft SQL Server\100\Tools\Binn\VSShell\Common7\IDE\;C:\Program Files (x86)\Microsoft Visual Studio 9.0\Common7\IDE\PrivateAssemblies\;C:\Program Files (x86)\Microsoft SQL Server\100\DTS\Binn\;C:\Program Files\MySQL\MySQL Server 5.7\bin;C:\WINDOWS\system32;C:\WINDOWS;C:\WINDOWS\System32\Wbem;C:\WINDOWS\System32\WindowsPowerShell\v1.0\;C:\WINDOWS\System32\OpenSSH\;D:\Maven\apache-maven-3.6.3\bin;D:\svn\bin;C:\Users\hp\AppData\Local\Microsoft\WindowsApps;;D:\IntelliJ IDEA 2020.3.3\bin;
USERNAME=hp
OS=Windows_NT
PROCESSOR_IDENTIFIER=Intel64 Family 6 Model 165 Stepping 2, GenuineIntel



---------------  S Y S T E M  ---------------

OS: Windows 10.0 , 64 bit Build 19041 (10.0.19041.1503)

CPU:total 8 (4 cores per cpu, 2 threads per core) family 6 model 165 stepping 2, cmov, cx8, fxsr, mmx, sse, sse2, sse3, ssse3, sse4.1, sse4.2, popcnt, avx, avx2, aes, clmul, erms, 3dnowpref, lzcnt, ht, tsc, tscinvbit, bmi1, bmi2, adx

Memory: 4k page, physical 8154792k(861016k free), swap 14446248k(5124k free)

vm_info: Java HotSpot(TM) 64-Bit Server VM (25.72-b15) for windows-amd64 JRE (1.8.0_72-b15), built on Dec 22 2015 19:16:16 by "java_re" with MS VC++ 10.0 (VS2010)

time: Thu Mar 10 17:15:22 2022
elapsed time: 3 seconds (0d 0h 0m 3s)

