#
# There is insufficient memory for the Java Runtime Environment to continue.
# Native memory allocation (malloc) failed to allocate 131088 bytes for Chunk::new
# Possible reasons:
#   The system is out of physical RAM or swap space
#   In 32 bit mode, the process size limit was hit
# Possible solutions:
#   Reduce memory load on the system
#   Increase physical memory or swap space
#   Check if swap backing store is full
#   Use 64 bit Java on a 64 bit OS
#   Decrease Java heap size (-Xmx/-Xms)
#   Decrease number of Java threads
#   Decrease Java thread stack sizes (-Xss)
#   Set larger code cache with -XX:ReservedCodeCacheSize=
# This output file may be truncated or incomplete.
#
#  Out of Memory Error (allocation.cpp:390), pid=12740, tid=12756
#
# JRE version: Java(TM) SE Runtime Environment (8.0_72-b15) (build 1.8.0_72-b15)
# Java VM: Java HotSpot(TM) 64-Bit Server VM (25.72-b15 mixed mode windows-amd64 compressed oops)
# Failed to write core dump. Minidumps are not enabled by default on client versions of Windows
#

---------------  T H R E A D  ---------------

Current thread (0x0000000019e9c800):  JavaThread "C2 CompilerThread1" daemon [_thread_in_native, id=12756, stack(0x000000001a6e0000,0x000000001a7e0000)]

Stack: [0x000000001a6e0000,0x000000001a7e0000]
[error occurred during error reporting (printing stack bounds), id 0xc0000005]

Native frames: (J=compiled Java code, j=interpreted, Vv=VM code, C=native code)


Current CompileTask:
C2:   1632 1555       4       java.net.URLClassLoader$1::run (5 bytes)


---------------  P R O C E S S  ---------------

Java Threads: ( => current thread )
  0x0000000019f41000 JavaThread "Service Thread" daemon [_thread_blocked, id=7052, stack(0x000000001a9e0000,0x000000001aae0000)]
  0x0000000019eb1000 JavaThread "C1 CompilerThread3" daemon [_thread_in_native, id=9100, stack(0x000000001a8e0000,0x000000001a9e0000)]
  0x0000000019ea2000 JavaThread "C2 CompilerThread2" daemon [_thread_blocked, id=11408, stack(0x000000001a7e0000,0x000000001a8e0000)]
=>0x0000000019e9c800 JavaThread "C2 CompilerThread1" daemon [_thread_in_native, id=12756, stack(0x000000001a6e0000,0x000000001a7e0000)]
  0x0000000019e94000 JavaThread "C2 CompilerThread0" daemon [_thread_blocked, id=15080, stack(0x000000001a5e0000,0x000000001a6e0000)]
  0x0000000019e87800 JavaThread "Monitor Ctrl-Break" daemon [_thread_in_native, id=8688, stack(0x000000001a4e0000,0x000000001a5e0000)]
  0x0000000019e6b800 JavaThread "Attach Listener" daemon [_thread_blocked, id=9528, stack(0x000000001a3e0000,0x000000001a4e0000)]
  0x0000000019e17000 JavaThread "Signal Dispatcher" daemon [_thread_blocked, id=2128, stack(0x000000001a2e0000,0x000000001a3e0000)]
  0x0000000003089000 JavaThread "Finalizer" daemon [_thread_blocked, id=3952, stack(0x000000001a1e0000,0x000000001a2e0000)]
  0x0000000017efd800 JavaThread "Reference Handler" daemon [_thread_blocked, id=19640, stack(0x0000000019ce0000,0x0000000019de0000)]
  0x0000000002e8e800 JavaThread "main" [_thread_in_vm, id=6364, stack(0x0000000002c90000,0x0000000002d90000)]

Other Threads:
  0x0000000017ef9000 VMThread [stack: 0x0000000019be0000,0x0000000019ce0000] [id=18520]
  0x0000000019f6b000 WatcherThread [stack: 0x000000001aae0000,0x000000001abe0000] [id=11220]

VM state:not at safepoint (normal execution)

VM Mutex/Monitor currently owned by a thread:  ([mutex/lock_event])
[0x0000000002e8d040] CodeCache_lock - owner thread: 0x0000000019eb1000

Heap:
 PSYoungGen      total 37888K, used 34571K [0x00000000d6800000, 0x00000000db200000, 0x0000000100000000)
  eden space 32768K, 89% used [0x00000000d6800000,0x00000000d84c3ab8,0x00000000d8800000)
  from space 5120K, 99% used [0x00000000d8d00000,0x00000000d91ff410,0x00000000d9200000)
  to   space 5120K, 0% used [0x00000000d8800000,0x00000000d8800000,0x00000000d8d00000)
 ParOldGen       total 86016K, used 2172K [0x0000000083800000, 0x0000000088c00000, 0x00000000d6800000)
  object space 86016K, 2% used [0x0000000083800000,0x0000000083a1f160,0x0000000088c00000)
 Metaspace       used 15202K, capacity 15530K, committed 15872K, reserved 1062912K
  class space    used 1856K, capacity 1942K, committed 2048K, reserved 1048576K

Card table byte_map: [0x0000000012450000,0x0000000012840000] byte_map_base: 0x0000000012034000

Marking Bits: (ParMarkBitMap*) 0x00000000763c0600
 Begin Bits: [0x00000000132e0000, 0x0000000015200000)
 End Bits:   [0x0000000015200000, 0x0000000017120000)

Polling page: 0x0000000000c50000

CodeCache: size=245760Kb used=5597Kb max_used=5598Kb free=240162Kb
 bounds [0x0000000003090000, 0x0000000003610000, 0x0000000012090000]
 total_blobs=1993 nmethods=1632 adapters=273
 compilation: enabled

Compilation events (10 events):
Event: 1.626 Thread 0x0000000019eb1000 1625   !   3       org.apache.maven.model.interpolation.StringVisitorModelInterpolator$1::interpolate (97 bytes)
Event: 1.627 Thread 0x0000000019e94000 nmethod 1623 0x00000000035f5bd0 code [0x00000000035f5d20, 0x00000000035f5e28]
Event: 1.627 Thread 0x0000000019eb1000 nmethod 1625 0x00000000035ef710 code [0x00000000035ef960, 0x00000000035f0858]
Event: 1.627 Thread 0x0000000019eb1000 1628       3       java.lang.String::replace (127 bytes)
Event: 1.627 Thread 0x0000000019eb1000 nmethod 1628 0x00000000035eeb10 code [0x00000000035eecc0, 0x00000000035ef370]
Event: 1.627 Thread 0x0000000019eb1000 1626       1       java.lang.String::toString (2 bytes)
Event: 1.627 Thread 0x0000000019eb1000 nmethod 1626 0x00000000035f3690 code [0x00000000035f37e0, 0x00000000035f38f0]
Event: 1.627 Thread 0x0000000019eb1000 1627       3       java.util.WeakHashMap::eq (19 bytes)
Event: 1.628 Thread 0x0000000019eb1000 nmethod 1627 0x00000000035ee650 code [0x00000000035ee7c0, 0x00000000035eea48]
Event: 1.628 Thread 0x0000000019ea2000 nmethod 1615 0x000000000360b090 code [0x000000000360b2a0, 0x000000000360bb40]

GC Heap History (4 events):
Event: 1.153 GC heap before
{Heap before GC invocations=1 (full 0):
 PSYoungGen      total 37888K, used 32768K [0x00000000d6800000, 0x00000000d9200000, 0x0000000100000000)
  eden space 32768K, 100% used [0x00000000d6800000,0x00000000d8800000,0x00000000d8800000)
  from space 5120K, 0% used [0x00000000d8d00000,0x00000000d8d00000,0x00000000d9200000)
  to   space 5120K, 0% used [0x00000000d8800000,0x00000000d8800000,0x00000000d8d00000)
 ParOldGen       total 86016K, used 0K [0x0000000083800000, 0x0000000088c00000, 0x00000000d6800000)
  object space 86016K, 0% used [0x0000000083800000,0x0000000083800000,0x0000000088c00000)
 Metaspace       used 8792K, capacity 8892K, committed 9088K, reserved 1056768K
  class space    used 1052K, capacity 1112K, committed 1152K, reserved 1048576K
Event: 1.158 GC heap after
Heap after GC invocations=1 (full 0):
 PSYoungGen      total 37888K, used 5106K [0x00000000d6800000, 0x00000000d9200000, 0x0000000100000000)
  eden space 32768K, 0% used [0x00000000d6800000,0x00000000d6800000,0x00000000d8800000)
  from space 5120K, 99% used [0x00000000d8800000,0x00000000d8cfc948,0x00000000d8d00000)
  to   space 5120K, 0% used [0x00000000d8d00000,0x00000000d8d00000,0x00000000d9200000)
 ParOldGen       total 86016K, used 379K [0x0000000083800000, 0x0000000088c00000, 0x00000000d6800000)
  object space 86016K, 0% used [0x0000000083800000,0x000000008385ec20,0x0000000088c00000)
 Metaspace       used 8792K, capacity 8892K, committed 9088K, reserved 1056768K
  class space    used 1052K, capacity 1112K, committed 1152K, reserved 1048576K
}
Event: 1.349 GC heap before
{Heap before GC invocations=2 (full 0):
 PSYoungGen      total 37888K, used 37874K [0x00000000d6800000, 0x00000000d9200000, 0x0000000100000000)
  eden space 32768K, 100% used [0x00000000d6800000,0x00000000d8800000,0x00000000d8800000)
  from space 5120K, 99% used [0x00000000d8800000,0x00000000d8cfc948,0x00000000d8d00000)
  to   space 5120K, 0% used [0x00000000d8d00000,0x00000000d8d00000,0x00000000d9200000)
 ParOldGen       total 86016K, used 379K [0x0000000083800000, 0x0000000088c00000, 0x00000000d6800000)
  object space 86016K, 0% used [0x0000000083800000,0x000000008385ec20,0x0000000088c00000)
 Metaspace       used 11739K, capacity 11950K, committed 12032K, reserved 1060864K
  class space    used 1428K, capacity 1510K, committed 1536K, reserved 1048576K
Event: 1.353 GC heap after
Heap after GC invocations=2 (full 0):
 PSYoungGen      total 37888K, used 5117K [0x00000000d6800000, 0x00000000db200000, 0x0000000100000000)
  eden space 32768K, 0% used [0x00000000d6800000,0x00000000d6800000,0x00000000d8800000)
  from space 5120K, 99% used [0x00000000d8d00000,0x00000000d91ff410,0x00000000d9200000)
  to   space 5120K, 0% used [0x00000000d8800000,0x00000000d8800000,0x00000000d8d00000)
 ParOldGen       total 86016K, used 2172K [0x0000000083800000, 0x0000000088c00000, 0x00000000d6800000)
  object space 86016K, 2% used [0x0000000083800000,0x0000000083a1f160,0x0000000088c00000)
 Metaspace       used 11739K, capacity 11950K, committed 12032K, reserved 1060864K
  class space    used 1428K, capacity 1510K, committed 1536K, reserved 1048576K
}

Deoptimization events (10 events):
Event: 1.442 Thread 0x0000000002e8e800 Uncommon trap: reason=bimorphic action=maybe_recompile pc=0x00000000033d0d00 method=java.util.HashMap.putVal(ILjava/lang/Object;Ljava/lang/Object;ZZ)Ljava/lang/Object; @ 203
Event: 1.488 Thread 0x0000000002e8e800 Uncommon trap: reason=unstable_if action=reinterpret pc=0x000000000353865c method=java.lang.ref.ReferenceQueue.poll()Ljava/lang/ref/Reference; @ 4
Event: 1.530 Thread 0x0000000002e8e800 Uncommon trap: reason=bimorphic action=maybe_recompile pc=0x00000000033d0d00 method=java.util.HashMap.putVal(ILjava/lang/Object;Ljava/lang/Object;ZZ)Ljava/lang/Object; @ 203
Event: 1.530 Thread 0x0000000002e8e800 Uncommon trap: reason=bimorphic action=maybe_recompile pc=0x00000000033d0d00 method=java.util.HashMap.putVal(ILjava/lang/Object;Ljava/lang/Object;ZZ)Ljava/lang/Object; @ 203
Event: 1.530 Thread 0x0000000002e8e800 Uncommon trap: reason=class_check action=maybe_recompile pc=0x000000000339d128 method=java.util.HashMap.putVal(ILjava/lang/Object;Ljava/lang/Object;ZZ)Ljava/lang/Object; @ 203
Event: 1.542 Thread 0x0000000002e8e800 Uncommon trap: reason=unstable_if action=reinterpret pc=0x0000000003584a10 method=org.eclipse.sisu.inject.InjectorBindings.isAssignableFrom(Lcom/google/inject/TypeLiteral;Lcom/google/inject/Binding;)Z @ 14
Event: 1.543 Thread 0x0000000002e8e800 Uncommon trap: reason=null_check action=make_not_entrant pc=0x000000000326bc9c method=java.lang.String.equals(Ljava/lang/Object;)Z @ 8
Event: 1.545 Thread 0x0000000002e8e800 Uncommon trap: reason=unstable_if action=reinterpret pc=0x0000000003290d58 method=sun.misc.MetaIndex.mayContain(Ljava/lang/String;)Z @ 38
Event: 1.553 Thread 0x0000000002e8e800 Uncommon trap: reason=unstable_if action=reinterpret pc=0x0000000003350864 method=sun.nio.cs.UTF_8$Decoder.decodeArrayLoop(Ljava/nio/ByteBuffer;Ljava/nio/CharBuffer;)Ljava/nio/charset/CoderResult; @ 84
Event: 1.626 Thread 0x0000000002e8e800 Uncommon trap: reason=unstable_if action=reinterpret pc=0x00000000032454a8 method=java.lang.String.replace(CC)Ljava/lang/String; @ 2

Internal exceptions (10 events):
Event: 1.096 Thread 0x0000000002e8e800 Exception <a 'java/lang/ArrayIndexOutOfBoundsException'> (0x00000000d803dc98) thrown at [C:\re\workspace\8-2-build-windows-amd64-cygwin\jdk8u72\5732\hotspot\src\share\vm\runtime\sharedRuntime.cpp, line 605]
Event: 1.098 Thread 0x0000000002e8e800 Exception <a 'java/lang/ArrayIndexOutOfBoundsException'> (0x00000000d805ae38) thrown at [C:\re\workspace\8-2-build-windows-amd64-cygwin\jdk8u72\5732\hotspot\src\share\vm\runtime\sharedRuntime.cpp, line 605]
Event: 1.101 Thread 0x0000000002e8e800 Exception <a 'java/lang/ArrayIndexOutOfBoundsException'> (0x00000000d809eb60) thrown at [C:\re\workspace\8-2-build-windows-amd64-cygwin\jdk8u72\5732\hotspot\src\share\vm\runtime\sharedRuntime.cpp, line 605]
Event: 1.171 Thread 0x0000000002e8e800 Exception <a 'java/lang/ArrayIndexOutOfBoundsException'> (0x00000000d6abac20) thrown at [C:\re\workspace\8-2-build-windows-amd64-cygwin\jdk8u72\5732\hotspot\src\share\vm\runtime\sharedRuntime.cpp, line 605]
Event: 1.171 Thread 0x0000000002e8e800 Exception <a 'java/lang/ArrayIndexOutOfBoundsException'> (0x00000000d6abf558) thrown at [C:\re\workspace\8-2-build-windows-amd64-cygwin\jdk8u72\5732\hotspot\src\share\vm\runtime\sharedRuntime.cpp, line 605]
Event: 1.202 Thread 0x0000000002e8e800 Exception <a 'java/lang/ArrayIndexOutOfBoundsException': 66> (0x00000000d6e13c68) thrown at [C:\re\workspace\8-2-build-windows-amd64-cygwin\jdk8u72\5732\hotspot\src\share\vm\interpreter\interpreterRuntime.cpp, line 366]
Event: 1.485 Thread 0x0000000002e8e800 Exception <a 'java/lang/NoClassDefFoundError': com/google/inject/servlet/ServletModuleTargetVisitor> (0x00000000d77a0070) thrown at [C:\re\workspace\8-2-build-windows-amd64-cygwin\jdk8u72\5732\hotspot\src\share\vm\classfile\systemDictionary.cpp, line 199]
Event: 1.485 Thread 0x0000000002e8e800 Exception <a 'java/lang/NoClassDefFoundError'> (0x00000000d77a0070) thrown at [C:\re\workspace\8-2-build-windows-amd64-cygwin\jdk8u72\5732\hotspot\src\share\vm\prims\jvm.cpp, line 1390]
Event: 1.486 Thread 0x0000000002e8e800 Exception <a 'java/lang/NoClassDefFoundError': javax/annotation/Priority> (0x00000000d77a4a28) thrown at [C:\re\workspace\8-2-build-windows-amd64-cygwin\jdk8u72\5732\hotspot\src\share\vm\classfile\systemDictionary.cpp, line 199]
Event: 1.543 Thread 0x0000000002e8e800 Implicit null exception at 0x000000000326badb to 0x000000000326bc8d

Events (10 events):
Event: 1.629 loading class org/apache/maven/artifact/versioning/ComparableVersion$IntItem done
Event: 1.629 loading class org/apache/maven/artifact/versioning/ComparableVersion$StringItem
Event: 1.629 loading class org/apache/maven/artifact/versioning/ComparableVersion$StringItem done
Event: 1.629 loading class org/apache/commons/lang3/math/NumberUtils
Event: 1.629 loading class org/apache/commons/lang3/math/NumberUtils done
Event: 1.630 loading class java/math/BigInteger
Event: 1.630 loading class java/math/BigInteger done
Event: 1.630 loading class java/math/BigDecimal
Event: 1.631 loading class java/math/BigDecimal done
Event: 1.631 loading class java/lang/Long$LongCache


Dynamic libraries:
0x00007ff758480000 - 0x00007ff7584b7000 	C:\Program Files\Java\jdk1.8.0_72\bin\java.exe
0x00007ffa25650000 - 0x00007ffa25845000 	C:\WINDOWS\SYSTEM32\ntdll.dll
0x00007ffa24a80000 - 0x00007ffa24b3e000 	C:\WINDOWS\System32\KERNEL32.DLL
0x00007ffa23250000 - 0x00007ffa23518000 	C:\WINDOWS\System32\KERNELBASE.dll
0x00007ffa24c60000 - 0x00007ffa24d0e000 	C:\WINDOWS\System32\ADVAPI32.dll
0x00007ffa23800000 - 0x00007ffa2389e000 	C:\WINDOWS\System32\msvcrt.dll
0x00007ffa236e0000 - 0x00007ffa2377c000 	C:\WINDOWS\System32\sechost.dll
0x00007ffa238c0000 - 0x00007ffa239e5000 	C:\WINDOWS\System32\RPCRT4.dll
0x00007ffa248b0000 - 0x00007ffa24a50000 	C:\WINDOWS\System32\USER32.dll
0x00007ffa23180000 - 0x00007ffa231a2000 	C:\WINDOWS\System32\win32u.dll
0x00007ffa236b0000 - 0x00007ffa236db000 	C:\WINDOWS\System32\GDI32.dll
0x00007ffa23520000 - 0x00007ffa2362d000 	C:\WINDOWS\System32\gdi32full.dll
0x00007ffa231b0000 - 0x00007ffa2324d000 	C:\WINDOWS\System32\msvcp_win.dll
0x00007ffa22e20000 - 0x00007ffa22f20000 	C:\WINDOWS\System32\ucrtbase.dll
0x00007ffa06810000 - 0x00007ffa06aaa000 	C:\WINDOWS\WinSxS\amd64_microsoft.windows.common-controls_6595b64144ccf1df_6.0.19041.1110_none_60b5254171f9507e\COMCTL32.dll
0x00007ffa24a50000 - 0x00007ffa24a80000 	C:\WINDOWS\System32\IMM32.DLL
0x0000000076440000 - 0x0000000076512000 	C:\Program Files\Java\jdk1.8.0_72\jre\bin\msvcr100.dll
0x0000000075bb0000 - 0x0000000076440000 	C:\Program Files\Java\jdk1.8.0_72\jre\bin\server\jvm.dll
0x00007ffa236a0000 - 0x00007ffa236a8000 	C:\WINDOWS\System32\PSAPI.DLL
0x00007ffa1f870000 - 0x00007ffa1f879000 	C:\WINDOWS\SYSTEM32\WSOCK32.dll
0x00007ffa254b0000 - 0x00007ffa2551b000 	C:\WINDOWS\System32\WS2_32.dll
0x00007ffa11190000 - 0x00007ffa1119a000 	C:\WINDOWS\SYSTEM32\VERSION.dll
0x00007ffa08090000 - 0x00007ffa080b7000 	C:\WINDOWS\SYSTEM32\WINMM.dll
0x0000000077460000 - 0x000000007746f000 	C:\Program Files\Java\jdk1.8.0_72\jre\bin\verify.dll
0x0000000075b80000 - 0x0000000075ba9000 	C:\Program Files\Java\jdk1.8.0_72\jre\bin\java.dll
0x0000000075b50000 - 0x0000000075b73000 	C:\Program Files\Java\jdk1.8.0_72\jre\bin\instrument.dll
0x0000000075b30000 - 0x0000000075b46000 	C:\Program Files\Java\jdk1.8.0_72\jre\bin\zip.dll
0x00007ffa24160000 - 0x00007ffa248a4000 	C:\WINDOWS\System32\SHELL32.dll
0x00007ffa20a90000 - 0x00007ffa21224000 	C:\WINDOWS\SYSTEM32\windows.storage.dll
0x00007ffa239f0000 - 0x00007ffa23d45000 	C:\WINDOWS\System32\combase.dll
0x00007ffa227b0000 - 0x00007ffa227de000 	C:\WINDOWS\SYSTEM32\Wldp.dll
0x00007ffa24bb0000 - 0x00007ffa24c5d000 	C:\WINDOWS\System32\SHCORE.dll
0x00007ffa24d10000 - 0x00007ffa24d65000 	C:\WINDOWS\System32\shlwapi.dll
0x00007ffa22ca0000 - 0x00007ffa22cbf000 	C:\WINDOWS\SYSTEM32\profapi.dll
0x00007ffa16e50000 - 0x00007ffa16e6a000 	D:\IntelliJ IDEA 2020.3.3\bin\breakgen64.dll
0x0000000075b10000 - 0x0000000075b2a000 	C:\Program Files\Java\jdk1.8.0_72\jre\bin\net.dll
0x00007ffa22510000 - 0x00007ffa2257a000 	C:\WINDOWS\system32\mswsock.dll
0x00007ffa22710000 - 0x00007ffa22728000 	C:\WINDOWS\SYSTEM32\CRYPTSP.dll
0x00007ffa21e20000 - 0x00007ffa21e54000 	C:\WINDOWS\system32\rsaenh.dll
0x00007ffa22d60000 - 0x00007ffa22d87000 	C:\WINDOWS\System32\bcrypt.dll
0x00007ffa22c20000 - 0x00007ffa22c4e000 	C:\WINDOWS\SYSTEM32\USERENV.dll
0x00007ffa22d90000 - 0x00007ffa22e12000 	C:\WINDOWS\System32\bcryptprimitives.dll
0x00007ffa22700000 - 0x00007ffa2270c000 	C:\WINDOWS\SYSTEM32\CRYPTBASE.dll
0x00007ffa221b0000 - 0x00007ffa221eb000 	C:\WINDOWS\SYSTEM32\IPHLPAPI.DLL
0x00007ffa24ba0000 - 0x00007ffa24ba8000 	C:\WINDOWS\System32\NSI.dll
0x00007ffa11410000 - 0x00007ffa11427000 	C:\WINDOWS\SYSTEM32\dhcpcsvc6.DLL
0x00007ffa113f0000 - 0x00007ffa1140d000 	C:\WINDOWS\SYSTEM32\dhcpcsvc.DLL
0x00007ffa22200000 - 0x00007ffa222cb000 	C:\WINDOWS\SYSTEM32\DNSAPI.dll
0x0000000075af0000 - 0x0000000075b01000 	C:\Program Files\Java\jdk1.8.0_72\jre\bin\nio.dll
0x00007ffa18b60000 - 0x00007ffa18b6a000 	C:\Users\hp\AppData\Local\Temp\jansi-1.17.1-107030344804163289.dll
0x00007ffa17170000 - 0x00007ffa1717a000 	C:\Users\hp\AppData\Local\Temp\jansi-1.17.1-3098413344776762039.dll

VM Arguments:
jvm_args: -Dmaven.multiModuleProjectDirectory=D:\itripbackend -Dmaven.home=D:\Maven\apache-maven-3.6.3 -Dclassworlds.conf=D:\Maven\apache-maven-3.6.3\bin\m2.conf -Dmaven.ext.class.path=D:\IntelliJ IDEA 2020.3.3\plugins\maven\lib\maven-event-listener.jar -javaagent:D:\IntelliJ IDEA 2020.3.3\lib\idea_rt.jar=1028:D:\IntelliJ IDEA 2020.3.3\bin -Dfile.encoding=UTF-8 
java_command: org.codehaus.classworlds.Launcher -Didea.version=2020.3.3 -s D:\Maven\apache-maven-3.6.3\conf\settings.xml -Dmaven.repo.local=D:\Maven\maven-data install
java_class_path (initial): D:\Maven\apache-maven-3.6.3\boot\plexus-classworlds-2.6.0.jar;D:\Maven\apache-maven-3.6.3\boot\plexus-classworlds.license;D:\IntelliJ IDEA 2020.3.3\lib\idea_rt.jar
Launcher Type: SUN_STANDARD

Environment Variables:
JAVA_HOME=C:\Program Files\Java\jdk1.8.0_72
PATH=D:\VM16\bin\;D:\xshell\;C:\ProgramData\Oracle\Java\javapath;C:\windows\system32;C:\windows;C:\windows\System32\Wbem;C:\windows\System32\WindowsPowerShell\v1.0\;C:\windows\System32\OpenSSH\;C:\Program Files (x86)\NVIDIA Corporation\PhysX\Common;C:\Program Files\NVIDIA Corporation\NVIDIA NvDLISR;C:\Program Files\Java\jdk1.8.0_72\bin;C:\Program Files\Java\jdk1.8.0_72\jre\bin;C:\Program Files\Microsoft\Web Platform Installer\;C:\Program Files (x86)\Microsoft ASP.NET\ASP.NET Web Pages\v1.0\;C:\Program Files (x86)\Windows Kits\8.0\Windows Performance Toolkit\;C:\Program Files\Microsoft SQL Server\110\Tools\Binn\;C:\Program Files (x86)\Microsoft SQL Server\100\Tools\Binn\;C:\Program Files\Microsoft SQL Server\100\Tools\Binn\;C:\Program Files\Microsoft SQL Server\100\DTS\Binn\;C:\Program Files (x86)\Microsoft SQL Server\100\Tools\Binn\VSShell\Common7\IDE\;C:\Program Files (x86)\Microsoft Visual Studio 9.0\Common7\IDE\PrivateAssemblies\;C:\Program Files (x86)\Microsoft SQL Server\100\DTS\Binn\;C:\Program Files\MySQL\MySQL Server 5.7\bin;C:\WINDOWS\system32;C:\WINDOWS;C:\WINDOWS\System32\Wbem;C:\WINDOWS\System32\WindowsPowerShell\v1.0\;C:\WINDOWS\System32\OpenSSH\;D:\Maven\apache-maven-3.6.3\bin;D:\svn\bin;C:\Users\hp\AppData\Local\Microsoft\WindowsApps;;D:\IntelliJ IDEA 2020.3.3\bin;
USERNAME=hp
OS=Windows_NT
PROCESSOR_IDENTIFIER=Intel64 Family 6 Model 165 Stepping 2, GenuineIntel



---------------  S Y S T E M  ---------------

OS: Windows 10.0 , 64 bit Build 19041 (10.0.19041.1503)

CPU:total 8 (4 cores per cpu, 2 threads per core) family 6 model 165 stepping 2, cmov, cx8, fxsr, mmx, sse, sse2, sse3, ssse3, sse4.1, sse4.2, popcnt, avx, avx2, aes, clmul, erms, 3dnowpref, lzcnt, ht, tsc, tscinvbit, bmi1, bmi2, adx

Memory: 4k page, physical 8154792k(724172k free), swap 14446248k(5180k free)

vm_info: Java HotSpot(TM) 64-Bit Server VM (25.72-b15) for windows-amd64 JRE (1.8.0_72-b15), built on Dec 22 2015 19:16:16 by "java_re" with MS VC++ 10.0 (VS2010)

time: Wed Mar 09 11:21:50 2022
elapsed time: 1 seconds (0d 0h 0m 1s)

