#
# There is insufficient memory for the Java Runtime Environment to continue.
# Native memory allocation (malloc) failed to allocate 1282304 bytes for Chunk::new
# Possible reasons:
#   The system is out of physical RAM or swap space
#   In 32 bit mode, the process size limit was hit
# Possible solutions:
#   Reduce memory load on the system
#   Increase physical memory or swap space
#   Check if swap backing store is full
#   Use 64 bit Java on a 64 bit OS
#   Decrease Java heap size (-Xmx/-Xms)
#   Decrease number of Java threads
#   Decrease Java thread stack sizes (-Xss)
#   Set larger code cache with -XX:ReservedCodeCacheSize=
# This output file may be truncated or incomplete.
#
#  Out of Memory Error (allocation.cpp:390), pid=11168, tid=22516
#
# JRE version: Java(TM) SE Runtime Environment (8.0_72-b15) (build 1.8.0_72-b15)
# Java VM: Java HotSpot(TM) 64-Bit Server VM (25.72-b15 mixed mode windows-amd64 compressed oops)
# Failed to write core dump. Minidumps are not enabled by default on client versions of Windows
#

---------------  T H R E A D  ---------------

Current thread (0x0000000019ff5000):  JavaThread "C2 CompilerThread0" daemon [_thread_in_native, id=22516, stack(0x000000001a740000,0x000000001a840000)]

Stack: [0x000000001a740000,0x000000001a840000]
[error occurred during error reporting (printing stack bounds), id 0xc0000005]

Native frames: (J=compiled Java code, j=interpreted, Vv=VM code, C=native code)


Current CompileTask:
C2:   3708 3542   !   4       com.google.inject.spi.InjectionPoint::getInjectionPoints (489 bytes)


---------------  P R O C E S S  ---------------

Java Threads: ( => current thread )
  0x000000001a09d800 JavaThread "Service Thread" daemon [_thread_blocked, id=8800, stack(0x000000001ab40000,0x000000001ac40000)]
  0x000000001a007000 JavaThread "C1 CompilerThread3" daemon [_thread_in_native, id=5792, stack(0x000000001aa40000,0x000000001ab40000)]
  0x000000001a000800 JavaThread "C2 CompilerThread2" daemon [_thread_in_native, id=4548, stack(0x000000001a940000,0x000000001aa40000)]
  0x0000000019ffa800 JavaThread "C2 CompilerThread1" daemon [_thread_in_native, id=1724, stack(0x000000001a840000,0x000000001a940000)]
=>0x0000000019ff5000 JavaThread "C2 CompilerThread0" daemon [_thread_in_native, id=22516, stack(0x000000001a740000,0x000000001a840000)]
  0x0000000019ff1000 JavaThread "Monitor Ctrl-Break" daemon [_thread_in_native, id=3780, stack(0x000000001a640000,0x000000001a740000)]
  0x0000000019fcb800 JavaThread "Attach Listener" daemon [_thread_blocked, id=16700, stack(0x000000001a540000,0x000000001a640000)]
  0x0000000019f78000 JavaThread "Signal Dispatcher" daemon [_thread_blocked, id=472, stack(0x000000001a440000,0x000000001a540000)]
  0x0000000019f60800 JavaThread "Finalizer" daemon [_thread_blocked, id=19848, stack(0x000000001a340000,0x000000001a440000)]
  0x000000001806c800 JavaThread "Reference Handler" daemon [_thread_blocked, id=10296, stack(0x0000000019e40000,0x0000000019f40000)]
  0x0000000002a8e800 JavaThread "main" [_thread_in_native, id=21624, stack(0x0000000002e50000,0x0000000002f50000)]

Other Threads:
  0x0000000018068800 VMThread [stack: 0x0000000019d40000,0x0000000019e40000] [id=19280]
  0x000000001a0c3000 WatcherThread [stack: 0x000000001ac40000,0x000000001ad40000] [id=17992]

VM state:not at safepoint (normal execution)

VM Mutex/Monitor currently owned by a thread: None

Heap:
 PSYoungGen      total 70656K, used 63625K [0x00000000d6800000, 0x00000000dfb00000, 0x0000000100000000)
  eden space 65536K, 89% used [0x00000000d6800000,0x00000000da128790,0x00000000da800000)
  from space 5120K, 99% used [0x00000000da800000,0x00000000dacfa040,0x00000000dad00000)
  to   space 9728K, 0% used [0x00000000df180000,0x00000000df180000,0x00000000dfb00000)
 ParOldGen       total 86016K, used 10820K [0x0000000083800000, 0x0000000088c00000, 0x00000000d6800000)
  object space 86016K, 12% used [0x0000000083800000,0x00000000842912f0,0x0000000088c00000)
 Metaspace       used 19414K, capacity 20026K, committed 20096K, reserved 1067008K
  class space    used 2223K, capacity 2407K, committed 2432K, reserved 1048576K

Card table byte_map: [0x00000000125c0000,0x00000000129b0000] byte_map_base: 0x00000000121a4000

Marking Bits: (ParMarkBitMap*) 0x00000000763c0600
 Begin Bits: [0x0000000013450000, 0x0000000015370000)
 End Bits:   [0x0000000015370000, 0x0000000017290000)

Polling page: 0x0000000001210000

CodeCache: size=245760Kb used=13542Kb max_used=13542Kb free=232217Kb
 bounds [0x0000000003200000, 0x0000000003f50000, 0x0000000012200000]
 total_blobs=4193 nmethods=3809 adapters=296
 compilation: enabled

Compilation events (10 events):
Event: 3.684 Thread 0x000000001a007000 3813       3       java.io.StringReader::<init> (28 bytes)
Event: 3.685 Thread 0x000000001a007000 nmethod 3813 0x0000000003f2d250 code [0x0000000003f2d3c0, 0x0000000003f2d710]
Event: 3.687 Thread 0x000000001a007000 3814       3       java.util.regex.Pattern$BnM::match (161 bytes)
Event: 3.687 Thread 0x000000001a007000 nmethod 3814 0x0000000003f2d890 code [0x0000000003f2da60, 0x0000000003f2e1d8]
Event: 3.688 Thread 0x000000001a007000 3815       3       org.apache.maven.model.Model::setDevelopers (6 bytes)
Event: 3.688 Thread 0x000000001a007000 nmethod 3815 0x0000000003f2e710 code [0x0000000003f2e860, 0x0000000003f2e9d0]
Event: 3.688 Thread 0x000000001a007000 3816       3       org.apache.maven.model.Scm::<init> (11 bytes)
Event: 3.688 Thread 0x000000001a007000 nmethod 3816 0x0000000003f2ea50 code [0x0000000003f2ebc0, 0x0000000003f2ed90]
Event: 3.697 Thread 0x000000001a007000 3817       3       org.codehaus.plexus.util.xml.pull.MXParser::parseXmlDeclWithVersion (835 bytes)
Event: 3.703 Thread 0x000000001a007000 nmethod 3817 0x0000000003f2ee50 code [0x0000000003f2f9a0, 0x0000000003f37238]

GC Heap History (10 events):
Event: 1.222 GC heap before
{Heap before GC invocations=1 (full 0):
 PSYoungGen      total 37888K, used 32768K [0x00000000d6800000, 0x00000000d9200000, 0x0000000100000000)
  eden space 32768K, 100% used [0x00000000d6800000,0x00000000d8800000,0x00000000d8800000)
  from space 5120K, 0% used [0x00000000d8d00000,0x00000000d8d00000,0x00000000d9200000)
  to   space 5120K, 0% used [0x00000000d8800000,0x00000000d8800000,0x00000000d8d00000)
 ParOldGen       total 86016K, used 0K [0x0000000083800000, 0x0000000088c00000, 0x00000000d6800000)
  object space 86016K, 0% used [0x0000000083800000,0x0000000083800000,0x0000000088c00000)
 Metaspace       used 8801K, capacity 8956K, committed 9088K, reserved 1056768K
  class space    used 1049K, capacity 1112K, committed 1152K, reserved 1048576K
Event: 1.228 GC heap after
Heap after GC invocations=1 (full 0):
 PSYoungGen      total 37888K, used 5104K [0x00000000d6800000, 0x00000000d9200000, 0x0000000100000000)
  eden space 32768K, 0% used [0x00000000d6800000,0x00000000d6800000,0x00000000d8800000)
  from space 5120K, 99% used [0x00000000d8800000,0x00000000d8cfc0b0,0x00000000d8d00000)
  to   space 5120K, 0% used [0x00000000d8d00000,0x00000000d8d00000,0x00000000d9200000)
 ParOldGen       total 86016K, used 385K [0x0000000083800000, 0x0000000088c00000, 0x00000000d6800000)
  object space 86016K, 0% used [0x0000000083800000,0x0000000083860720,0x0000000088c00000)
 Metaspace       used 8801K, capacity 8956K, committed 9088K, reserved 1056768K
  class space    used 1049K, capacity 1112K, committed 1152K, reserved 1048576K
}
Event: 1.419 GC heap before
{Heap before GC invocations=2 (full 0):
 PSYoungGen      total 37888K, used 37872K [0x00000000d6800000, 0x00000000d9200000, 0x0000000100000000)
  eden space 32768K, 100% used [0x00000000d6800000,0x00000000d8800000,0x00000000d8800000)
  from space 5120K, 99% used [0x00000000d8800000,0x00000000d8cfc0b0,0x00000000d8d00000)
  to   space 5120K, 0% used [0x00000000d8d00000,0x00000000d8d00000,0x00000000d9200000)
 ParOldGen       total 86016K, used 385K [0x0000000083800000, 0x0000000088c00000, 0x00000000d6800000)
  object space 86016K, 0% used [0x0000000083800000,0x0000000083860720,0x0000000088c00000)
 Metaspace       used 11704K, capacity 11950K, committed 12032K, reserved 1060864K
  class space    used 1420K, capacity 1510K, committed 1536K, reserved 1048576K
Event: 1.424 GC heap after
Heap after GC invocations=2 (full 0):
 PSYoungGen      total 37888K, used 5090K [0x00000000d6800000, 0x00000000db200000, 0x0000000100000000)
  eden space 32768K, 0% used [0x00000000d6800000,0x00000000d6800000,0x00000000d8800000)
  from space 5120K, 99% used [0x00000000d8d00000,0x00000000d91f8a18,0x00000000d9200000)
  to   space 5120K, 0% used [0x00000000d8800000,0x00000000d8800000,0x00000000d8d00000)
 ParOldGen       total 86016K, used 2135K [0x0000000083800000, 0x0000000088c00000, 0x00000000d6800000)
  object space 86016K, 2% used [0x0000000083800000,0x0000000083a15f78,0x0000000088c00000)
 Metaspace       used 11704K, capacity 11950K, committed 12032K, reserved 1060864K
  class space    used 1420K, capacity 1510K, committed 1536K, reserved 1048576K
}
Event: 1.792 GC heap before
{Heap before GC invocations=3 (full 0):
 PSYoungGen      total 37888K, used 37858K [0x00000000d6800000, 0x00000000db200000, 0x0000000100000000)
  eden space 32768K, 100% used [0x00000000d6800000,0x00000000d8800000,0x00000000d8800000)
  from space 5120K, 99% used [0x00000000d8d00000,0x00000000d91f8a18,0x00000000d9200000)
  to   space 5120K, 0% used [0x00000000d8800000,0x00000000d8800000,0x00000000d8d00000)
 ParOldGen       total 86016K, used 2135K [0x0000000083800000, 0x0000000088c00000, 0x00000000d6800000)
  object space 86016K, 2% used [0x0000000083800000,0x0000000083a15f78,0x0000000088c00000)
 Metaspace       used 15391K, capacity 15734K, committed 16128K, reserved 1062912K
  class space    used 1868K, capacity 1944K, committed 2048K, reserved 1048576K
Event: 1.799 GC heap after
Heap after GC invocations=3 (full 0):
 PSYoungGen      total 37888K, used 5096K [0x00000000d6800000, 0x00000000db200000, 0x0000000100000000)
  eden space 32768K, 0% used [0x00000000d6800000,0x00000000d6800000,0x00000000d8800000)
  from space 5120K, 99% used [0x00000000d8800000,0x00000000d8cfa020,0x00000000d8d00000)
  to   space 5120K, 0% used [0x00000000dad00000,0x00000000dad00000,0x00000000db200000)
 ParOldGen       total 86016K, used 4523K [0x0000000083800000, 0x0000000088c00000, 0x00000000d6800000)
  object space 86016K, 5% used [0x0000000083800000,0x0000000083c6aeb0,0x0000000088c00000)
 Metaspace       used 15391K, capacity 15734K, committed 16128K, reserved 1062912K
  class space    used 1868K, capacity 1944K, committed 2048K, reserved 1048576K
}
Event: 2.248 GC heap before
{Heap before GC invocations=4 (full 0):
 PSYoungGen      total 37888K, used 37864K [0x00000000d6800000, 0x00000000db200000, 0x0000000100000000)
  eden space 32768K, 100% used [0x00000000d6800000,0x00000000d8800000,0x00000000d8800000)
  from space 5120K, 99% used [0x00000000d8800000,0x00000000d8cfa020,0x00000000d8d00000)
  to   space 5120K, 0% used [0x00000000dad00000,0x00000000dad00000,0x00000000db200000)
 ParOldGen       total 86016K, used 4523K [0x0000000083800000, 0x0000000088c00000, 0x00000000d6800000)
  object space 86016K, 5% used [0x0000000083800000,0x0000000083c6aeb0,0x0000000088c00000)
 Metaspace       used 16836K, capacity 17146K, committed 17280K, reserved 1064960K
  class space    used 2009K, capacity 2114K, committed 2176K, reserved 1048576K
Event: 2.262 GC heap after
Heap after GC invocations=4 (full 0):
 PSYoungGen      total 70656K, used 5096K [0x00000000d6800000, 0x00000000db200000, 0x0000000100000000)
  eden space 65536K, 0% used [0x00000000d6800000,0x00000000d6800000,0x00000000da800000)
  from space 5120K, 99% used [0x00000000dad00000,0x00000000db1fa040,0x00000000db200000)
  to   space 5120K, 0% used [0x00000000da800000,0x00000000da800000,0x00000000dad00000)
 ParOldGen       total 86016K, used 7390K [0x0000000083800000, 0x0000000088c00000, 0x00000000d6800000)
  object space 86016K, 8% used [0x0000000083800000,0x0000000083f379b0,0x0000000088c00000)
 Metaspace       used 16836K, capacity 17146K, committed 17280K, reserved 1064960K
  class space    used 2009K, capacity 2114K, committed 2176K, reserved 1048576K
}
Event: 2.974 GC heap before
{Heap before GC invocations=5 (full 0):
 PSYoungGen      total 70656K, used 70632K [0x00000000d6800000, 0x00000000db200000, 0x0000000100000000)
  eden space 65536K, 100% used [0x00000000d6800000,0x00000000da800000,0x00000000da800000)
  from space 5120K, 99% used [0x00000000dad00000,0x00000000db1fa040,0x00000000db200000)
  to   space 5120K, 0% used [0x00000000da800000,0x00000000da800000,0x00000000dad00000)
 ParOldGen       total 86016K, used 7390K [0x0000000083800000, 0x0000000088c00000, 0x00000000d6800000)
  object space 86016K, 8% used [0x0000000083800000,0x0000000083f379b0,0x0000000088c00000)
 Metaspace       used 18028K, capacity 18572K, committed 18944K, reserved 1067008K
  class space    used 2071K, capacity 2227K, committed 2304K, reserved 1048576K
Event: 2.987 GC heap after
Heap after GC invocations=5 (full 0):
 PSYoungGen      total 70656K, used 5096K [0x00000000d6800000, 0x00000000dfb00000, 0x0000000100000000)
  eden space 65536K, 0% used [0x00000000d6800000,0x00000000d6800000,0x00000000da800000)
  from space 5120K, 99% used [0x00000000da800000,0x00000000dacfa040,0x00000000dad00000)
  to   space 9728K, 0% used [0x00000000df180000,0x00000000df180000,0x00000000dfb00000)
 ParOldGen       total 86016K, used 10820K [0x0000000083800000, 0x0000000088c00000, 0x00000000d6800000)
  object space 86016K, 12% used [0x0000000083800000,0x00000000842912f0,0x0000000088c00000)
 Metaspace       used 18028K, capacity 18572K, committed 18944K, reserved 1067008K
  class space    used 2071K, capacity 2227K, committed 2304K, reserved 1048576K
}

Deoptimization events (10 events):
Event: 3.035 Thread 0x0000000002a8e800 Uncommon trap: reason=predicate action=maybe_recompile pc=0x0000000003d62544 method=java.util.TimSort.binarySort([Ljava/lang/Object;IIILjava/util/Comparator;)V @ 37
Event: 3.080 Thread 0x0000000002a8e800 Uncommon trap: reason=unstable_if action=reinterpret pc=0x0000000003d70d70 method=java.lang.Class$MethodArray.matchesNameAndDescriptor(Ljava/lang/reflect/Method;Ljava/lang/reflect/Method;)Z @ 33
Event: 3.115 Thread 0x0000000002a8e800 Uncommon trap: reason=array_check action=maybe_recompile pc=0x0000000003d6cd88 method=java.util.TimSort.binarySort([Ljava/lang/Object;IIILjava/util/Comparator;)V @ 215
Event: 3.115 Thread 0x0000000002a8e800 Uncommon trap: reason=array_check action=maybe_recompile pc=0x0000000003d6cf14 method=java.util.TimSort.binarySort([Ljava/lang/Object;IIILjava/util/Comparator;)V @ 183
Event: 3.115 Thread 0x0000000002a8e800 Uncommon trap: reason=array_check action=maybe_recompile pc=0x0000000003d6ce4c method=java.util.TimSort.binarySort([Ljava/lang/Object;IIILjava/util/Comparator;)V @ 193
Event: 3.115 Thread 0x0000000002a8e800 Uncommon trap: reason=array_check action=maybe_recompile pc=0x0000000003d6ce4c method=java.util.TimSort.binarySort([Ljava/lang/Object;IIILjava/util/Comparator;)V @ 193
Event: 3.229 Thread 0x0000000002a8e800 Uncommon trap: reason=speculate_class_check action=maybe_recompile pc=0x00000000038a2a28 method=java.nio.charset.CharsetEncoder.encode(Ljava/nio/CharBuffer;Ljava/nio/ByteBuffer;Z)Ljava/nio/charset/CoderResult; @ 57
Event: 3.232 Thread 0x0000000002a8e800 Uncommon trap: reason=speculate_class_check action=maybe_recompile pc=0x00000000038a2a28 method=java.nio.charset.CharsetEncoder.encode(Ljava/nio/CharBuffer;Ljava/nio/ByteBuffer;Z)Ljava/nio/charset/CoderResult; @ 57
Event: 3.253 Thread 0x0000000002a8e800 Uncommon trap: reason=unstable_if action=reinterpret pc=0x0000000003da5e4c method=java.util.IdentityHashMap.remove(Ljava/lang/Object;)Ljava/lang/Object; @ 31
Event: 3.349 Thread 0x0000000002a8e800 Uncommon trap: reason=speculate_class_check action=maybe_recompile pc=0x00000000038a2a28 method=java.nio.charset.CharsetEncoder.encode(Ljava/nio/CharBuffer;Ljava/nio/ByteBuffer;Z)Ljava/nio/charset/CoderResult; @ 57

Internal exceptions (10 events):
Event: 1.275 Thread 0x0000000002a8e800 Exception <a 'java/lang/ArrayIndexOutOfBoundsException': 66> (0x00000000d6e83dc8) thrown at [C:\re\workspace\8-2-build-windows-amd64-cygwin\jdk8u72\5732\hotspot\src\share\vm\interpreter\interpreterRuntime.cpp, line 366]
Event: 1.560 Thread 0x0000000002a8e800 Exception <a 'java/lang/NoClassDefFoundError': com/google/inject/servlet/ServletModuleTargetVisitor> (0x00000000d7828b88) thrown at [C:\re\workspace\8-2-build-windows-amd64-cygwin\jdk8u72\5732\hotspot\src\share\vm\classfile\systemDictionary.cpp, line 199]
Event: 1.560 Thread 0x0000000002a8e800 Exception <a 'java/lang/NoClassDefFoundError'> (0x00000000d7828b88) thrown at [C:\re\workspace\8-2-build-windows-amd64-cygwin\jdk8u72\5732\hotspot\src\share\vm\prims\jvm.cpp, line 1390]
Event: 1.561 Thread 0x0000000002a8e800 Exception <a 'java/lang/NoClassDefFoundError': javax/annotation/Priority> (0x00000000d782d540) thrown at [C:\re\workspace\8-2-build-windows-amd64-cygwin\jdk8u72\5732\hotspot\src\share\vm\classfile\systemDictionary.cpp, line 199]
Event: 1.612 Thread 0x0000000002a8e800 Implicit null exception at 0x000000000339f418 to 0x000000000339f5e9
Event: 1.748 Thread 0x0000000002a8e800 Implicit null exception at 0x0000000003417114 to 0x0000000003417469
Event: 1.748 Thread 0x0000000002a8e800 Implicit null exception at 0x000000000341f956 to 0x000000000341fc7d
Event: 2.114 Thread 0x0000000002a8e800 Implicit null exception at 0x00000000038eb595 to 0x00000000038ec94d
Event: 2.395 Thread 0x0000000002a8e800 Implicit null exception at 0x00000000035b0815 to 0x00000000035b09ed
Event: 2.395 Thread 0x0000000002a8e800 Implicit null exception at 0x00000000035c2f6f to 0x00000000035c2fd9

Events (10 events):
Event: 3.349 Thread 0x0000000002a8e800 DEOPT PACKING pc=0x00000000038a2a28 sp=0x0000000002f4dc60
Event: 3.349 Thread 0x0000000002a8e800 DEOPT UNPACKING pc=0x000000000324582a sp=0x0000000002f4da50 mode 2
Event: 3.426 loading class org/codehaus/plexus/util/FileUtils
Event: 3.426 loading class org/codehaus/plexus/util/FileUtils done
Event: 3.426 loading class org/codehaus/plexus/util/FileUtils
Event: 3.426 loading class org/codehaus/plexus/util/FileUtils done
Event: 3.427 loading class org/codehaus/plexus/util/io/InputStreamFacade
Event: 3.427 loading class org/codehaus/plexus/util/io/InputStreamFacade done
Event: 3.427 loading class org/codehaus/plexus/util/io/InputStreamFacade
Event: 3.427 loading class org/codehaus/plexus/util/io/InputStreamFacade done


Dynamic libraries:
0x00007ff683c60000 - 0x00007ff683c97000 	C:\Program Files\Java\jdk1.8.0_72\bin\java.exe
0x00007ffa25650000 - 0x00007ffa25845000 	C:\WINDOWS\SYSTEM32\ntdll.dll
0x00007ffa24a80000 - 0x00007ffa24b3e000 	C:\WINDOWS\System32\KERNEL32.DLL
0x00007ffa23250000 - 0x00007ffa23518000 	C:\WINDOWS\System32\KERNELBASE.dll
0x00007ffa24c60000 - 0x00007ffa24d0e000 	C:\WINDOWS\System32\ADVAPI32.dll
0x00007ffa23800000 - 0x00007ffa2389e000 	C:\WINDOWS\System32\msvcrt.dll
0x00007ffa236e0000 - 0x00007ffa2377c000 	C:\WINDOWS\System32\sechost.dll
0x00007ffa238c0000 - 0x00007ffa239e5000 	C:\WINDOWS\System32\RPCRT4.dll
0x00007ffa248b0000 - 0x00007ffa24a50000 	C:\WINDOWS\System32\USER32.dll
0x00007ffa23180000 - 0x00007ffa231a2000 	C:\WINDOWS\System32\win32u.dll
0x00007ffa236b0000 - 0x00007ffa236db000 	C:\WINDOWS\System32\GDI32.dll
0x00007ffa23520000 - 0x00007ffa2362d000 	C:\WINDOWS\System32\gdi32full.dll
0x00007ffa231b0000 - 0x00007ffa2324d000 	C:\WINDOWS\System32\msvcp_win.dll
0x00007ffa22e20000 - 0x00007ffa22f20000 	C:\WINDOWS\System32\ucrtbase.dll
0x00007ffa06810000 - 0x00007ffa06aaa000 	C:\WINDOWS\WinSxS\amd64_microsoft.windows.common-controls_6595b64144ccf1df_6.0.19041.1110_none_60b5254171f9507e\COMCTL32.dll
0x00007ffa24a50000 - 0x00007ffa24a80000 	C:\WINDOWS\System32\IMM32.DLL
0x0000000076440000 - 0x0000000076512000 	C:\Program Files\Java\jdk1.8.0_72\jre\bin\msvcr100.dll
0x0000000075bb0000 - 0x0000000076440000 	C:\Program Files\Java\jdk1.8.0_72\jre\bin\server\jvm.dll
0x00007ffa236a0000 - 0x00007ffa236a8000 	C:\WINDOWS\System32\PSAPI.DLL
0x00007ffa18a70000 - 0x00007ffa18a79000 	C:\WINDOWS\SYSTEM32\WSOCK32.dll
0x00007ffa11190000 - 0x00007ffa1119a000 	C:\WINDOWS\SYSTEM32\VERSION.dll
0x00007ffa08090000 - 0x00007ffa080b7000 	C:\WINDOWS\SYSTEM32\WINMM.dll
0x00007ffa254b0000 - 0x00007ffa2551b000 	C:\WINDOWS\System32\WS2_32.dll
0x00000000771e0000 - 0x00000000771ef000 	C:\Program Files\Java\jdk1.8.0_72\jre\bin\verify.dll
0x0000000076bb0000 - 0x0000000076bd9000 	C:\Program Files\Java\jdk1.8.0_72\jre\bin\java.dll
0x0000000075b80000 - 0x0000000075ba3000 	C:\Program Files\Java\jdk1.8.0_72\jre\bin\instrument.dll
0x0000000075b60000 - 0x0000000075b76000 	C:\Program Files\Java\jdk1.8.0_72\jre\bin\zip.dll
0x00007ffa24160000 - 0x00007ffa248a4000 	C:\WINDOWS\System32\SHELL32.dll
0x00007ffa20a90000 - 0x00007ffa21224000 	C:\WINDOWS\SYSTEM32\windows.storage.dll
0x00007ffa239f0000 - 0x00007ffa23d45000 	C:\WINDOWS\System32\combase.dll
0x00007ffa227b0000 - 0x00007ffa227de000 	C:\WINDOWS\SYSTEM32\Wldp.dll
0x00007ffa24bb0000 - 0x00007ffa24c5d000 	C:\WINDOWS\System32\SHCORE.dll
0x00007ffa24d10000 - 0x00007ffa24d65000 	C:\WINDOWS\System32\shlwapi.dll
0x00007ffa22ca0000 - 0x00007ffa22cbf000 	C:\WINDOWS\SYSTEM32\profapi.dll
0x00007ffa09720000 - 0x00007ffa0973a000 	D:\IntelliJ IDEA 2020.3.3\bin\breakgen64.dll
0x0000000075b40000 - 0x0000000075b5a000 	C:\Program Files\Java\jdk1.8.0_72\jre\bin\net.dll
0x00007ffa22510000 - 0x00007ffa2257a000 	C:\WINDOWS\system32\mswsock.dll
0x00007ffa22710000 - 0x00007ffa22728000 	C:\WINDOWS\SYSTEM32\CRYPTSP.dll
0x00007ffa21e20000 - 0x00007ffa21e54000 	C:\WINDOWS\system32\rsaenh.dll
0x00007ffa22d60000 - 0x00007ffa22d87000 	C:\WINDOWS\System32\bcrypt.dll
0x00007ffa22c20000 - 0x00007ffa22c4e000 	C:\WINDOWS\SYSTEM32\USERENV.dll
0x00007ffa22d90000 - 0x00007ffa22e12000 	C:\WINDOWS\System32\bcryptprimitives.dll
0x00007ffa22700000 - 0x00007ffa2270c000 	C:\WINDOWS\SYSTEM32\CRYPTBASE.dll
0x00007ffa221b0000 - 0x00007ffa221eb000 	C:\WINDOWS\SYSTEM32\IPHLPAPI.DLL
0x00007ffa24ba0000 - 0x00007ffa24ba8000 	C:\WINDOWS\System32\NSI.dll
0x00007ffa11410000 - 0x00007ffa11427000 	C:\WINDOWS\SYSTEM32\dhcpcsvc6.DLL
0x00007ffa113f0000 - 0x00007ffa1140d000 	C:\WINDOWS\SYSTEM32\dhcpcsvc.DLL
0x00007ffa22200000 - 0x00007ffa222cb000 	C:\WINDOWS\SYSTEM32\DNSAPI.dll
0x0000000075b20000 - 0x0000000075b31000 	C:\Program Files\Java\jdk1.8.0_72\jre\bin\nio.dll
0x00007ffa1f7c0000 - 0x00007ffa1f7ca000 	C:\Users\hp\AppData\Local\Temp\jansi-1.17.1-6399728017644574538.dll
0x00007ffa18a80000 - 0x00007ffa18a8a000 	C:\Users\hp\AppData\Local\Temp\jansi-1.17.1-5078299333626323275.dll

VM Arguments:
jvm_args: -Dmaven.multiModuleProjectDirectory=D:\itripbackend -Dmaven.home=D:\Maven\apache-maven-3.6.3 -Dclassworlds.conf=D:\Maven\apache-maven-3.6.3\bin\m2.conf -Dmaven.ext.class.path=D:\IntelliJ IDEA 2020.3.3\plugins\maven\lib\maven-event-listener.jar -javaagent:D:\IntelliJ IDEA 2020.3.3\lib\idea_rt.jar=1922:D:\IntelliJ IDEA 2020.3.3\bin -Dfile.encoding=UTF-8 
java_command: org.codehaus.classworlds.Launcher -Didea.version=2020.3.3 -s D:\Maven\apache-maven-3.6.3\conf\settings.xml -Dmaven.repo.local=D:\Maven\maven-data install
java_class_path (initial): D:\Maven\apache-maven-3.6.3\boot\plexus-classworlds-2.6.0.jar;D:\Maven\apache-maven-3.6.3\boot\plexus-classworlds.license;D:\IntelliJ IDEA 2020.3.3\lib\idea_rt.jar
Launcher Type: SUN_STANDARD

Environment Variables:
JAVA_HOME=C:\Program Files\Java\jdk1.8.0_72
PATH=D:\VM16\bin\;D:\xshell\;C:\ProgramData\Oracle\Java\javapath;C:\windows\system32;C:\windows;C:\windows\System32\Wbem;C:\windows\System32\WindowsPowerShell\v1.0\;C:\windows\System32\OpenSSH\;C:\Program Files (x86)\NVIDIA Corporation\PhysX\Common;C:\Program Files\NVIDIA Corporation\NVIDIA NvDLISR;C:\Program Files\Java\jdk1.8.0_72\bin;C:\Program Files\Java\jdk1.8.0_72\jre\bin;C:\Program Files\Microsoft\Web Platform Installer\;C:\Program Files (x86)\Microsoft ASP.NET\ASP.NET Web Pages\v1.0\;C:\Program Files (x86)\Windows Kits\8.0\Windows Performance Toolkit\;C:\Program Files\Microsoft SQL Server\110\Tools\Binn\;C:\Program Files (x86)\Microsoft SQL Server\100\Tools\Binn\;C:\Program Files\Microsoft SQL Server\100\Tools\Binn\;C:\Program Files\Microsoft SQL Server\100\DTS\Binn\;C:\Program Files (x86)\Microsoft SQL Server\100\Tools\Binn\VSShell\Common7\IDE\;C:\Program Files (x86)\Microsoft Visual Studio 9.0\Common7\IDE\PrivateAssemblies\;C:\Program Files (x86)\Microsoft SQL Server\100\DTS\Binn\;C:\Program Files\MySQL\MySQL Server 5.7\bin;C:\WINDOWS\system32;C:\WINDOWS;C:\WINDOWS\System32\Wbem;C:\WINDOWS\System32\WindowsPowerShell\v1.0\;C:\WINDOWS\System32\OpenSSH\;D:\Maven\apache-maven-3.6.3\bin;D:\svn\bin;C:\Users\hp\AppData\Local\Microsoft\WindowsApps;;D:\IntelliJ IDEA 2020.3.3\bin;
USERNAME=hp
OS=Windows_NT
PROCESSOR_IDENTIFIER=Intel64 Family 6 Model 165 Stepping 2, GenuineIntel



---------------  S Y S T E M  ---------------

OS: Windows 10.0 , 64 bit Build 19041 (10.0.19041.1503)

CPU:total 8 (4 cores per cpu, 2 threads per core) family 6 model 165 stepping 2, cmov, cx8, fxsr, mmx, sse, sse2, sse3, ssse3, sse4.1, sse4.2, popcnt, avx, avx2, aes, clmul, erms, 3dnowpref, lzcnt, ht, tsc, tscinvbit, bmi1, bmi2, adx

Memory: 4k page, physical 8154792k(947144k free), swap 14446248k(7284k free)

vm_info: Java HotSpot(TM) 64-Bit Server VM (25.72-b15) for windows-amd64 JRE (1.8.0_72-b15), built on Dec 22 2015 19:16:16 by "java_re" with MS VC++ 10.0 (VS2010)

time: Thu Mar 10 16:06:07 2022
elapsed time: 3 seconds (0d 0h 0m 3s)

