#
# There is insufficient memory for the Java Runtime Environment to continue.
# Native memory allocation (malloc) failed to allocate 1590416 bytes for Chunk::new
# Possible reasons:
#   The system is out of physical RAM or swap space
#   In 32 bit mode, the process size limit was hit
# Possible solutions:
#   Reduce memory load on the system
#   Increase physical memory or swap space
#   Check if swap backing store is full
#   Use 64 bit Java on a 64 bit OS
#   Decrease Java heap size (-Xmx/-Xms)
#   Decrease number of Java threads
#   Decrease Java thread stack sizes (-Xss)
#   Set larger code cache with -XX:ReservedCodeCacheSize=
# This output file may be truncated or incomplete.
#
#  Out of Memory Error (allocation.cpp:390), pid=7132, tid=5280
#
# JRE version: Java(TM) SE Runtime Environment (8.0_72-b15) (build 1.8.0_72-b15)
# Java VM: Java HotSpot(TM) 64-Bit Server VM (25.72-b15 mixed mode windows-amd64 compressed oops)
# Failed to write core dump. Minidumps are not enabled by default on client versions of Windows
#

---------------  T H R E A D  ---------------

Current thread (0x000000001a15c800):  JavaThread "C2 CompilerThread2" daemon [_thread_in_native, id=5280, stack(0x000000001aa90000,0x000000001ab90000)]

Stack: [0x000000001aa90000,0x000000001ab90000]
[error occurred during error reporting (printing stack bounds), id 0xc0000005]

Native frames: (J=compiled Java code, j=interpreted, Vv=VM code, C=native code)


Current CompileTask:
C2:   5449 4267   !   4       java.net.URLClassLoader$1::run (63 bytes)


---------------  P R O C E S S  ---------------

Java Threads: ( => current thread )
  0x000000001eed4000 JavaThread "localhost-startStop-1" daemon [_thread_in_native, id=16228, stack(0x0000000021580000,0x0000000021680000)]
  0x0000000020df9000 JavaThread "Tomcat-startStop-1" daemon [_thread_blocked, id=5664, stack(0x000000001de30000,0x000000001df30000)]
  0x000000001a1f9800 JavaThread "Service Thread" daemon [_thread_blocked, id=15900, stack(0x000000001ac90000,0x000000001ad90000)]
  0x000000001a167000 JavaThread "C1 CompilerThread3" daemon [_thread_blocked, id=18128, stack(0x000000001ab90000,0x000000001ac90000)]
=>0x000000001a15c800 JavaThread "C2 CompilerThread2" daemon [_thread_in_native, id=5280, stack(0x000000001aa90000,0x000000001ab90000)]
  0x000000001a154000 JavaThread "C2 CompilerThread1" daemon [_thread_in_native, id=2308, stack(0x000000001a990000,0x000000001aa90000)]
  0x000000001a146000 JavaThread "C2 CompilerThread0" daemon [_thread_in_native, id=1012, stack(0x000000001a890000,0x000000001a990000)]
  0x000000001a143000 JavaThread "Monitor Ctrl-Break" daemon [_thread_in_native, id=14660, stack(0x000000001a790000,0x000000001a890000)]
  0x000000001a0c7000 JavaThread "Attach Listener" daemon [_thread_blocked, id=19824, stack(0x000000001a690000,0x000000001a790000)]
  0x000000001a0c6000 JavaThread "Signal Dispatcher" daemon [_thread_blocked, id=20756, stack(0x000000001a590000,0x000000001a690000)]
  0x000000001a0b0800 JavaThread "Finalizer" daemon [_thread_blocked, id=6204, stack(0x000000001a490000,0x000000001a590000)]
  0x000000001819d800 JavaThread "Reference Handler" daemon [_thread_blocked, id=6036, stack(0x0000000019f90000,0x000000001a090000)]
  0x000000000304e800 JavaThread "main" [_thread_blocked, id=19180, stack(0x0000000002e90000,0x0000000002f90000)]

Other Threads:
  0x0000000018199800 VMThread [stack: 0x0000000019e90000,0x0000000019f90000] [id=14128]
  0x000000001a231000 WatcherThread [stack: 0x000000001ad90000,0x000000001ae90000] [id=19600]

VM state:not at safepoint (normal execution)

VM Mutex/Monitor currently owned by a thread: None

Heap:
 PSYoungGen      total 265728K, used 79033K [0x00000000d6800000, 0x00000000f0280000, 0x0000000100000000)
  eden space 248832K, 31% used [0x00000000d6800000,0x00000000db52e5b0,0x00000000e5b00000)
  from space 16896K, 0% used [0x00000000e5b00000,0x00000000e5b00000,0x00000000e6b80000)
  to   space 28160K, 0% used [0x00000000ee700000,0x00000000ee700000,0x00000000f0280000)
 ParOldGen       total 56320K, used 51761K [0x0000000083800000, 0x0000000086f00000, 0x00000000d6800000)
  object space 56320K, 91% used [0x0000000083800000,0x0000000086a8c628,0x0000000086f00000)
 Metaspace       used 24479K, capacity 25080K, committed 25344K, reserved 1071104K
  class space    used 2816K, capacity 2969K, committed 3072K, reserved 1048576K

Card table byte_map: [0x00000000126f0000,0x0000000012ae0000] byte_map_base: 0x00000000122d4000

Marking Bits: (ParMarkBitMap*) 0x00000000763c0600
 Begin Bits: [0x0000000013580000, 0x00000000154a0000)
 End Bits:   [0x00000000154a0000, 0x00000000173c0000)

Polling page: 0x0000000001250000

CodeCache: size=245760Kb used=15548Kb max_used=15548Kb free=230211Kb
 bounds [0x0000000003330000, 0x0000000004270000, 0x0000000012330000]
 total_blobs=4651 nmethods=4238 adapters=325
 compilation: enabled

Compilation events (10 events):
Event: 5.281 Thread 0x000000001a167000 4296       1       org.apache.catalina.deploy.SessionConfig::getCookieSecure (5 bytes)
Event: 5.281 Thread 0x000000001a167000 nmethod 4296 0x0000000003460f10 code [0x0000000003461060, 0x0000000003461170]
Event: 5.281 Thread 0x000000001a167000 4297       1       org.apache.catalina.deploy.SessionConfig::getCookieMaxAge (5 bytes)
Event: 5.281 Thread 0x000000001a167000 nmethod 4297 0x0000000003460c50 code [0x0000000003460da0, 0x0000000003460eb0]
Event: 5.281 Thread 0x000000001a167000 4298       1       org.apache.catalina.deploy.WebXml::getTaglibs (5 bytes)
Event: 5.281 Thread 0x000000001a167000 nmethod 4298 0x0000000003460990 code [0x0000000003460ae0, 0x0000000003460bf0]
Event: 5.281 Thread 0x000000001a167000 4299       1       org.apache.catalina.deploy.WebXml::getPostConstructMethods (5 bytes)
Event: 5.281 Thread 0x000000001a167000 nmethod 4299 0x00000000034edd10 code [0x00000000034ede60, 0x00000000034edf70]
Event: 5.281 Thread 0x000000001a167000 4300       1       org.apache.catalina.deploy.WebXml::getPreDestroyMethods (5 bytes)
Event: 5.281 Thread 0x000000001a167000 nmethod 4300 0x00000000034eda50 code [0x00000000034edba0, 0x00000000034edcb0]

GC Heap History (10 events):
Event: 3.404 GC heap before
{Heap before GC invocations=7 (full 0):
 PSYoungGen      total 140800K, used 20224K [0x00000000d6800000, 0x00000000dff00000, 0x0000000100000000)
  eden space 130048K, 7% used [0x00000000d6800000,0x00000000d7214fb8,0x00000000de700000)
  from space 10752K, 92% used [0x00000000df280000,0x00000000dfc2b318,0x00000000dfd00000)
  to   space 11776K, 0% used [0x00000000de700000,0x00000000de700000,0x00000000df280000)
 ParOldGen       total 86016K, used 12265K [0x0000000083800000, 0x0000000088c00000, 0x00000000d6800000)
  object space 86016K, 14% used [0x0000000083800000,0x00000000843fa498,0x0000000088c00000)
 Metaspace       used 20562K, capacity 21030K, committed 21248K, reserved 1069056K
  class space    used 2366K, capacity 2496K, committed 2560K, reserved 1048576K
Event: 3.417 GC heap after
Heap after GC invocations=7 (full 0):
 PSYoungGen      total 141824K, used 6142K [0x00000000d6800000, 0x00000000e7c00000, 0x0000000100000000)
  eden space 130048K, 0% used [0x00000000d6800000,0x00000000d6800000,0x00000000de700000)
  from space 11776K, 52% used [0x00000000de700000,0x00000000decffa08,0x00000000df280000)
  to   space 11264K, 0% used [0x00000000e7100000,0x00000000e7100000,0x00000000e7c00000)
 ParOldGen       total 86016K, used 14077K [0x0000000083800000, 0x0000000088c00000, 0x00000000d6800000)
  object space 86016K, 16% used [0x0000000083800000,0x00000000845bf568,0x0000000088c00000)
 Metaspace       used 20562K, capacity 21030K, committed 21248K, reserved 1069056K
  class space    used 2366K, capacity 2496K, committed 2560K, reserved 1048576K
}
Event: 3.417 GC heap before
{Heap before GC invocations=8 (full 1):
 PSYoungGen      total 141824K, used 6142K [0x00000000d6800000, 0x00000000e7c00000, 0x0000000100000000)
  eden space 130048K, 0% used [0x00000000d6800000,0x00000000d6800000,0x00000000de700000)
  from space 11776K, 52% used [0x00000000de700000,0x00000000decffa08,0x00000000df280000)
  to   space 11264K, 0% used [0x00000000e7100000,0x00000000e7100000,0x00000000e7c00000)
 ParOldGen       total 86016K, used 14077K [0x0000000083800000, 0x0000000088c00000, 0x00000000d6800000)
  object space 86016K, 16% used [0x0000000083800000,0x00000000845bf568,0x0000000088c00000)
 Metaspace       used 20562K, capacity 21030K, committed 21248K, reserved 1069056K
  class space    used 2366K, capacity 2496K, committed 2560K, reserved 1048576K
Event: 3.459 GC heap after
Heap after GC invocations=8 (full 1):
 PSYoungGen      total 141824K, used 0K [0x00000000d6800000, 0x00000000e7c00000, 0x0000000100000000)
  eden space 130048K, 0% used [0x00000000d6800000,0x00000000d6800000,0x00000000de700000)
  from space 11776K, 0% used [0x00000000de700000,0x00000000de700000,0x00000000df280000)
  to   space 11264K, 0% used [0x00000000e7100000,0x00000000e7100000,0x00000000e7c00000)
 ParOldGen       total 56320K, used 13887K [0x0000000083800000, 0x0000000086f00000, 0x00000000d6800000)
  object space 56320K, 24% used [0x0000000083800000,0x000000008458fe10,0x0000000086f00000)
 Metaspace       used 20562K, capacity 21030K, committed 21248K, reserved 1069056K
  class space    used 2366K, capacity 2496K, committed 2560K, reserved 1048576K
}
Event: 4.256 GC heap before
{Heap before GC invocations=9 (full 1):
 PSYoungGen      total 141824K, used 130048K [0x00000000d6800000, 0x00000000e7c00000, 0x0000000100000000)
  eden space 130048K, 100% used [0x00000000d6800000,0x00000000de700000,0x00000000de700000)
  from space 11776K, 0% used [0x00000000de700000,0x00000000de700000,0x00000000df280000)
  to   space 11264K, 0% used [0x00000000e7100000,0x00000000e7100000,0x00000000e7c00000)
 ParOldGen       total 56320K, used 13887K [0x0000000083800000, 0x0000000086f00000, 0x00000000d6800000)
  object space 56320K, 24% used [0x0000000083800000,0x000000008458fe10,0x0000000086f00000)
 Metaspace       used 24438K, capacity 25066K, committed 25344K, reserved 1071104K
  class space    used 2811K, capacity 2967K, committed 3072K, reserved 1048576K
Event: 4.285 GC heap after
Heap after GC invocations=9 (full 1):
 PSYoungGen      total 251392K, used 11256K [0x00000000d6800000, 0x00000000e7c00000, 0x0000000100000000)
  eden space 240128K, 0% used [0x00000000d6800000,0x00000000d6800000,0x00000000e5280000)
  from space 11264K, 99% used [0x00000000e7100000,0x00000000e7bfe368,0x00000000e7c00000)
  to   space 16896K, 0% used [0x00000000e5b00000,0x00000000e5b00000,0x00000000e6b80000)
 ParOldGen       total 56320K, used 23384K [0x0000000083800000, 0x0000000086f00000, 0x00000000d6800000)
  object space 56320K, 41% used [0x0000000083800000,0x0000000084ed6090,0x0000000086f00000)
 Metaspace       used 24438K, capacity 25066K, committed 25344K, reserved 1071104K
  class space    used 2811K, capacity 2967K, committed 3072K, reserved 1048576K
}
Event: 4.857 GC heap before
{Heap before GC invocations=10 (full 1):
 PSYoungGen      total 251392K, used 251384K [0x00000000d6800000, 0x00000000e7c00000, 0x0000000100000000)
  eden space 240128K, 100% used [0x00000000d6800000,0x00000000e5280000,0x00000000e5280000)
  from space 11264K, 99% used [0x00000000e7100000,0x00000000e7bfe368,0x00000000e7c00000)
  to   space 16896K, 0% used [0x00000000e5b00000,0x00000000e5b00000,0x00000000e6b80000)
 ParOldGen       total 56320K, used 23384K [0x0000000083800000, 0x0000000086f00000, 0x00000000d6800000)
  object space 56320K, 41% used [0x0000000083800000,0x0000000084ed6090,0x0000000086f00000)
 Metaspace       used 24470K, capacity 25070K, committed 25344K, reserved 1071104K
  class space    used 2815K, capacity 2967K, committed 3072K, reserved 1048576K
Event: 4.918 GC heap after
Heap after GC invocations=10 (full 1):
 PSYoungGen      total 265728K, used 16881K [0x00000000d6800000, 0x00000000f0280000, 0x0000000100000000)
  eden space 248832K, 0% used [0x00000000d6800000,0x00000000d6800000,0x00000000e5b00000)
  from space 16896K, 99% used [0x00000000e5b00000,0x00000000e6b7c618,0x00000000e6b80000)
  to   space 28160K, 0% used [0x00000000ee700000,0x00000000ee700000,0x00000000f0280000)
 ParOldGen       total 56320K, used 46551K [0x0000000083800000, 0x0000000086f00000, 0x00000000d6800000)
  object space 56320K, 82% used [0x0000000083800000,0x0000000086575e18,0x0000000086f00000)
 Metaspace       used 24470K, capacity 25070K, committed 25344K, reserved 1071104K
  class space    used 2815K, capacity 2967K, committed 3072K, reserved 1048576K
}
Event: 4.918 GC heap before
{Heap before GC invocations=11 (full 2):
 PSYoungGen      total 265728K, used 16881K [0x00000000d6800000, 0x00000000f0280000, 0x0000000100000000)
  eden space 248832K, 0% used [0x00000000d6800000,0x00000000d6800000,0x00000000e5b00000)
  from space 16896K, 99% used [0x00000000e5b00000,0x00000000e6b7c618,0x00000000e6b80000)
  to   space 28160K, 0% used [0x00000000ee700000,0x00000000ee700000,0x00000000f0280000)
 ParOldGen       total 56320K, used 46551K [0x0000000083800000, 0x0000000086f00000, 0x00000000d6800000)
  object space 56320K, 82% used [0x0000000083800000,0x0000000086575e18,0x0000000086f00000)
 Metaspace       used 24470K, capacity 25070K, committed 25344K, reserved 1071104K
  class space    used 2815K, capacity 2967K, committed 3072K, reserved 1048576K
Event: 5.202 GC heap after
Heap after GC invocations=11 (full 2):
 PSYoungGen      total 265728K, used 0K [0x00000000d6800000, 0x00000000f0280000, 0x0000000100000000)
  eden space 248832K, 0% used [0x00000000d6800000,0x00000000d6800000,0x00000000e5b00000)
  from space 16896K, 0% used [0x00000000e5b00000,0x00000000e5b00000,0x00000000e6b80000)
  to   space 28160K, 0% used [0x00000000ee700000,0x00000000ee700000,0x00000000f0280000)
 ParOldGen       total 56320K, used 51761K [0x0000000083800000, 0x0000000086f00000, 0x00000000d6800000)
  object space 56320K, 91% used [0x0000000083800000,0x0000000086a8c628,0x0000000086f00000)
 Metaspace       used 24470K, capacity 25070K, committed 25344K, reserved 1071104K
  class space    used 2815K, capacity 2967K, committed 3072K, reserved 1048576K
}

Deoptimization events (10 events):
Event: 3.703 Thread 0x000000001eed4000 Uncommon trap: reason=unstable_if action=reinterpret pc=0x0000000003f5d710 method=java.util.Properties$LineReader.readLine()I @ 180
Event: 3.703 Thread 0x000000001eed4000 Uncommon trap: reason=unstable_if action=reinterpret pc=0x0000000003f614b4 method=java.util.Properties$LineReader.readLine()I @ 180
Event: 3.703 Thread 0x000000001eed4000 Uncommon trap: reason=unstable_if action=reinterpret pc=0x0000000003f69aa0 method=java.util.Properties.load0(Ljava/util/Properties$LineReader;)V @ 56
Event: 3.721 Thread 0x000000001eed4000 Uncommon trap: reason=null_assert action=make_not_entrant pc=0x000000000387e7a8 method=java.util.zip.ZipEntry.<init>(Ljava/util/zip/ZipEntry;)V @ 70
Event: 3.726 Thread 0x000000001eed4000 Uncommon trap: reason=predicate action=maybe_recompile pc=0x0000000003a3b08c method=java.util.LinkedList.indexOf(Ljava/lang/Object;)I @ 47
Event: 3.726 Thread 0x000000001eed4000 Uncommon trap: reason=unstable_if action=reinterpret pc=0x00000000038a6ed4 method=sun.misc.URLClassPath$JarLoader.getResource(Ljava/lang/String;Z)Lsun/misc/Resource; @ 62
Event: 3.736 Thread 0x000000001eed4000 Uncommon trap: reason=unstable_if action=reinterpret pc=0x0000000004075c38 method=com.sun.org.apache.xerces.internal.impl.XMLEntityScanner.peekChar()I @ 14
Event: 3.915 Thread 0x000000001eed4000 Uncommon trap: reason=unstable_if action=reinterpret pc=0x0000000003f5bb54 method=org.codehaus.plexus.classworlds.realm.Entry.matches(Ljava/lang/String;)Z @ 209
Event: 4.431 Thread 0x000000001eed4000 Uncommon trap: reason=unloaded action=reinterpret pc=0x00000000041f8684 method=org.apache.tomcat.util.bcel.classfile.Attribute.readAttribute(Ljava/io/DataInputStream;Lorg/apache/tomcat/util/bcel/classfile/ConstantPool;)Lorg/apache/tomcat/util/bcel/classfilê9ÖK}è@
Event: 4.640 Thread 0x000000001eed4000 Uncommon trap: reason=unloaded action=reinterpret pc=0x00000000041c5fd8 method=org.apache.tomcat.util.bcel.classfile.Constant.readConstant(Ljava/io/DataInputStream;)Lorg/apache/tomcat/util/bcel/classfile/Constant; @ 214

Internal exceptions (10 events):
Event: 1.581 Thread 0x000000000304e800 Implicit null exception at 0x00000000034eebd8 to 0x00000000034eeda9
Event: 1.642 Thread 0x000000000304e800 Implicit null exception at 0x0000000003600c96 to 0x0000000003600fcd
Event: 1.642 Thread 0x000000000304e800 Implicit null exception at 0x00000000035403d6 to 0x00000000035406fd
Event: 1.739 Thread 0x000000000304e800 Implicit null exception at 0x000000000392fab7 to 0x000000000392fd01
Event: 1.921 Thread 0x000000000304e800 Implicit null exception at 0x000000000391c595 to 0x000000000391ce25
Event: 1.922 Thread 0x000000000304e800 Implicit null exception at 0x00000000036f2a55 to 0x00000000036f2c2d
Event: 1.922 Thread 0x000000000304e800 Implicit null exception at 0x000000000384605b to 0x00000000038464d1
Event: 2.406 Thread 0x000000000304e800 Implicit null exception at 0x0000000003c7b9bd to 0x0000000003c7bde5
Event: 3.317 Thread 0x000000000304e800 Exception <a 'java/io/FileNotFoundException'> (0x00000000da2fd670) thrown at [C:\re\workspace\8-2-build-windows-amd64-cygwin\jdk8u72\5732\hotspot\src\share\vm\prims\jni.cpp, line 709]
Event: 3.471 Thread 0x000000000304e800 Implicit null exception at 0x0000000003ceb00c to 0x0000000003ceb5a9

Events (10 events):
Event: 5.211 Executing VM operation: RevokeBias
Event: 5.211 Executing VM operation: RevokeBias done
Event: 5.211 Executing VM operation: RevokeBias
Event: 5.211 Executing VM operation: RevokeBias done
Event: 5.211 Executing VM operation: BulkRevokeBias
Event: 5.211 Executing VM operation: BulkRevokeBias done
Event: 5.333 loading class org/springframework/web/servlet/support/AbstractDispatcherServletInitializer
Event: 5.333 loading class org/springframework/web/servlet/support/AbstractDispatcherServletInitializer done
Event: 5.334 loading class org/springframework/web/servlet/support/AbstractAnnotationConfigDispatcherServletInitializer
Event: 5.334 loading class org/springframework/web/servlet/support/AbstractAnnotationConfigDispatcherServletInitializer done


Dynamic libraries:
0x00007ff683c60000 - 0x00007ff683c97000 	C:\Program Files\Java\jdk1.8.0_72\bin\java.exe
0x00007ffa25650000 - 0x00007ffa25845000 	C:\WINDOWS\SYSTEM32\ntdll.dll
0x00007ffa24a80000 - 0x00007ffa24b3e000 	C:\WINDOWS\System32\KERNEL32.DLL
0x00007ffa23250000 - 0x00007ffa23518000 	C:\WINDOWS\System32\KERNELBASE.dll
0x00007ffa24c60000 - 0x00007ffa24d0e000 	C:\WINDOWS\System32\ADVAPI32.dll
0x00007ffa23800000 - 0x00007ffa2389e000 	C:\WINDOWS\System32\msvcrt.dll
0x00007ffa236e0000 - 0x00007ffa2377c000 	C:\WINDOWS\System32\sechost.dll
0x00007ffa238c0000 - 0x00007ffa239e5000 	C:\WINDOWS\System32\RPCRT4.dll
0x00007ffa248b0000 - 0x00007ffa24a50000 	C:\WINDOWS\System32\USER32.dll
0x00007ffa23180000 - 0x00007ffa231a2000 	C:\WINDOWS\System32\win32u.dll
0x00007ffa236b0000 - 0x00007ffa236db000 	C:\WINDOWS\System32\GDI32.dll
0x00007ffa23520000 - 0x00007ffa2362d000 	C:\WINDOWS\System32\gdi32full.dll
0x00007ffa231b0000 - 0x00007ffa2324d000 	C:\WINDOWS\System32\msvcp_win.dll
0x00007ffa22e20000 - 0x00007ffa22f20000 	C:\WINDOWS\System32\ucrtbase.dll
0x00007ffa06810000 - 0x00007ffa06aaa000 	C:\WINDOWS\WinSxS\amd64_microsoft.windows.common-controls_6595b64144ccf1df_6.0.19041.1110_none_60b5254171f9507e\COMCTL32.dll
0x00007ffa24a50000 - 0x00007ffa24a80000 	C:\WINDOWS\System32\IMM32.DLL
0x0000000076440000 - 0x0000000076512000 	C:\Program Files\Java\jdk1.8.0_72\jre\bin\msvcr100.dll
0x0000000075bb0000 - 0x0000000076440000 	C:\Program Files\Java\jdk1.8.0_72\jre\bin\server\jvm.dll
0x00007ffa236a0000 - 0x00007ffa236a8000 	C:\WINDOWS\System32\PSAPI.DLL
0x00007ffa11190000 - 0x00007ffa1119a000 	C:\WINDOWS\SYSTEM32\VERSION.dll
0x00007ffa08090000 - 0x00007ffa080b7000 	C:\WINDOWS\SYSTEM32\WINMM.dll
0x00007ffa18a70000 - 0x00007ffa18a79000 	C:\WINDOWS\SYSTEM32\WSOCK32.dll
0x00007ffa254b0000 - 0x00007ffa2551b000 	C:\WINDOWS\System32\WS2_32.dll
0x00000000771e0000 - 0x00000000771ef000 	C:\Program Files\Java\jdk1.8.0_72\jre\bin\verify.dll
0x0000000076bb0000 - 0x0000000076bd9000 	C:\Program Files\Java\jdk1.8.0_72\jre\bin\java.dll
0x0000000075b80000 - 0x0000000075ba3000 	C:\Program Files\Java\jdk1.8.0_72\jre\bin\instrument.dll
0x0000000075b60000 - 0x0000000075b76000 	C:\Program Files\Java\jdk1.8.0_72\jre\bin\zip.dll
0x00007ffa24160000 - 0x00007ffa248a4000 	C:\WINDOWS\System32\SHELL32.dll
0x00007ffa20a90000 - 0x00007ffa21224000 	C:\WINDOWS\SYSTEM32\windows.storage.dll
0x00007ffa239f0000 - 0x00007ffa23d45000 	C:\WINDOWS\System32\combase.dll
0x00007ffa227b0000 - 0x00007ffa227de000 	C:\WINDOWS\SYSTEM32\Wldp.dll
0x00007ffa24bb0000 - 0x00007ffa24c5d000 	C:\WINDOWS\System32\SHCORE.dll
0x00007ffa24d10000 - 0x00007ffa24d65000 	C:\WINDOWS\System32\shlwapi.dll
0x00007ffa22ca0000 - 0x00007ffa22cbf000 	C:\WINDOWS\SYSTEM32\profapi.dll
0x00007ffa169f0000 - 0x00007ffa16a0a000 	D:\IntelliJ IDEA 2020.3.3\bin\breakgen64.dll
0x0000000075b40000 - 0x0000000075b5a000 	C:\Program Files\Java\jdk1.8.0_72\jre\bin\net.dll
0x00007ffa22510000 - 0x00007ffa2257a000 	C:\WINDOWS\system32\mswsock.dll
0x00007ffa22710000 - 0x00007ffa22728000 	C:\WINDOWS\SYSTEM32\CRYPTSP.dll
0x00007ffa21e20000 - 0x00007ffa21e54000 	C:\WINDOWS\system32\rsaenh.dll
0x00007ffa22d60000 - 0x00007ffa22d87000 	C:\WINDOWS\System32\bcrypt.dll
0x00007ffa22c20000 - 0x00007ffa22c4e000 	C:\WINDOWS\SYSTEM32\USERENV.dll
0x00007ffa22d90000 - 0x00007ffa22e12000 	C:\WINDOWS\System32\bcryptprimitives.dll
0x00007ffa22700000 - 0x00007ffa2270c000 	C:\WINDOWS\SYSTEM32\CRYPTBASE.dll
0x00007ffa221b0000 - 0x00007ffa221eb000 	C:\WINDOWS\SYSTEM32\IPHLPAPI.DLL
0x00007ffa24ba0000 - 0x00007ffa24ba8000 	C:\WINDOWS\System32\NSI.dll
0x00007ffa11410000 - 0x00007ffa11427000 	C:\WINDOWS\SYSTEM32\dhcpcsvc6.DLL
0x00007ffa113f0000 - 0x00007ffa1140d000 	C:\WINDOWS\SYSTEM32\dhcpcsvc.DLL
0x00007ffa22200000 - 0x00007ffa222cb000 	C:\WINDOWS\SYSTEM32\DNSAPI.dll
0x0000000075b20000 - 0x0000000075b31000 	C:\Program Files\Java\jdk1.8.0_72\jre\bin\nio.dll
0x00007ffa1f7f0000 - 0x00007ffa1f7fa000 	C:\Users\hp\AppData\Local\Temp\jansi-1.17.1-6096030822947636959.dll
0x00007ffa1f7c0000 - 0x00007ffa1f7ca000 	C:\Users\hp\AppData\Local\Temp\jansi-1.17.1-413452274303882177.dll
0x0000000075b10000 - 0x0000000075b1d000 	C:\Program Files\Java\jdk1.8.0_72\jre\bin\management.dll

VM Arguments:
jvm_args: -Dmaven.multiModuleProjectDirectory=D:\itripbackend\itripbiz -Dmaven.home=D:\Maven\apache-maven-3.6.3 -Dclassworlds.conf=D:\Maven\apache-maven-3.6.3\bin\m2.conf -Dmaven.ext.class.path=D:\IntelliJ IDEA 2020.3.3\plugins\maven\lib\maven-event-listener.jar -javaagent:D:\IntelliJ IDEA 2020.3.3\lib\idea_rt.jar=1413:D:\IntelliJ IDEA 2020.3.3\bin -Dfile.encoding=UTF-8 
java_command: org.codehaus.classworlds.Launcher -Didea.version=2020.3.3 -s D:\Maven\apache-maven-3.6.3\conf\settings.xml -Dmaven.repo.local=D:\Maven\maven-data tomcat7:run
java_class_path (initial): D:\Maven\apache-maven-3.6.3\boot\plexus-classworlds-2.6.0.jar;D:\Maven\apache-maven-3.6.3\boot\plexus-classworlds.license;D:\IntelliJ IDEA 2020.3.3\lib\idea_rt.jar
Launcher Type: SUN_STANDARD

Environment Variables:
JAVA_HOME=C:\Program Files\Java\jdk1.8.0_72
PATH=D:\VM16\bin\;D:\xshell\;C:\ProgramData\Oracle\Java\javapath;C:\windows\system32;C:\windows;C:\windows\System32\Wbem;C:\windows\System32\WindowsPowerShell\v1.0\;C:\windows\System32\OpenSSH\;C:\Program Files (x86)\NVIDIA Corporation\PhysX\Common;C:\Program Files\NVIDIA Corporation\NVIDIA NvDLISR;C:\Program Files\Java\jdk1.8.0_72\bin;C:\Program Files\Java\jdk1.8.0_72\jre\bin;C:\Program Files\Microsoft\Web Platform Installer\;C:\Program Files (x86)\Microsoft ASP.NET\ASP.NET Web Pages\v1.0\;C:\Program Files (x86)\Windows Kits\8.0\Windows Performance Toolkit\;C:\Program Files\Microsoft SQL Server\110\Tools\Binn\;C:\Program Files (x86)\Microsoft SQL Server\100\Tools\Binn\;C:\Program Files\Microsoft SQL Server\100\Tools\Binn\;C:\Program Files\Microsoft SQL Server\100\DTS\Binn\;C:\Program Files (x86)\Microsoft SQL Server\100\Tools\Binn\VSShell\Common7\IDE\;C:\Program Files (x86)\Microsoft Visual Studio 9.0\Common7\IDE\PrivateAssemblies\;C:\Program Files (x86)\Microsoft SQL Server\100\DTS\Binn\;C:\Program Files\MySQL\MySQL Server 5.7\bin;C:\WINDOWS\system32;C:\WINDOWS;C:\WINDOWS\System32\Wbem;C:\WINDOWS\System32\WindowsPowerShell\v1.0\;C:\WINDOWS\System32\OpenSSH\;D:\Maven\apache-maven-3.6.3\bin;D:\svn\bin;C:\Users\hp\AppData\Local\Microsoft\WindowsApps;;D:\IntelliJ IDEA 2020.3.3\bin;
USERNAME=hp
OS=Windows_NT
PROCESSOR_IDENTIFIER=Intel64 Family 6 Model 165 Stepping 2, GenuineIntel



---------------  S Y S T E M  ---------------

OS: Windows 10.0 , 64 bit Build 19041 (10.0.19041.1503)

CPU:total 8 (4 cores per cpu, 2 threads per core) family 6 model 165 stepping 2, cmov, cx8, fxsr, mmx, sse, sse2, sse3, ssse3, sse4.1, sse4.2, popcnt, avx, avx2, aes, clmul, erms, 3dnowpref, lzcnt, ht, tsc, tscinvbit, bmi1, bmi2, adx

Memory: 4k page, physical 8154792k(406732k free), swap 14446248k(5428k free)

vm_info: Java HotSpot(TM) 64-Bit Server VM (25.72-b15) for windows-amd64 JRE (1.8.0_72-b15), built on Dec 22 2015 19:16:16 by "java_re" with MS VC++ 10.0 (VS2010)

time: Thu Mar 10 15:48:19 2022
elapsed time: 5 seconds (0d 0h 0m 5s)

