#
# There is insufficient memory for the Java Runtime Environment to continue.
# Native memory allocation (malloc) failed to allocate 524304 bytes for Chunk::new
# Possible reasons:
#   The system is out of physical RAM or swap space
#   In 32 bit mode, the process size limit was hit
# Possible solutions:
#   Reduce memory load on the system
#   Increase physical memory or swap space
#   Check if swap backing store is full
#   Use 64 bit Java on a 64 bit OS
#   Decrease Java heap size (-Xmx/-Xms)
#   Decrease number of Java threads
#   Decrease Java thread stack sizes (-Xss)
#   Set larger code cache with -XX:ReservedCodeCacheSize=
# This output file may be truncated or incomplete.
#
#  Out of Memory Error (allocation.cpp:390), pid=1944, tid=16092
#
# JRE version: Java(TM) SE Runtime Environment (8.0_72-b15) (build 1.8.0_72-b15)
# Java VM: Java HotSpot(TM) 64-Bit Server VM (25.72-b15 mixed mode windows-amd64 compressed oops)
# Failed to write core dump. Minidumps are not enabled by default on client versions of Windows
#

---------------  T H R E A D  ---------------

Current thread (0x000000001a3df000):  JavaThread "C2 CompilerThread1" daemon [_thread_in_native, id=16092, stack(0x000000001ac90000,0x000000001ad90000)]

Stack: [0x000000001ac90000,0x000000001ad90000]
[error occurred during error reporting (printing stack bounds), id 0xc0000005]

Native frames: (J=compiled Java code, j=interpreted, Vv=VM code, C=native code)


Current CompileTask:
C2:   8774 4814       4       org.apache.catalina.startup.ContextConfig::populateJavaClassCache (79 bytes)


---------------  P R O C E S S  ---------------

Java Threads: ( => current thread )
  0x00000000232d1800 JavaThread "http-bio-8081-AsyncTimeout" daemon [_thread_blocked, id=12948, stack(0x0000000029120000,0x0000000029220000)]
  0x0000000028113000 JavaThread "http-bio-8081-Acceptor-0" daemon [_thread_in_native, id=8816, stack(0x0000000029020000,0x0000000029120000)]
  0x00000000204dc800 JavaThread "ContainerBackgroundProcessor[StandardEngine[Tomcat]]" daemon [_thread_blocked, id=10048, stack(0x0000000028f20000,0x0000000029020000)]
  0x0000000021592800 JavaThread "Abandoned connection cleanup thread" daemon [_thread_blocked, id=7236, stack(0x0000000023850000,0x0000000023950000)]
  0x0000000021639800 JavaThread "Thread-3" daemon [_thread_in_native, id=19528, stack(0x000000001f5e0000,0x000000001f6e0000)]
  0x000000001fd28800 JavaThread "localhost-startStop-1" daemon [_thread_blocked, id=14452, stack(0x0000000020fa0000,0x00000000210a0000)]
  0x000000001fc8c000 JavaThread "Tomcat-startStop-1" daemon [_thread_blocked, id=14516, stack(0x000000001f1f0000,0x000000001f2f0000)]
  0x000000001a48b800 JavaThread "Service Thread" daemon [_thread_blocked, id=19236, stack(0x000000001af90000,0x000000001b090000)]
  0x000000001a3fc800 JavaThread "C1 CompilerThread3" daemon [_thread_blocked, id=21648, stack(0x000000001ae90000,0x000000001af90000)]
  0x000000001a3e7000 JavaThread "C2 CompilerThread2" daemon [_thread_in_native, id=11060, stack(0x000000001ad90000,0x000000001ae90000)]
=>0x000000001a3df000 JavaThread "C2 CompilerThread1" daemon [_thread_in_native, id=16092, stack(0x000000001ac90000,0x000000001ad90000)]
  0x000000001a3d8800 JavaThread "C2 CompilerThread0" daemon [_thread_in_native, id=16752, stack(0x000000001ab90000,0x000000001ac90000)]
  0x000000001a3d6000 JavaThread "Monitor Ctrl-Break" daemon [_thread_in_native, id=4136, stack(0x000000001aa90000,0x000000001ab90000)]
  0x000000001a3ad000 JavaThread "Attach Listener" daemon [_thread_blocked, id=15720, stack(0x000000001a980000,0x000000001aa80000)]
  0x000000001a3ac000 JavaThread "Signal Dispatcher" daemon [_thread_blocked, id=7492, stack(0x000000001a880000,0x000000001a980000)]
  0x000000001a340800 JavaThread "Finalizer" daemon [_thread_blocked, id=17656, stack(0x000000001a720000,0x000000001a820000)]
  0x000000001843d000 JavaThread "Reference Handler" daemon [_thread_blocked, id=9976, stack(0x000000001a220000,0x000000001a320000)]
  0x000000000337e800 JavaThread "main" [_thread_blocked, id=10060, stack(0x0000000003270000,0x0000000003370000)]

Other Threads:
  0x0000000018439800 VMThread [stack: 0x000000001a120000,0x000000001a220000] [id=19464]
  0x000000001a4aa000 WatcherThread [stack: 0x000000001b090000,0x000000001b190000] [id=2288]

VM state:not at safepoint (normal execution)

VM Mutex/Monitor currently owned by a thread: None

Heap:
 PSYoungGen      total 229376K, used 99574K [0x00000000d6800000, 0x00000000ed300000, 0x0000000100000000)
  eden space 204800K, 48% used [0x00000000d6800000,0x00000000dc93dad8,0x00000000e3000000)
  from space 24576K, 0% used [0x00000000e3000000,0x00000000e3000000,0x00000000e4800000)
  to   space 36352K, 0% used [0x00000000eaf80000,0x00000000eaf80000,0x00000000ed300000)
 ParOldGen       total 62976K, used 40181K [0x0000000083800000, 0x0000000087580000, 0x00000000d6800000)
  object space 62976K, 63% used [0x0000000083800000,0x0000000085f3d720,0x0000000087580000)
 Metaspace       used 45054K, capacity 45864K, committed 46208K, reserved 1089536K
  class space    used 5424K, capacity 5677K, committed 5760K, reserved 1048576K

Card table byte_map: [0x0000000012990000,0x0000000012d80000] byte_map_base: 0x0000000012574000

Marking Bits: (ParMarkBitMap*) 0x00000000763c0600
 Begin Bits: [0x0000000013820000, 0x0000000015740000)
 End Bits:   [0x0000000015740000, 0x0000000017660000)

Polling page: 0x0000000002eb0000

CodeCache: size=245760Kb used=17551Kb max_used=17605Kb free=228208Kb
 bounds [0x00000000035d0000, 0x0000000004720000, 0x00000000125d0000]
 total_blobs=6167 nmethods=5674 adapters=403
 compilation: enabled

Compilation events (10 events):
Event: 7.700 Thread 0x000000001a3fc800 6528       2       java.util.logging.LogManager$LoggerContext::ensureDefaultLogger (70 bytes)
Event: 7.701 Thread 0x000000001a3fc800 nmethod 6528 0x00000000047105d0 code [0x0000000004710760, 0x00000000047109c8]
Event: 7.707 Thread 0x000000001a3fc800 6529       1       java.util.concurrent.locks.ReentrantReadWriteLock::writeLock (5 bytes)
Event: 7.707 Thread 0x000000001a3fc800 nmethod 6529 0x0000000004710b50 code [0x0000000004710ca0, 0x0000000004710db0]
Event: 7.707 Thread 0x000000001a3fc800 6530       1       org.apache.catalina.LifecycleState::getLifecycleEvent (5 bytes)
Event: 7.708 Thread 0x000000001a3fc800 nmethod 6530 0x0000000004710e10 code [0x0000000004710f60, 0x0000000004711070]
Event: 7.711 Thread 0x000000001a3fc800 6531       2       java.util.concurrent.locks.ReentrantReadWriteLock$Sync::exclusiveCount (5 bytes)
Event: 7.711 Thread 0x000000001a3fc800 nmethod 6531 0x00000000047110d0 code [0x0000000004711220, 0x0000000004711350]
Event: 7.711 Thread 0x000000001a3fc800 6532       2       java.util.EventObject::<init> (24 bytes)
Event: 7.711 Thread 0x000000001a3fc800 nmethod 6532 0x000000000370c790 code [0x000000000370c900, 0x000000000370cb08]

GC Heap History (10 events):
Event: 4.831 GC heap before
{Heap before GC invocations=9 (full 1):
 PSYoungGen      total 141824K, used 141809K [0x00000000d6800000, 0x00000000e5800000, 0x0000000100000000)
  eden space 131072K, 100% used [0x00000000d6800000,0x00000000de800000,0x00000000de800000)
  from space 10752K, 99% used [0x00000000de800000,0x00000000df27c5d0,0x00000000df280000)
  to   space 16384K, 0% used [0x00000000e4800000,0x00000000e4800000,0x00000000e5800000)
 ParOldGen       total 62976K, used 22167K [0x0000000083800000, 0x0000000087580000, 0x00000000d6800000)
  object space 62976K, 35% used [0x0000000083800000,0x0000000084da5c90,0x0000000087580000)
 Metaspace       used 29653K, capacity 30282K, committed 30592K, reserved 1077248K
  class space    used 3482K, capacity 3679K, committed 3712K, reserved 1048576K
Event: 4.871 GC heap after
Heap after GC invocations=9 (full 1):
 PSYoungGen      total 221184K, used 16376K [0x00000000d6800000, 0x00000000e7680000, 0x0000000100000000)
  eden space 204800K, 0% used [0x00000000d6800000,0x00000000d6800000,0x00000000e3000000)
  from space 16384K, 99% used [0x00000000e4800000,0x00000000e57fe120,0x00000000e5800000)
  to   space 24576K, 0% used [0x00000000e3000000,0x00000000e3000000,0x00000000e4800000)
 ParOldGen       total 62976K, used 35454K [0x0000000083800000, 0x0000000087580000, 0x00000000d6800000)
  object space 62976K, 56% used [0x0000000083800000,0x0000000085a9fbb8,0x0000000087580000)
 Metaspace       used 29653K, capacity 30282K, committed 30592K, reserved 1077248K
  class space    used 3482K, capacity 3679K, committed 3712K, reserved 1048576K
}
Event: 5.426 GC heap before
{Heap before GC invocations=10 (full 1):
 PSYoungGen      total 221184K, used 221176K [0x00000000d6800000, 0x00000000e7680000, 0x0000000100000000)
  eden space 204800K, 100% used [0x00000000d6800000,0x00000000e3000000,0x00000000e3000000)
  from space 16384K, 99% used [0x00000000e4800000,0x00000000e57fe120,0x00000000e5800000)
  to   space 24576K, 0% used [0x00000000e3000000,0x00000000e3000000,0x00000000e4800000)
 ParOldGen       total 62976K, used 35454K [0x0000000083800000, 0x0000000087580000, 0x00000000d6800000)
  object space 62976K, 56% used [0x0000000083800000,0x0000000085a9fbb8,0x0000000087580000)
 Metaspace       used 29686K, capacity 30296K, committed 30592K, reserved 1077248K
  class space    used 3486K, capacity 3681K, committed 3712K, reserved 1048576K
Event: 5.461 GC heap after
Heap after GC invocations=10 (full 1):
 PSYoungGen      total 229376K, used 24563K [0x00000000d6800000, 0x00000000ed300000, 0x0000000100000000)
  eden space 204800K, 0% used [0x00000000d6800000,0x00000000d6800000,0x00000000e3000000)
  from space 24576K, 99% used [0x00000000e3000000,0x00000000e47fce80,0x00000000e4800000)
  to   space 36352K, 0% used [0x00000000eaf80000,0x00000000eaf80000,0x00000000ed300000)
 ParOldGen       total 62976K, used 55028K [0x0000000083800000, 0x0000000087580000, 0x00000000d6800000)
  object space 62976K, 87% used [0x0000000083800000,0x0000000086dbd038,0x0000000087580000)
 Metaspace       used 29686K, capacity 30296K, committed 30592K, reserved 1077248K
  class space    used 3486K, capacity 3681K, committed 3712K, reserved 1048576K
}
Event: 5.461 GC heap before
{Heap before GC invocations=11 (full 2):
 PSYoungGen      total 229376K, used 24563K [0x00000000d6800000, 0x00000000ed300000, 0x0000000100000000)
  eden space 204800K, 0% used [0x00000000d6800000,0x00000000d6800000,0x00000000e3000000)
  from space 24576K, 99% used [0x00000000e3000000,0x00000000e47fce80,0x00000000e4800000)
  to   space 36352K, 0% used [0x00000000eaf80000,0x00000000eaf80000,0x00000000ed300000)
 ParOldGen       total 62976K, used 55028K [0x0000000083800000, 0x0000000087580000, 0x00000000d6800000)
  object space 62976K, 87% used [0x0000000083800000,0x0000000086dbd038,0x0000000087580000)
 Metaspace       used 29686K, capacity 30296K, committed 30592K, reserved 1077248K
  class space    used 3486K, capacity 3681K, committed 3712K, reserved 1048576K
Event: 5.521 GC heap after
Heap after GC invocations=11 (full 2):
 PSYoungGen      total 229376K, used 0K [0x00000000d6800000, 0x00000000ed300000, 0x0000000100000000)
  eden space 204800K, 0% used [0x00000000d6800000,0x00000000d6800000,0x00000000e3000000)
  from space 24576K, 0% used [0x00000000e3000000,0x00000000e3000000,0x00000000e4800000)
  to   space 36352K, 0% used [0x00000000eaf80000,0x00000000eaf80000,0x00000000ed300000)
 ParOldGen       total 62976K, used 56943K [0x0000000083800000, 0x0000000087580000, 0x00000000d6800000)
  object space 62976K, 90% used [0x0000000083800000,0x0000000086f9bdf8,0x0000000087580000)
 Metaspace       used 29686K, capacity 30296K, committed 30592K, reserved 1077248K
  class space    used 3486K, capacity 3681K, committed 3712K, reserved 1048576K
}
Event: 5.938 GC heap before
{Heap before GC invocations=12 (full 3):
 PSYoungGen      total 229376K, used 204800K [0x00000000d6800000, 0x00000000ed300000, 0x0000000100000000)
  eden space 204800K, 100% used [0x00000000d6800000,0x00000000e3000000,0x00000000e3000000)
  from space 24576K, 0% used [0x00000000e3000000,0x00000000e3000000,0x00000000e4800000)
  to   space 36352K, 0% used [0x00000000eaf80000,0x00000000eaf80000,0x00000000ed300000)
 ParOldGen       total 62976K, used 56943K [0x0000000083800000, 0x0000000087580000, 0x00000000d6800000)
  object space 62976K, 90% used [0x0000000083800000,0x0000000086f9bdf8,0x0000000087580000)
 Metaspace       used 29730K, capacity 30360K, committed 30592K, reserved 1077248K
  class space    used 3490K, capacity 3681K, committed 3712K, reserved 1048576K
Event: 6.075 GC heap after
Heap after GC invocations=12 (full 3):
 PSYoungGen      total 229376K, used 0K [0x00000000d6800000, 0x00000000ed300000, 0x0000000100000000)
  eden space 204800K, 0% used [0x00000000d6800000,0x00000000d6800000,0x00000000e3000000)
  from space 24576K, 0% used [0x00000000e3000000,0x00000000e3000000,0x00000000e4800000)
  to   space 36352K, 0% used [0x00000000eaf80000,0x00000000eaf80000,0x00000000ed300000)
 ParOldGen       total 62976K, used 52983K [0x0000000083800000, 0x0000000087580000, 0x00000000d6800000)
  object space 62976K, 84% used [0x0000000083800000,0x0000000086bbde48,0x0000000087580000)
 Metaspace       used 29730K, capacity 30360K, committed 30592K, reserved 1077248K
  class space    used 3490K, capacity 3681K, committed 3712K, reserved 1048576K
}
Event: 7.061 GC heap before
{Heap before GC invocations=13 (full 4):
 PSYoungGen      total 229376K, used 204800K [0x00000000d6800000, 0x00000000ed300000, 0x0000000100000000)
  eden space 204800K, 100% used [0x00000000d6800000,0x00000000e3000000,0x00000000e3000000)
  from space 24576K, 0% used [0x00000000e3000000,0x00000000e3000000,0x00000000e4800000)
  to   space 36352K, 0% used [0x00000000eaf80000,0x00000000eaf80000,0x00000000ed300000)
 ParOldGen       total 62976K, used 52983K [0x0000000083800000, 0x0000000087580000, 0x00000000d6800000)
  object space 62976K, 84% used [0x0000000083800000,0x0000000086bbde48,0x0000000087580000)
 Metaspace       used 40845K, capacity 41546K, committed 41984K, reserved 1085440K
  class space    used 4854K, capacity 5052K, committed 5120K, reserved 1048576K
Event: 7.125 GC heap after
Heap after GC invocations=13 (full 4):
 PSYoungGen      total 229376K, used 0K [0x00000000d6800000, 0x00000000ed300000, 0x0000000100000000)
  eden space 204800K, 0% used [0x00000000d6800000,0x00000000d6800000,0x00000000e3000000)
  from space 24576K, 0% used [0x00000000e3000000,0x00000000e3000000,0x00000000e4800000)
  to   space 36352K, 0% used [0x00000000eaf80000,0x00000000eaf80000,0x00000000ed300000)
 ParOldGen       total 62976K, used 40181K [0x0000000083800000, 0x0000000087580000, 0x00000000d6800000)
  object space 62976K, 63% used [0x0000000083800000,0x0000000085f3d720,0x0000000087580000)
 Metaspace       used 40845K, capacity 41546K, committed 41984K, reserved 1085440K
  class space    used 4854K, capacity 5052K, committed 5120K, reserved 1048576K
}

Deoptimization events (10 events):
Event: 7.303 Thread 0x000000001fd28800 Uncommon trap: reason=class_check action=maybe_recompile pc=0x0000000003d46280 method=java.util.Collections$UnmodifiableMap$UnmodifiableEntrySet$UnmodifiableEntry.getKey()Ljava/lang/Object; @ 4
Event: 7.332 Thread 0x000000001fd28800 Uncommon trap: reason=class_check action=maybe_recompile pc=0x0000000003edc7e4 method=java.util.Collections$UnmodifiableMap$UnmodifiableEntrySet$UnmodifiableEntry.<init>(Ljava/util/Map$Entry;)V @ 9
Event: 7.332 Thread 0x000000001fd28800 Uncommon trap: reason=class_check action=maybe_recompile pc=0x0000000003d46280 method=java.util.Collections$UnmodifiableMap$UnmodifiableEntrySet$UnmodifiableEntry.getKey()Ljava/lang/Object; @ 4
Event: 7.332 Thread 0x000000001fd28800 Uncommon trap: reason=class_check action=maybe_recompile pc=0x0000000003edc7e4 method=java.util.Collections$UnmodifiableMap$UnmodifiableEntrySet$UnmodifiableEntry.<init>(Ljava/util/Map$Entry;)V @ 9
Event: 7.332 Thread 0x000000001fd28800 Uncommon trap: reason=class_check action=maybe_recompile pc=0x0000000003d46280 method=java.util.Collections$UnmodifiableMap$UnmodifiableEntrySet$UnmodifiableEntry.getKey()Ljava/lang/Object; @ 4
Event: 7.333 Thread 0x000000001fd28800 Uncommon trap: reason=class_check action=maybe_recompile pc=0x0000000003edc7e4 method=java.util.Collections$UnmodifiableMap$UnmodifiableEntrySet$UnmodifiableEntry.<init>(Ljava/util/Map$Entry;)V @ 9
Event: 7.333 Thread 0x000000001fd28800 Uncommon trap: reason=class_check action=maybe_recompile pc=0x0000000003d46280 method=java.util.Collections$UnmodifiableMap$UnmodifiableEntrySet$UnmodifiableEntry.getKey()Ljava/lang/Object; @ 4
Event: 7.389 Thread 0x000000001fd28800 Uncommon trap: reason=unstable_if action=reinterpret pc=0x000000000403681c method=java.util.HashMap.putMapEntries(Ljava/util/Map;Z)V @ 53
Event: 7.537 Thread 0x000000001fd28800 Uncommon trap: reason=unstable_if action=reinterpret pc=0x00000000042039a4 method=java.util.WeakHashMap.eq(Ljava/lang/Object;Ljava/lang/Object;)Z @ 10
Event: 7.705 Thread 0x000000001fd28800 Uncommon trap: reason=unstable_if action=reinterpret pc=0x000000000442ef54 method=java.io.WinNTFileSystem.normalize(Ljava/lang/String;II)Ljava/lang/String; @ 155

Internal exceptions (10 events):
Event: 7.682 Thread 0x000000001fd28800 Exception <a 'java/lang/ClassNotFoundException': org/springframework/web/servlet/theme/FixedThemeResolverCustomizer> (0x00000000dbad0638) thrown at [C:\re\workspace\8-2-build-windows-amd64-cygwin\jdk8u72\5732\hotspot\src\share\vm\classfile\systemDictionaryÉßZª@
Event: 7.683 Thread 0x000000001fd28800 Exception <a 'java/lang/ClassNotFoundException': org/springframework/web/servlet/ThemeResolverCustomizer> (0x00000000dbaf5a68) thrown at [C:\re\workspace\8-2-build-windows-amd64-cygwin\jdk8u72\5732\hotspot\src\share\vm\classfile\systemDictionary.cpp, line ÅíßQÌ¿@
Event: 7.688 Thread 0x000000001fd28800 Exception <a 'java/lang/ClassNotFoundException': org/springframework/web/servlet/view/DefaultRequestToViewNameTranslatorBeanInfo> (0x00000000dbb76a58) thrown at [C:\re\workspace\8-2-build-windows-amd64-cygwin\jdk8u72\5732\hotspot\src\share\vm\classfile\sysªVåd¡@
Event: 7.689 Thread 0x000000001fd28800 Exception <a 'java/lang/ClassNotFoundException': org/springframework/web/servlet/view/DefaultRequestToViewNameTranslatorCustomizer> (0x00000000dbba0678) thrown at [C:\re\workspace\8-2-build-windows-amd64-cygwin\jdk8u72\5732\hotspot\src\share\vm\classfile\s>îh…„¡@
Event: 7.689 Thread 0x000000001fd28800 Exception <a 'java/lang/ClassNotFoundException': org/springframework/web/servlet/RequestToViewNameTranslatorCustomizer> (0x00000000dbbd8a90) thrown at [C:\re\workspace\8-2-build-windows-amd64-cygwin\jdk8u72\5732\hotspot\src\share\vm\classfile\systemDiction÷Xîãƒ@
Event: 7.692 Thread 0x000000001fd28800 Exception <a 'java/lang/ClassNotFoundException': org/springframework/web/servlet/support/SessionFlashMapManagerBeanInfo> (0x00000000dbc30628) thrown at [C:\re\workspace\8-2-build-windows-amd64-cygwin\jdk8u72\5732\hotspot\src\share\vm\classfile\systemDictio◊`+≤Áƒ@
Event: 7.692 Thread 0x000000001fd28800 Exception <a 'java/lang/ClassNotFoundException': org/springframework/web/servlet/support/AbstractFlashMapManagerBeanInfo> (0x00000000dbc58180) thrown at [C:\re\workspace\8-2-build-windows-amd64-cygwin\jdk8u72\5732\hotspot\src\share\vm\classfile\systemDicti1lÉ…C≈@
Event: 7.693 Thread 0x000000001fd28800 Exception <a 'java/lang/ClassNotFoundException': org/springframework/web/servlet/support/AbstractFlashMapManagerCustomizer> (0x00000000dbc7ffc8) thrown at [C:\re\workspace\8-2-build-windows-amd64-cygwin\jdk8u72\5732\hotspot\src\share\vm\classfile\systemDicS ≥≥Ë≈@
Event: 7.693 Thread 0x000000001fd28800 Exception <a 'java/lang/ClassNotFoundException': org/springframework/web/servlet/support/SessionFlashMapManagerCustomizer> (0x00000000dbcaf2b8) thrown at [C:\re\workspace\8-2-build-windows-amd64-cygwin\jdk8u72\5732\hotspot\src\share\vm\classfile\systemDictg¿Ω{∆@
Event: 7.694 Thread 0x000000001fd28800 Exception <a 'java/lang/ClassNotFoundException': org/springframework/web/servlet/FlashMapManagerCustomizer> (0x00000000dbcd47d8) thrown at [C:\re\workspace\8-2-build-windows-amd64-cygwin\jdk8u72\5732\hotspot\src\share\vm\classfile\systemDictionary.cpp, lin

Events (10 events):
Event: 7.711 loading class org/apache/tomcat/maven/common/run/EmbeddedRegistry$1
Event: 7.711 loading class org/apache/tomcat/maven/common/run/EmbeddedRegistry$1 done
Event: 7.711 Thread 0x000000001a3fc800 flushing nmethod 0x00000000037ed7d0
Event: 7.711 Thread 0x000000001a3fc800 flushing nmethod 0x0000000003806c90
Event: 7.712 Thread 0x000000001a3fc800 flushing nmethod 0x0000000003811e90
Event: 7.712 Thread 0x000000001a3fc800 flushing nmethod 0x0000000003812250
Event: 7.712 Thread 0x000000001a3fc800 flushing nmethod 0x0000000003815450
Event: 7.712 Thread 0x000000001a3fc800 flushing nmethod 0x000000000386ff10
Event: 8.719 loading class java/util/concurrent/ConcurrentLinkedQueue$Itr
Event: 8.719 loading class java/util/concurrent/ConcurrentLinkedQueue$Itr done


Dynamic libraries:
0x00007ff683c60000 - 0x00007ff683c97000 	C:\Program Files\Java\jdk1.8.0_72\bin\java.exe
0x00007ffa25650000 - 0x00007ffa25845000 	C:\WINDOWS\SYSTEM32\ntdll.dll
0x00007ffa24a80000 - 0x00007ffa24b3e000 	C:\WINDOWS\System32\KERNEL32.DLL
0x00007ffa23250000 - 0x00007ffa23518000 	C:\WINDOWS\System32\KERNELBASE.dll
0x00007ffa24c60000 - 0x00007ffa24d0e000 	C:\WINDOWS\System32\ADVAPI32.dll
0x00007ffa23800000 - 0x00007ffa2389e000 	C:\WINDOWS\System32\msvcrt.dll
0x00007ffa236e0000 - 0x00007ffa2377c000 	C:\WINDOWS\System32\sechost.dll
0x00007ffa238c0000 - 0x00007ffa239e5000 	C:\WINDOWS\System32\RPCRT4.dll
0x00007ffa248b0000 - 0x00007ffa24a50000 	C:\WINDOWS\System32\USER32.dll
0x00007ffa23180000 - 0x00007ffa231a2000 	C:\WINDOWS\System32\win32u.dll
0x00007ffa236b0000 - 0x00007ffa236db000 	C:\WINDOWS\System32\GDI32.dll
0x00007ffa23520000 - 0x00007ffa2362d000 	C:\WINDOWS\System32\gdi32full.dll
0x00007ffa231b0000 - 0x00007ffa2324d000 	C:\WINDOWS\System32\msvcp_win.dll
0x00007ffa22e20000 - 0x00007ffa22f20000 	C:\WINDOWS\System32\ucrtbase.dll
0x00007ffa06810000 - 0x00007ffa06aaa000 	C:\WINDOWS\WinSxS\amd64_microsoft.windows.common-controls_6595b64144ccf1df_6.0.19041.1110_none_60b5254171f9507e\COMCTL32.dll
0x00007ffa24a50000 - 0x00007ffa24a80000 	C:\WINDOWS\System32\IMM32.DLL
0x0000000076440000 - 0x0000000076512000 	C:\Program Files\Java\jdk1.8.0_72\jre\bin\msvcr100.dll
0x0000000075bb0000 - 0x0000000076440000 	C:\Program Files\Java\jdk1.8.0_72\jre\bin\server\jvm.dll
0x00007ffa236a0000 - 0x00007ffa236a8000 	C:\WINDOWS\System32\PSAPI.DLL
0x00007ffa08090000 - 0x00007ffa080b7000 	C:\WINDOWS\SYSTEM32\WINMM.dll
0x00007ffa18a70000 - 0x00007ffa18a79000 	C:\WINDOWS\SYSTEM32\WSOCK32.dll
0x00007ffa11190000 - 0x00007ffa1119a000 	C:\WINDOWS\SYSTEM32\VERSION.dll
0x00007ffa254b0000 - 0x00007ffa2551b000 	C:\WINDOWS\System32\WS2_32.dll
0x00000000771e0000 - 0x00000000771ef000 	C:\Program Files\Java\jdk1.8.0_72\jre\bin\verify.dll
0x0000000076bb0000 - 0x0000000076bd9000 	C:\Program Files\Java\jdk1.8.0_72\jre\bin\java.dll
0x0000000075b80000 - 0x0000000075ba3000 	C:\Program Files\Java\jdk1.8.0_72\jre\bin\instrument.dll
0x0000000075b60000 - 0x0000000075b76000 	C:\Program Files\Java\jdk1.8.0_72\jre\bin\zip.dll
0x00007ffa24160000 - 0x00007ffa248a4000 	C:\WINDOWS\System32\SHELL32.dll
0x00007ffa20a90000 - 0x00007ffa21224000 	C:\WINDOWS\SYSTEM32\windows.storage.dll
0x00007ffa239f0000 - 0x00007ffa23d45000 	C:\WINDOWS\System32\combase.dll
0x00007ffa227b0000 - 0x00007ffa227de000 	C:\WINDOWS\SYSTEM32\Wldp.dll
0x00007ffa24bb0000 - 0x00007ffa24c5d000 	C:\WINDOWS\System32\SHCORE.dll
0x00007ffa24d10000 - 0x00007ffa24d65000 	C:\WINDOWS\System32\shlwapi.dll
0x00007ffa22ca0000 - 0x00007ffa22cbf000 	C:\WINDOWS\SYSTEM32\profapi.dll
0x00007ffa18860000 - 0x00007ffa1887a000 	D:\IntelliJ IDEA 2020.3.3\bin\breakgen64.dll
0x0000000075b40000 - 0x0000000075b5a000 	C:\Program Files\Java\jdk1.8.0_72\jre\bin\net.dll
0x00007ffa22510000 - 0x00007ffa2257a000 	C:\WINDOWS\system32\mswsock.dll
0x00007ffa22710000 - 0x00007ffa22728000 	C:\WINDOWS\SYSTEM32\CRYPTSP.dll
0x00007ffa21e20000 - 0x00007ffa21e54000 	C:\WINDOWS\system32\rsaenh.dll
0x00007ffa22d60000 - 0x00007ffa22d87000 	C:\WINDOWS\System32\bcrypt.dll
0x00007ffa22c20000 - 0x00007ffa22c4e000 	C:\WINDOWS\SYSTEM32\USERENV.dll
0x00007ffa22d90000 - 0x00007ffa22e12000 	C:\WINDOWS\System32\bcryptprimitives.dll
0x00007ffa22700000 - 0x00007ffa2270c000 	C:\WINDOWS\SYSTEM32\CRYPTBASE.dll
0x00007ffa221b0000 - 0x00007ffa221eb000 	C:\WINDOWS\SYSTEM32\IPHLPAPI.DLL
0x00007ffa24ba0000 - 0x00007ffa24ba8000 	C:\WINDOWS\System32\NSI.dll
0x00007ffa11410000 - 0x00007ffa11427000 	C:\WINDOWS\SYSTEM32\dhcpcsvc6.DLL
0x00007ffa113f0000 - 0x00007ffa1140d000 	C:\WINDOWS\SYSTEM32\dhcpcsvc.DLL
0x00007ffa22200000 - 0x00007ffa222cb000 	C:\WINDOWS\SYSTEM32\DNSAPI.dll
0x0000000075b20000 - 0x0000000075b31000 	C:\Program Files\Java\jdk1.8.0_72\jre\bin\nio.dll
0x00007ffa1f7c0000 - 0x00007ffa1f7ca000 	C:\Users\hp\AppData\Local\Temp\jansi-1.17.1-3107360158999841609.dll
0x00007ffa18a80000 - 0x00007ffa18a8a000 	C:\Users\hp\AppData\Local\Temp\jansi-1.17.1-4855540660639356054.dll
0x0000000075b10000 - 0x0000000075b1d000 	C:\Program Files\Java\jdk1.8.0_72\jre\bin\management.dll

VM Arguments:
jvm_args: -Dmaven.multiModuleProjectDirectory=D:\itripbackend\itripauth -Dmaven.home=D:\Maven\apache-maven-3.6.3 -Dclassworlds.conf=D:\Maven\apache-maven-3.6.3\bin\m2.conf -Dmaven.ext.class.path=D:\IntelliJ IDEA 2020.3.3\plugins\maven\lib\maven-event-listener.jar -javaagent:D:\IntelliJ IDEA 2020.3.3\lib\idea_rt.jar=1170:D:\IntelliJ IDEA 2020.3.3\bin -Dfile.encoding=UTF-8 
java_command: org.codehaus.classworlds.Launcher -Didea.version=2020.3.3 -s D:\Maven\apache-maven-3.6.3\conf\settings.xml -Dmaven.repo.local=D:\Maven\maven-data tomcat7:run
java_class_path (initial): D:\Maven\apache-maven-3.6.3\boot\plexus-classworlds-2.6.0.jar;D:\Maven\apache-maven-3.6.3\boot\plexus-classworlds.license;D:\IntelliJ IDEA 2020.3.3\lib\idea_rt.jar
Launcher Type: SUN_STANDARD

Environment Variables:
JAVA_HOME=C:\Program Files\Java\jdk1.8.0_72
PATH=D:\VM16\bin\;D:\xshell\;C:\ProgramData\Oracle\Java\javapath;C:\windows\system32;C:\windows;C:\windows\System32\Wbem;C:\windows\System32\WindowsPowerShell\v1.0\;C:\windows\System32\OpenSSH\;C:\Program Files (x86)\NVIDIA Corporation\PhysX\Common;C:\Program Files\NVIDIA Corporation\NVIDIA NvDLISR;C:\Program Files\Java\jdk1.8.0_72\bin;C:\Program Files\Java\jdk1.8.0_72\jre\bin;C:\Program Files\Microsoft\Web Platform Installer\;C:\Program Files (x86)\Microsoft ASP.NET\ASP.NET Web Pages\v1.0\;C:\Program Files (x86)\Windows Kits\8.0\Windows Performance Toolkit\;C:\Program Files\Microsoft SQL Server\110\Tools\Binn\;C:\Program Files (x86)\Microsoft SQL Server\100\Tools\Binn\;C:\Program Files\Microsoft SQL Server\100\Tools\Binn\;C:\Program Files\Microsoft SQL Server\100\DTS\Binn\;C:\Program Files (x86)\Microsoft SQL Server\100\Tools\Binn\VSShell\Common7\IDE\;C:\Program Files (x86)\Microsoft Visual Studio 9.0\Common7\IDE\PrivateAssemblies\;C:\Program Files (x86)\Microsoft SQL Server\100\DTS\Binn\;C:\Program Files\MySQL\MySQL Server 5.7\bin;C:\WINDOWS\system32;C:\WINDOWS;C:\WINDOWS\System32\Wbem;C:\WINDOWS\System32\WindowsPowerShell\v1.0\;C:\WINDOWS\System32\OpenSSH\;D:\Maven\apache-maven-3.6.3\bin;D:\svn\bin;C:\Users\hp\AppData\Local\Microsoft\WindowsApps;;D:\IntelliJ IDEA 2020.3.3\bin;
USERNAME=hp
OS=Windows_NT
PROCESSOR_IDENTIFIER=Intel64 Family 6 Model 165 Stepping 2, GenuineIntel



---------------  S Y S T E M  ---------------

OS: Windows 10.0 , 64 bit Build 19041 (10.0.19041.1503)

CPU:total 8 (4 cores per cpu, 2 threads per core) family 6 model 165 stepping 2, cmov, cx8, fxsr, mmx, sse, sse2, sse3, ssse3, sse4.1, sse4.2, popcnt, avx, avx2, aes, clmul, erms, 3dnowpref, lzcnt, ht, tsc, tscinvbit, bmi1, bmi2, adx

Memory: 4k page, physical 8154792k(1430172k free), swap 14446248k(5184k free)

vm_info: Java HotSpot(TM) 64-Bit Server VM (25.72-b15) for windows-amd64 JRE (1.8.0_72-b15), built on Dec 22 2015 19:16:16 by "java_re" with MS VC++ 10.0 (VS2010)

time: Thu Mar 10 16:52:07 2022
elapsed time: 8 seconds (0d 0h 0m 8s)

